{"/home/wuanpack/Descargas/IPSS/II AÑO/III TRIMESTRE/DESARROLLO DE APLICACIONES MÓVILES/Unidad III/to-do-list-upgrade/to-do-list-ipss/backend/src/server.ts": {"path":"/home/wuanpack/Descargas/IPSS/II AÑO/III TRIMESTRE/DESARROLLO DE APLICACIONES MÓVILES/Unidad III/to-do-list-upgrade/to-do-list-ipss/backend/src/server.ts","statementMap":{"0":{"start":{"line":1,"column":0},"end":{"line":1,"column":23}},"1":{"start":{"line":2,"column":0},"end":{"line":2,"column":60}},"2":{"start":{"line":3,"column":0},"end":{"line":3,"column":28}},"3":{"start":{"line":4,"column":0},"end":{"line":4,"column":50}},"4":{"start":{"line":5,"column":0},"end":{"line":5,"column":62}},"5":{"start":{"line":6,"column":0},"end":{"line":6,"column":50}},"6":{"start":{"line":7,"column":0},"end":{"line":7,"column":43}},"7":{"start":{"line":8,"column":12},"end":{"line":8,"column":21}},"8":{"start":{"line":48,"column":9},"end":{"line":48,"column":12}},"9":{"start":{"line":9,"column":13},"end":{"line":9,"column":45}},"10":{"start":{"line":11,"column":0},"end":{"line":11,"column":24}},"11":{"start":{"line":13,"column":0},"end":{"line":15,"column":3}},"12":{"start":{"line":14,"column":2},"end":{"line":14,"column":34}},"13":{"start":{"line":16,"column":0},"end":{"line":16,"column":44}},"14":{"start":{"line":18,"column":0},"end":{"line":18,"column":33}},"15":{"start":{"line":19,"column":0},"end":{"line":19,"column":34}},"16":{"start":{"line":21,"column":0},"end":{"line":29,"column":3}},"17":{"start":{"line":22,"column":2},"end":{"line":28,"column":5}},"18":{"start":{"line":31,"column":42},"end":{"line":38,"column":1}},"19":{"start":{"line":32,"column":24},"end":{"line":32,"column":59}},"20":{"start":{"line":33,"column":21},"end":{"line":33,"column":94}},"21":{"start":{"line":34,"column":15},"end":{"line":34,"column":115}},"22":{"start":{"line":35,"column":18},"end":{"line":35,"column":161}},"23":{"start":{"line":37,"column":2},"end":{"line":37,"column":81}},"24":{"start":{"line":40,"column":0},"end":{"line":40,"column":22}},"25":{"start":{"line":42,"column":0},"end":{"line":46,"column":1}},"26":{"start":{"line":43,"column":2},"end":{"line":45,"column":5}},"27":{"start":{"line":44,"column":4},"end":{"line":44,"column":49}}},"fnMap":{"0":{"name":"(anonymous_1)","decl":{"start":{"line":13,"column":19},"end":{"line":13,"column":20}},"loc":{"start":{"line":13,"column":42},"end":{"line":15,"column":1}}},"1":{"name":"(anonymous_2)","decl":{"start":{"line":21,"column":8},"end":{"line":21,"column":9}},"loc":{"start":{"line":21,"column":31},"end":{"line":29,"column":1}}},"2":{"name":"(anonymous_3)","decl":{"start":{"line":31,"column":42},"end":{"line":31,"column":43}},"loc":{"start":{"line":31,"column":79},"end":{"line":38,"column":1}}},"3":{"name":"(anonymous_4)","decl":{"start":{"line":43,"column":19},"end":{"line":43,"column":22}},"loc":{"start":{"line":43,"column":24},"end":{"line":45,"column":3}}}},"branchMap":{"0":{"loc":{"start":{"line":9,"column":20},"end":{"line":9,"column":44}},"type":"binary-expr","locations":[{"start":{"line":9,"column":20},"end":{"line":9,"column":36}},{"start":{"line":9,"column":40},"end":{"line":9,"column":44}}]},"1":{"loc":{"start":{"line":33,"column":21},"end":{"line":33,"column":94}},"type":"cond-expr","locations":[{"start":{"line":33,"column":37},"end":{"line":33,"column":40}},{"start":{"line":33,"column":43},"end":{"line":33,"column":94}}]},"2":{"loc":{"start":{"line":33,"column":43},"end":{"line":33,"column":94}},"type":"cond-expr","locations":[{"start":{"line":33,"column":72},"end":{"line":33,"column":88}},{"start":{"line":33,"column":91},"end":{"line":33,"column":94}}]},"3":{"loc":{"start":{"line":34,"column":15},"end":{"line":34,"column":115}},"type":"cond-expr","locations":[{"start":{"line":34,"column":31},"end":{"line":34,"column":47}},{"start":{"line":34,"column":50},"end":{"line":34,"column":115}}]},"4":{"loc":{"start":{"line":34,"column":50},"end":{"line":34,"column":115}},"type":"cond-expr","locations":[{"start":{"line":34,"column":79},"end":{"line":34,"column":89}},{"start":{"line":34,"column":92},"end":{"line":34,"column":115}}]},"5":{"loc":{"start":{"line":35,"column":18},"end":{"line":35,"column":161}},"type":"cond-expr","locations":[{"start":{"line":35,"column":34},"end":{"line":35,"column":89}},{"start":{"line":35,"column":92},"end":{"line":35,"column":161}}]},"6":{"loc":{"start":{"line":35,"column":92},"end":{"line":35,"column":161}},"type":"cond-expr","locations":[{"start":{"line":35,"column":121},"end":{"line":35,"column":134}},{"start":{"line":35,"column":137},"end":{"line":35,"column":161}}]},"7":{"loc":{"start":{"line":42,"column":0},"end":{"line":46,"column":1}},"type":"if","locations":[{"start":{"line":42,"column":0},"end":{"line":46,"column":1}},{"start":{},"end":{}}]}},"s":{"0":4,"1":4,"2":4,"3":4,"4":4,"5":4,"6":4,"7":4,"8":4,"9":4,"10":4,"11":4,"12":1,"13":4,"14":4,"15":4,"16":4,"17":1,"18":4,"19":37,"20":37,"21":37,"22":37,"23":37,"24":4,"25":4,"26":0,"27":0},"f":{"0":1,"1":1,"2":37,"3":0},"b":{"0":[4,0],"1":[1,36],"2":[35,1],"3":[1,36],"4":[35,1],"5":[1,36],"6":[35,1],"7":[0,4]}}
,"/home/wuanpack/Descargas/IPSS/II AÑO/III TRIMESTRE/DESARROLLO DE APLICACIONES MÓVILES/Unidad III/to-do-list-upgrade/to-do-list-ipss/backend/src/config/prisma.ts": {"path":"/home/wuanpack/Descargas/IPSS/II AÑO/III TRIMESTRE/DESARROLLO DE APLICACIONES MÓVILES/Unidad III/to-do-list-upgrade/to-do-list-ipss/backend/src/config/prisma.ts","statementMap":{"0":{"start":{"line":1,"column":0},"end":{"line":1,"column":46}},"1":{"start":{"line":3,"column":13},"end":{"line":3,"column":41}}},"fnMap":{},"branchMap":{},"s":{"0":1,"1":1},"f":{},"b":{}}
,"/home/wuanpack/Descargas/IPSS/II AÑO/III TRIMESTRE/DESARROLLO DE APLICACIONES MÓVILES/Unidad III/to-do-list-upgrade/to-do-list-ipss/backend/src/controllers/attachment.controller.ts": {"path":"/home/wuanpack/Descargas/IPSS/II AÑO/III TRIMESTRE/DESARROLLO DE APLICACIONES MÓVILES/Unidad III/to-do-list-upgrade/to-do-list-ipss/backend/src/controllers/attachment.controller.ts","statementMap":{"0":{"start":{"line":2,"column":0},"end":{"line":2,"column":68}},"1":{"start":{"line":3,"column":0},"end":{"line":3,"column":44}},"2":{"start":{"line":5,"column":23},"end":{"line":10,"column":1}},"3":{"start":{"line":6,"column":2},"end":{"line":6,"column":44}},"4":{"start":{"line":6,"column":27},"end":{"line":6,"column":44}},"5":{"start":{"line":7,"column":14},"end":{"line":7,"column":26}},"6":{"start":{"line":8,"column":2},"end":{"line":8,"column":141}},"7":{"start":{"line":8,"column":32},"end":{"line":8,"column":141}},"8":{"start":{"line":9,"column":2},"end":{"line":9,"column":13}},"9":{"start":{"line":12,"column":43},"end":{"line":22,"column":1}},"10":{"start":{"line":13,"column":2},"end":{"line":21,"column":34}},"11":{"start":{"line":14,"column":4},"end":{"line":14,"column":98}},"12":{"start":{"line":14,"column":23},"end":{"line":14,"column":98}},"13":{"start":{"line":15,"column":4},"end":{"line":20,"column":7}},"14":{"start":{"line":21,"column":20},"end":{"line":21,"column":32}},"15":{"start":{"line":12,"column":13},"end":{"line":12,"column":43}},"16":{"start":{"line":24,"column":42},"end":{"line":26,"column":1}},"17":{"start":{"line":25,"column":2},"end":{"line":25,"column":136}},"18":{"start":{"line":25,"column":8},"end":{"line":25,"column":103}},"19":{"start":{"line":25,"column":122},"end":{"line":25,"column":134}},"20":{"start":{"line":24,"column":13},"end":{"line":24,"column":42}},"21":{"start":{"line":28,"column":43},"end":{"line":30,"column":1}},"22":{"start":{"line":29,"column":2},"end":{"line":29,"column":185}},"23":{"start":{"line":29,"column":8},"end":{"line":29,"column":123}},"24":{"start":{"line":29,"column":124},"end":{"line":29,"column":152}},"25":{"start":{"line":29,"column":171},"end":{"line":29,"column":183}},"26":{"start":{"line":28,"column":13},"end":{"line":28,"column":43}},"27":{"start":{"line":32,"column":43},"end":{"line":38,"column":1}},"28":{"start":{"line":33,"column":2},"end":{"line":37,"column":34}},"29":{"start":{"line":34,"column":4},"end":{"line":34,"column":98}},"30":{"start":{"line":34,"column":23},"end":{"line":34,"column":98}},"31":{"start":{"line":35,"column":25},"end":{"line":35,"column":69}},"32":{"start":{"line":36,"column":4},"end":{"line":36,"column":136}},"33":{"start":{"line":37,"column":20},"end":{"line":37,"column":32}},"34":{"start":{"line":32,"column":13},"end":{"line":32,"column":43}},"35":{"start":{"line":40,"column":42},"end":{"line":42,"column":1}},"36":{"start":{"line":41,"column":2},"end":{"line":41,"column":136}},"37":{"start":{"line":41,"column":8},"end":{"line":41,"column":103}},"38":{"start":{"line":41,"column":122},"end":{"line":41,"column":134}},"39":{"start":{"line":40,"column":13},"end":{"line":40,"column":42}},"40":{"start":{"line":44,"column":43},"end":{"line":46,"column":1}},"41":{"start":{"line":45,"column":2},"end":{"line":45,"column":185}},"42":{"start":{"line":45,"column":8},"end":{"line":45,"column":123}},"43":{"start":{"line":45,"column":124},"end":{"line":45,"column":152}},"44":{"start":{"line":45,"column":171},"end":{"line":45,"column":183}},"45":{"start":{"line":44,"column":13},"end":{"line":44,"column":43}},"46":{"start":{"line":47,"column":42},"end":{"line":49,"column":1}},"47":{"start":{"line":48,"column":2},"end":{"line":48,"column":173}},"48":{"start":{"line":48,"column":8},"end":{"line":48,"column":140}},"49":{"start":{"line":48,"column":159},"end":{"line":48,"column":171}},"50":{"start":{"line":47,"column":13},"end":{"line":47,"column":42}},"51":{"start":{"line":51,"column":42},"end":{"line":53,"column":1}},"52":{"start":{"line":52,"column":2},"end":{"line":52,"column":173}},"53":{"start":{"line":52,"column":8},"end":{"line":52,"column":140}},"54":{"start":{"line":52,"column":159},"end":{"line":52,"column":171}},"55":{"start":{"line":51,"column":13},"end":{"line":51,"column":42}}},"fnMap":{"0":{"name":"(anonymous_9)","decl":{"start":{"line":5,"column":23},"end":{"line":5,"column":24}},"loc":{"start":{"line":5,"column":53},"end":{"line":10,"column":1}}},"1":{"name":"(anonymous_10)","decl":{"start":{"line":12,"column":43},"end":{"line":12,"column":48}},"loc":{"start":{"line":12,"column":77},"end":{"line":22,"column":1}}},"2":{"name":"(anonymous_11)","decl":{"start":{"line":24,"column":42},"end":{"line":24,"column":47}},"loc":{"start":{"line":24,"column":76},"end":{"line":26,"column":1}}},"3":{"name":"(anonymous_12)","decl":{"start":{"line":28,"column":43},"end":{"line":28,"column":48}},"loc":{"start":{"line":28,"column":77},"end":{"line":30,"column":1}}},"4":{"name":"(anonymous_13)","decl":{"start":{"line":32,"column":43},"end":{"line":32,"column":48}},"loc":{"start":{"line":32,"column":77},"end":{"line":38,"column":1}}},"5":{"name":"(anonymous_14)","decl":{"start":{"line":40,"column":42},"end":{"line":40,"column":47}},"loc":{"start":{"line":40,"column":76},"end":{"line":42,"column":1}}},"6":{"name":"(anonymous_15)","decl":{"start":{"line":44,"column":43},"end":{"line":44,"column":48}},"loc":{"start":{"line":44,"column":77},"end":{"line":46,"column":1}}},"7":{"name":"(anonymous_16)","decl":{"start":{"line":47,"column":42},"end":{"line":47,"column":47}},"loc":{"start":{"line":47,"column":76},"end":{"line":49,"column":1}}},"8":{"name":"(anonymous_17)","decl":{"start":{"line":51,"column":42},"end":{"line":51,"column":47}},"loc":{"start":{"line":51,"column":76},"end":{"line":53,"column":1}}}},"branchMap":{"0":{"loc":{"start":{"line":6,"column":2},"end":{"line":6,"column":44}},"type":"if","locations":[{"start":{"line":6,"column":2},"end":{"line":6,"column":44}},{"start":{},"end":{}}]},"1":{"loc":{"start":{"line":8,"column":2},"end":{"line":8,"column":141}},"type":"if","locations":[{"start":{"line":8,"column":2},"end":{"line":8,"column":141}},{"start":{},"end":{}}]},"2":{"loc":{"start":{"line":8,"column":6},"end":{"line":8,"column":30}},"type":"binary-expr","locations":[{"start":{"line":8,"column":6},"end":{"line":8,"column":10}},{"start":{"line":8,"column":14},"end":{"line":8,"column":30}}]},"3":{"loc":{"start":{"line":14,"column":4},"end":{"line":14,"column":98}},"type":"if","locations":[{"start":{"line":14,"column":4},"end":{"line":14,"column":98}},{"start":{},"end":{}}]},"4":{"loc":{"start":{"line":34,"column":4},"end":{"line":34,"column":98}},"type":"if","locations":[{"start":{"line":34,"column":4},"end":{"line":34,"column":98}},{"start":{},"end":{}}]}},"s":{"0":4,"1":4,"2":4,"3":8,"4":3,"5":5,"6":5,"7":1,"8":4,"9":4,"10":8,"11":8,"12":0,"13":8,"14":5,"15":4,"16":4,"17":1,"18":1,"19":0,"20":4,"21":4,"22":2,"23":2,"24":1,"25":1,"26":4,"27":4,"28":3,"29":3,"30":1,"31":2,"32":2,"33":2,"34":4,"35":4,"36":2,"37":2,"38":1,"39":4,"40":4,"41":2,"42":2,"43":1,"44":1,"45":4,"46":4,"47":0,"48":0,"49":0,"50":4,"51":4,"52":0,"53":0,"54":0,"55":4},"f":{"0":8,"1":8,"2":1,"3":2,"4":3,"5":2,"6":2,"7":0,"8":0},"b":{"0":[3,5],"1":[1,4],"2":[5,4],"3":[0,8],"4":[1,2]}}
,"/home/wuanpack/Descargas/IPSS/II AÑO/III TRIMESTRE/DESARROLLO DE APLICACIONES MÓVILES/Unidad III/to-do-list-upgrade/to-do-list-ipss/backend/src/controllers/auth.controller.ts": {"path":"/home/wuanpack/Descargas/IPSS/II AÑO/III TRIMESTRE/DESARROLLO DE APLICACIONES MÓVILES/Unidad III/to-do-list-upgrade/to-do-list-ipss/backend/src/controllers/auth.controller.ts","statementMap":{"0":{"start":{"line":2,"column":0},"end":{"line":2,"column":56}},"1":{"start":{"line":4,"column":40},"end":{"line":6,"column":1}},"2":{"start":{"line":5,"column":2},"end":{"line":5,"column":109}},"3":{"start":{"line":5,"column":8},"end":{"line":5,"column":76}},"4":{"start":{"line":5,"column":95},"end":{"line":5,"column":107}},"5":{"start":{"line":4,"column":13},"end":{"line":4,"column":40}},"6":{"start":{"line":8,"column":37},"end":{"line":10,"column":1}},"7":{"start":{"line":9,"column":2},"end":{"line":9,"column":94}},"8":{"start":{"line":9,"column":8},"end":{"line":9,"column":61}},"9":{"start":{"line":9,"column":80},"end":{"line":9,"column":92}},"10":{"start":{"line":8,"column":13},"end":{"line":8,"column":37}},"11":{"start":{"line":12,"column":34},"end":{"line":14,"column":1}},"12":{"start":{"line":13,"column":2},"end":{"line":13,"column":93}},"13":{"start":{"line":13,"column":8},"end":{"line":13,"column":60}},"14":{"start":{"line":13,"column":79},"end":{"line":13,"column":91}},"15":{"start":{"line":12,"column":13},"end":{"line":12,"column":34}},"16":{"start":{"line":16,"column":38},"end":{"line":18,"column":1}},"17":{"start":{"line":17,"column":2},"end":{"line":17,"column":30}},"18":{"start":{"line":16,"column":13},"end":{"line":16,"column":38}}},"fnMap":{"0":{"name":"(anonymous_9)","decl":{"start":{"line":4,"column":40},"end":{"line":4,"column":45}},"loc":{"start":{"line":4,"column":74},"end":{"line":6,"column":1}}},"1":{"name":"(anonymous_10)","decl":{"start":{"line":8,"column":37},"end":{"line":8,"column":42}},"loc":{"start":{"line":8,"column":71},"end":{"line":10,"column":1}}},"2":{"name":"(anonymous_11)","decl":{"start":{"line":12,"column":34},"end":{"line":12,"column":39}},"loc":{"start":{"line":12,"column":68},"end":{"line":14,"column":1}}},"3":{"name":"(anonymous_12)","decl":{"start":{"line":16,"column":38},"end":{"line":16,"column":39}},"loc":{"start":{"line":16,"column":61},"end":{"line":18,"column":1}}}},"branchMap":{},"s":{"0":4,"1":4,"2":2,"3":2,"4":1,"5":4,"6":4,"7":2,"8":2,"9":1,"10":4,"11":4,"12":1,"13":1,"14":0,"15":4,"16":4,"17":0,"18":4},"f":{"0":2,"1":2,"2":1,"3":0},"b":{}}
,"/home/wuanpack/Descargas/IPSS/II AÑO/III TRIMESTRE/DESARROLLO DE APLICACIONES MÓVILES/Unidad III/to-do-list-upgrade/to-do-list-ipss/backend/src/controllers/task.controller.ts": {"path":"/home/wuanpack/Descargas/IPSS/II AÑO/III TRIMESTRE/DESARROLLO DE APLICACIONES MÓVILES/Unidad III/to-do-list-upgrade/to-do-list-ipss/backend/src/controllers/task.controller.ts","statementMap":{"0":{"start":{"line":2,"column":0},"end":{"line":2,"column":56}},"1":{"start":{"line":4,"column":0},"end":{"line":4,"column":44}},"2":{"start":{"line":6,"column":23},"end":{"line":11,"column":1}},"3":{"start":{"line":7,"column":2},"end":{"line":7,"column":44}},"4":{"start":{"line":7,"column":27},"end":{"line":7,"column":44}},"5":{"start":{"line":8,"column":14},"end":{"line":8,"column":26}},"6":{"start":{"line":9,"column":2},"end":{"line":9,"column":141}},"7":{"start":{"line":9,"column":32},"end":{"line":9,"column":141}},"8":{"start":{"line":10,"column":2},"end":{"line":10,"column":13}},"9":{"start":{"line":13,"column":24},"end":{"line":20,"column":1}},"10":{"start":{"line":14,"column":2},"end":{"line":14,"column":44}},"11":{"start":{"line":14,"column":27},"end":{"line":14,"column":44}},"12":{"start":{"line":15,"column":16},"end":{"line":15,"column":51}},"13":{"start":{"line":16,"column":2},"end":{"line":16,"column":117}},"14":{"start":{"line":16,"column":14},"end":{"line":16,"column":117}},"15":{"start":{"line":17,"column":17},"end":{"line":17,"column":33}},"16":{"start":{"line":18,"column":2},"end":{"line":18,"column":140}},"17":{"start":{"line":18,"column":37},"end":{"line":18,"column":140}},"18":{"start":{"line":19,"column":2},"end":{"line":19,"column":16}},"19":{"start":{"line":22,"column":42},"end":{"line":27,"column":1}},"20":{"start":{"line":23,"column":2},"end":{"line":26,"column":34}},"21":{"start":{"line":24,"column":18},"end":{"line":24,"column":57}},"22":{"start":{"line":25,"column":4},"end":{"line":25,"column":131}},"23":{"start":{"line":26,"column":20},"end":{"line":26,"column":32}},"24":{"start":{"line":22,"column":13},"end":{"line":22,"column":42}},"25":{"start":{"line":29,"column":41},"end":{"line":34,"column":1}},"26":{"start":{"line":30,"column":2},"end":{"line":33,"column":34}},"27":{"start":{"line":31,"column":26},"end":{"line":31,"column":74}},"28":{"start":{"line":32,"column":4},"end":{"line":32,"column":74}},"29":{"start":{"line":33,"column":20},"end":{"line":33,"column":32}},"30":{"start":{"line":29,"column":13},"end":{"line":29,"column":41}},"31":{"start":{"line":36,"column":39},"end":{"line":38,"column":1}},"32":{"start":{"line":37,"column":2},"end":{"line":37,"column":127}},"33":{"start":{"line":37,"column":8},"end":{"line":37,"column":94}},"34":{"start":{"line":37,"column":113},"end":{"line":37,"column":125}},"35":{"start":{"line":36,"column":13},"end":{"line":36,"column":39}},"36":{"start":{"line":40,"column":42},"end":{"line":51,"column":1}},"37":{"start":{"line":41,"column":2},"end":{"line":50,"column":34}},"38":{"start":{"line":42,"column":18},"end":{"line":42,"column":57}},"39":{"start":{"line":43,"column":4},"end":{"line":49,"column":7}},"40":{"start":{"line":50,"column":20},"end":{"line":50,"column":32}},"41":{"start":{"line":40,"column":13},"end":{"line":40,"column":42}},"42":{"start":{"line":53,"column":42},"end":{"line":63,"column":1}},"43":{"start":{"line":54,"column":2},"end":{"line":62,"column":34}},"44":{"start":{"line":55,"column":4},"end":{"line":60,"column":6}},"45":{"start":{"line":61,"column":4},"end":{"line":61,"column":32}},"46":{"start":{"line":62,"column":20},"end":{"line":62,"column":32}},"47":{"start":{"line":53,"column":13},"end":{"line":53,"column":42}}},"fnMap":{"0":{"name":"(anonymous_9)","decl":{"start":{"line":6,"column":23},"end":{"line":6,"column":24}},"loc":{"start":{"line":6,"column":53},"end":{"line":11,"column":1}}},"1":{"name":"(anonymous_10)","decl":{"start":{"line":13,"column":24},"end":{"line":13,"column":25}},"loc":{"start":{"line":13,"column":54},"end":{"line":20,"column":1}}},"2":{"name":"(anonymous_11)","decl":{"start":{"line":22,"column":42},"end":{"line":22,"column":47}},"loc":{"start":{"line":22,"column":76},"end":{"line":27,"column":1}}},"3":{"name":"(anonymous_12)","decl":{"start":{"line":29,"column":41},"end":{"line":29,"column":46}},"loc":{"start":{"line":29,"column":75},"end":{"line":34,"column":1}}},"4":{"name":"(anonymous_13)","decl":{"start":{"line":36,"column":39},"end":{"line":36,"column":44}},"loc":{"start":{"line":36,"column":73},"end":{"line":38,"column":1}}},"5":{"name":"(anonymous_14)","decl":{"start":{"line":40,"column":42},"end":{"line":40,"column":47}},"loc":{"start":{"line":40,"column":76},"end":{"line":51,"column":1}}},"6":{"name":"(anonymous_15)","decl":{"start":{"line":53,"column":42},"end":{"line":53,"column":47}},"loc":{"start":{"line":53,"column":76},"end":{"line":63,"column":1}}}},"branchMap":{"0":{"loc":{"start":{"line":7,"column":2},"end":{"line":7,"column":44}},"type":"if","locations":[{"start":{"line":7,"column":2},"end":{"line":7,"column":44}},{"start":{},"end":{}}]},"1":{"loc":{"start":{"line":9,"column":2},"end":{"line":9,"column":141}},"type":"if","locations":[{"start":{"line":9,"column":2},"end":{"line":9,"column":141}},{"start":{},"end":{}}]},"2":{"loc":{"start":{"line":9,"column":6},"end":{"line":9,"column":30}},"type":"binary-expr","locations":[{"start":{"line":9,"column":6},"end":{"line":9,"column":10}},{"start":{"line":9,"column":14},"end":{"line":9,"column":30}}]},"3":{"loc":{"start":{"line":14,"column":2},"end":{"line":14,"column":44}},"type":"if","locations":[{"start":{"line":14,"column":2},"end":{"line":14,"column":44}},{"start":{},"end":{}}]},"4":{"loc":{"start":{"line":16,"column":2},"end":{"line":16,"column":117}},"type":"if","locations":[{"start":{"line":16,"column":2},"end":{"line":16,"column":117}},{"start":{},"end":{}}]},"5":{"loc":{"start":{"line":18,"column":2},"end":{"line":18,"column":140}},"type":"if","locations":[{"start":{"line":18,"column":2},"end":{"line":18,"column":140}},{"start":{},"end":{}}]}},"s":{"0":4,"1":4,"2":4,"3":16,"4":10,"5":6,"6":6,"7":0,"8":6,"9":4,"10":10,"11":8,"12":2,"13":2,"14":0,"15":2,"16":2,"17":0,"18":2,"19":4,"20":6,"21":6,"22":6,"23":1,"24":4,"25":4,"26":1,"27":1,"28":1,"29":0,"30":4,"31":4,"32":3,"33":3,"34":2,"35":4,"36":4,"37":6,"38":6,"39":6,"40":3,"41":4,"42":4,"43":4,"44":4,"45":3,"46":1,"47":4},"f":{"0":16,"1":10,"2":6,"3":1,"4":3,"5":6,"6":4},"b":{"0":[10,6],"1":[0,6],"2":[6,6],"3":[8,2],"4":[0,2],"5":[0,2]}}
,"/home/wuanpack/Descargas/IPSS/II AÑO/III TRIMESTRE/DESARROLLO DE APLICACIONES MÓVILES/Unidad III/to-do-list-upgrade/to-do-list-ipss/backend/src/middleware/auth.ts": {"path":"/home/wuanpack/Descargas/IPSS/II AÑO/III TRIMESTRE/DESARROLLO DE APLICACIONES MÓVILES/Unidad III/to-do-list-upgrade/to-do-list-ipss/backend/src/middleware/auth.ts","statementMap":{"0":{"start":{"line":2,"column":0},"end":{"line":2,"column":44}},"1":{"start":{"line":3,"column":0},"end":{"line":3,"column":44}},"2":{"start":{"line":5,"column":43},"end":{"line":18,"column":1}},"3":{"start":{"line":6,"column":17},"end":{"line":6,"column":46}},"4":{"start":{"line":7,"column":2},"end":{"line":10,"column":3}},"5":{"start":{"line":8,"column":4},"end":{"line":8,"column":73}},"6":{"start":{"line":9,"column":4},"end":{"line":9,"column":11}},"7":{"start":{"line":12,"column":2},"end":{"line":17,"column":3}},"8":{"start":{"line":13,"column":4},"end":{"line":13,"column":50}},"9":{"start":{"line":14,"column":4},"end":{"line":14,"column":11}},"10":{"start":{"line":16,"column":4},"end":{"line":16,"column":74}},"11":{"start":{"line":5,"column":13},"end":{"line":5,"column":43}}},"fnMap":{"0":{"name":"(anonymous_0)","decl":{"start":{"line":5,"column":43},"end":{"line":5,"column":44}},"loc":{"start":{"line":5,"column":72},"end":{"line":18,"column":1}}}},"branchMap":{"0":{"loc":{"start":{"line":7,"column":2},"end":{"line":10,"column":3}},"type":"if","locations":[{"start":{"line":7,"column":2},"end":{"line":10,"column":3}},{"start":{},"end":{}}]}},"s":{"0":4,"1":4,"2":4,"3":56,"4":56,"5":4,"6":4,"7":52,"8":52,"9":49,"10":3,"11":4},"f":{"0":56},"b":{"0":[4,52]}}
,"/home/wuanpack/Descargas/IPSS/II AÑO/III TRIMESTRE/DESARROLLO DE APLICACIONES MÓVILES/Unidad III/to-do-list-upgrade/to-do-list-ipss/backend/src/middleware/validate.ts": {"path":"/home/wuanpack/Descargas/IPSS/II AÑO/III TRIMESTRE/DESARROLLO DE APLICACIONES MÓVILES/Unidad III/to-do-list-upgrade/to-do-list-ipss/backend/src/middleware/validate.ts","statementMap":{"0":{"start":{"line":3,"column":0},"end":{"line":3,"column":44}},"1":{"start":{"line":5,"column":24},"end":{"line":15,"column":1}},"2":{"start":{"line":6,"column":2},"end":{"line":14,"column":4}},"3":{"start":{"line":7,"column":19},"end":{"line":7,"column":52}},"4":{"start":{"line":8,"column":4},"end":{"line":11,"column":5}},"5":{"start":{"line":9,"column":6},"end":{"line":9,"column":106}},"6":{"start":{"line":10,"column":6},"end":{"line":10,"column":13}},"7":{"start":{"line":12,"column":4},"end":{"line":12,"column":42}},"8":{"start":{"line":13,"column":4},"end":{"line":13,"column":11}},"9":{"start":{"line":5,"column":13},"end":{"line":5,"column":24}}},"fnMap":{"0":{"name":"(anonymous_0)","decl":{"start":{"line":5,"column":24},"end":{"line":5,"column":25}},"loc":{"start":{"line":5,"column":99},"end":{"line":15,"column":1}}},"1":{"name":"(anonymous_1)","decl":{"start":{"line":6,"column":9},"end":{"line":6,"column":10}},"loc":{"start":{"line":6,"column":37},"end":{"line":14,"column":3}}}},"branchMap":{"0":{"loc":{"start":{"line":8,"column":4},"end":{"line":11,"column":5}},"type":"if","locations":[{"start":{"line":8,"column":4},"end":{"line":11,"column":5}},{"start":{},"end":{}}]},"1":{"loc":{"start":{"line":9,"column":50},"end":{"line":9,"column":103}},"type":"binary-expr","locations":[{"start":{"line":9,"column":50},"end":{"line":9,"column":81}},{"start":{"line":9,"column":85},"end":{"line":9,"column":103}}]}},"s":{"0":4,"1":4,"2":68,"3":67,"4":67,"5":8,"6":8,"7":59,"8":59,"9":4},"f":{"0":68,"1":67},"b":{"0":[8,59],"1":[8,0]}}
,"/home/wuanpack/Descargas/IPSS/II AÑO/III TRIMESTRE/DESARROLLO DE APLICACIONES MÓVILES/Unidad III/to-do-list-upgrade/to-do-list-ipss/backend/src/routes/attachment.routes.ts": {"path":"/home/wuanpack/Descargas/IPSS/II AÑO/III TRIMESTRE/DESARROLLO DE APLICACIONES MÓVILES/Unidad III/to-do-list-upgrade/to-do-list-ipss/backend/src/routes/attachment.routes.ts","statementMap":{"0":{"start":{"line":1,"column":0},"end":{"line":1,"column":33}},"1":{"start":{"line":2,"column":0},"end":{"line":2,"column":28}},"2":{"start":{"line":3,"column":0},"end":{"line":3,"column":67}},"3":{"start":{"line":4,"column":0},"end":{"line":4,"column":49}},"4":{"start":{"line":5,"column":0},"end":{"line":5,"column":50}},"5":{"start":{"line":6,"column":0},"end":{"line":6,"column":168}},"6":{"start":{"line":7,"column":0},"end":{"line":7,"column":44}},"7":{"start":{"line":9,"column":19},"end":{"line":9,"column":69}},"8":{"start":{"line":10,"column":19},"end":{"line":10,"column":52}},"9":{"start":{"line":11,"column":20},"end":{"line":11,"column":303}},"10":{"start":{"line":11,"column":150},"end":{"line":11,"column":276}},"11":{"start":{"line":11,"column":188},"end":{"line":11,"column":266}},"12":{"start":{"line":11,"column":267},"end":{"line":11,"column":274}},"13":{"start":{"line":11,"column":277},"end":{"line":11,"column":298}},"14":{"start":{"line":12,"column":20},"end":{"line":12,"column":303}},"15":{"start":{"line":12,"column":150},"end":{"line":12,"column":276}},"16":{"start":{"line":12,"column":188},"end":{"line":12,"column":266}},"17":{"start":{"line":12,"column":267},"end":{"line":12,"column":274}},"18":{"start":{"line":12,"column":277},"end":{"line":12,"column":298}},"19":{"start":{"line":13,"column":15},"end":{"line":13,"column":44}},"20":{"start":{"line":23,"column":19},"end":{"line":23,"column":35}},"21":{"start":{"line":15,"column":0},"end":{"line":15,"column":132}},"22":{"start":{"line":16,"column":0},"end":{"line":16,"column":102}},"23":{"start":{"line":17,"column":0},"end":{"line":17,"column":110}},"24":{"start":{"line":18,"column":0},"end":{"line":18,"column":111}},"25":{"start":{"line":19,"column":0},"end":{"line":19,"column":111}},"26":{"start":{"line":20,"column":0},"end":{"line":20,"column":169}},"27":{"start":{"line":21,"column":0},"end":{"line":21,"column":102}},"28":{"start":{"line":22,"column":0},"end":{"line":22,"column":110}}},"fnMap":{"0":{"name":"(anonymous_10)","decl":{"start":{"line":11,"column":118},"end":{"line":11,"column":119}},"loc":{"start":{"line":11,"column":147},"end":{"line":11,"column":300}}},"1":{"name":"(anonymous_11)","decl":{"start":{"line":12,"column":118},"end":{"line":12,"column":119}},"loc":{"start":{"line":12,"column":147},"end":{"line":12,"column":300}}}},"branchMap":{"0":{"loc":{"start":{"line":11,"column":150},"end":{"line":11,"column":276}},"type":"if","locations":[{"start":{"line":11,"column":150},"end":{"line":11,"column":276}},{"start":{},"end":{}}]},"1":{"loc":{"start":{"line":12,"column":150},"end":{"line":12,"column":276}},"type":"if","locations":[{"start":{"line":12,"column":150},"end":{"line":12,"column":276}},{"start":{},"end":{}}]}},"s":{"0":4,"1":4,"2":4,"3":4,"4":4,"5":4,"6":4,"7":4,"8":4,"9":4,"10":9,"11":1,"12":1,"13":8,"14":4,"15":9,"16":1,"17":1,"18":8,"19":4,"20":4,"21":4,"22":4,"23":4,"24":4,"25":4,"26":4,"27":4,"28":4},"f":{"0":9,"1":9},"b":{"0":[1,8],"1":[1,8]}}
,"/home/wuanpack/Descargas/IPSS/II AÑO/III TRIMESTRE/DESARROLLO DE APLICACIONES MÓVILES/Unidad III/to-do-list-upgrade/to-do-list-ipss/backend/src/routes/auth.routes.ts": {"path":"/home/wuanpack/Descargas/IPSS/II AÑO/III TRIMESTRE/DESARROLLO DE APLICACIONES MÓVILES/Unidad III/to-do-list-upgrade/to-do-list-ipss/backend/src/routes/auth.routes.ts","statementMap":{"0":{"start":{"line":1,"column":0},"end":{"line":1,"column":33}},"1":{"start":{"line":2,"column":0},"end":{"line":2,"column":65}},"2":{"start":{"line":3,"column":0},"end":{"line":3,"column":49}},"3":{"start":{"line":4,"column":0},"end":{"line":4,"column":50}},"4":{"start":{"line":5,"column":0},"end":{"line":5,"column":70}},"5":{"start":{"line":7,"column":15},"end":{"line":7,"column":23}},"6":{"start":{"line":14,"column":19},"end":{"line":14,"column":29}},"7":{"start":{"line":9,"column":0},"end":{"line":9,"column":84}},"8":{"start":{"line":10,"column":0},"end":{"line":10,"column":75}},"9":{"start":{"line":11,"column":0},"end":{"line":11,"column":50}},"10":{"start":{"line":12,"column":0},"end":{"line":12,"column":59}}},"fnMap":{},"branchMap":{},"s":{"0":4,"1":4,"2":4,"3":4,"4":4,"5":4,"6":4,"7":4,"8":4,"9":4,"10":4},"f":{},"b":{}}
,"/home/wuanpack/Descargas/IPSS/II AÑO/III TRIMESTRE/DESARROLLO DE APLICACIONES MÓVILES/Unidad III/to-do-list-upgrade/to-do-list-ipss/backend/src/routes/task.routes.ts": {"path":"/home/wuanpack/Descargas/IPSS/II AÑO/III TRIMESTRE/DESARROLLO DE APLICACIONES MÓVILES/Unidad III/to-do-list-upgrade/to-do-list-ipss/backend/src/routes/task.routes.ts","statementMap":{"0":{"start":{"line":1,"column":0},"end":{"line":1,"column":33}},"1":{"start":{"line":2,"column":0},"end":{"line":2,"column":65}},"2":{"start":{"line":3,"column":0},"end":{"line":3,"column":49}},"3":{"start":{"line":4,"column":0},"end":{"line":4,"column":50}},"4":{"start":{"line":5,"column":0},"end":{"line":5,"column":108}},"5":{"start":{"line":7,"column":15},"end":{"line":7,"column":23}},"6":{"start":{"line":14,"column":19},"end":{"line":14,"column":29}},"7":{"start":{"line":8,"column":0},"end":{"line":8,"column":93}},"8":{"start":{"line":9,"column":0},"end":{"line":9,"column":91}},"9":{"start":{"line":10,"column":0},"end":{"line":10,"column":90}},"10":{"start":{"line":11,"column":0},"end":{"line":11,"column":131}},"11":{"start":{"line":12,"column":0},"end":{"line":12,"column":96}}},"fnMap":{},"branchMap":{},"s":{"0":4,"1":4,"2":4,"3":4,"4":4,"5":4,"6":4,"7":4,"8":4,"9":4,"10":4,"11":4},"f":{},"b":{}}
,"/home/wuanpack/Descargas/IPSS/II AÑO/III TRIMESTRE/DESARROLLO DE APLICACIONES MÓVILES/Unidad III/to-do-list-upgrade/to-do-list-ipss/backend/src/schemas/attachment.schemas.ts": {"path":"/home/wuanpack/Descargas/IPSS/II AÑO/III TRIMESTRE/DESARROLLO DE APLICACIONES MÓVILES/Unidad III/to-do-list-upgrade/to-do-list-ipss/backend/src/schemas/attachment.schemas.ts","statementMap":{"0":{"start":{"line":1,"column":0},"end":{"line":1,"column":24}},"1":{"start":{"line":3,"column":13},"end":{"line":3,"column":53}},"2":{"start":{"line":4,"column":13},"end":{"line":4,"column":47}},"3":{"start":{"line":5,"column":13},"end":{"line":5,"column":110}},"4":{"start":{"line":7,"column":13},"end":{"line":7,"column":74}},"5":{"start":{"line":8,"column":13},"end":{"line":8,"column":97}},"6":{"start":{"line":9,"column":13},"end":{"line":9,"column":97}},"7":{"start":{"line":10,"column":13},"end":{"line":12,"column":12}}},"fnMap":{},"branchMap":{},"s":{"0":4,"1":4,"2":4,"3":4,"4":4,"5":4,"6":4,"7":4},"f":{},"b":{}}
,"/home/wuanpack/Descargas/IPSS/II AÑO/III TRIMESTRE/DESARROLLO DE APLICACIONES MÓVILES/Unidad III/to-do-list-upgrade/to-do-list-ipss/backend/src/schemas/auth.schemas.ts": {"path":"/home/wuanpack/Descargas/IPSS/II AÑO/III TRIMESTRE/DESARROLLO DE APLICACIONES MÓVILES/Unidad III/to-do-list-upgrade/to-do-list-ipss/backend/src/schemas/auth.schemas.ts","statementMap":{"0":{"start":{"line":1,"column":0},"end":{"line":1,"column":24}},"1":{"start":{"line":3,"column":17},"end":{"line":3,"column":42}},"2":{"start":{"line":5,"column":13},"end":{"line":9,"column":12}},"3":{"start":{"line":7,"column":56},"end":{"line":7,"column":75}},"4":{"start":{"line":11,"column":13},"end":{"line":14,"column":12}},"5":{"start":{"line":12,"column":56},"end":{"line":12,"column":75}}},"fnMap":{"0":{"name":"(anonymous_0)","decl":{"start":{"line":7,"column":45},"end":{"line":7,"column":46}},"loc":{"start":{"line":7,"column":56},"end":{"line":7,"column":75}}},"1":{"name":"(anonymous_1)","decl":{"start":{"line":12,"column":45},"end":{"line":12,"column":46}},"loc":{"start":{"line":12,"column":56},"end":{"line":12,"column":75}}}},"branchMap":{},"s":{"0":4,"1":4,"2":4,"3":2,"4":4,"5":2},"f":{"0":2,"1":2},"b":{}}
,"/home/wuanpack/Descargas/IPSS/II AÑO/III TRIMESTRE/DESARROLLO DE APLICACIONES MÓVILES/Unidad III/to-do-list-upgrade/to-do-list-ipss/backend/src/schemas/task.schemas.ts": {"path":"/home/wuanpack/Descargas/IPSS/II AÑO/III TRIMESTRE/DESARROLLO DE APLICACIONES MÓVILES/Unidad III/to-do-list-upgrade/to-do-list-ipss/backend/src/schemas/task.schemas.ts","statementMap":{"0":{"start":{"line":1,"column":0},"end":{"line":1,"column":24}},"1":{"start":{"line":3,"column":13},"end":{"line":3,"column":48}},"2":{"start":{"line":5,"column":17},"end":{"line":5,"column":53}},"3":{"start":{"line":6,"column":18},"end":{"line":6,"column":56}},"4":{"start":{"line":7,"column":17},"end":{"line":7,"column":84}},"5":{"start":{"line":9,"column":25},"end":{"line":17,"column":11}},"6":{"start":{"line":19,"column":31},"end":{"line":23,"column":2}},"7":{"start":{"line":25,"column":23},"end":{"line":25,"column":98}},"8":{"start":{"line":28,"column":33},"end":{"line":41,"column":1}},"9":{"start":{"line":32,"column":27},"end":{"line":32,"column":63}},"10":{"start":{"line":33,"column":21},"end":{"line":33,"column":51}},"11":{"start":{"line":34,"column":2},"end":{"line":40,"column":3}},"12":{"start":{"line":35,"column":4},"end":{"line":39,"column":7}},"13":{"start":{"line":44,"column":31},"end":{"line":53,"column":1}},"14":{"start":{"line":45,"column":19},"end":{"line":45,"column":77}},"15":{"start":{"line":45,"column":50},"end":{"line":45,"column":76}},"16":{"start":{"line":46,"column":2},"end":{"line":46,"column":24}},"17":{"start":{"line":46,"column":17},"end":{"line":46,"column":24}},"18":{"start":{"line":48,"column":18},"end":{"line":48,"column":72}},"19":{"start":{"line":48,"column":50},"end":{"line":48,"column":71}},"20":{"start":{"line":49,"column":19},"end":{"line":49,"column":103}},"21":{"start":{"line":49,"column":51},"end":{"line":49,"column":102}},"22":{"start":{"line":50,"column":2},"end":{"line":52,"column":3}},"23":{"start":{"line":51,"column":4},"end":{"line":51,"column":146}},"24":{"start":{"line":54,"column":13},"end":{"line":57,"column":3}},"25":{"start":{"line":55,"column":2},"end":{"line":55,"column":41}},"26":{"start":{"line":56,"column":2},"end":{"line":56,"column":43}},"27":{"start":{"line":59,"column":13},"end":{"line":65,"column":3}},"28":{"start":{"line":60,"column":2},"end":{"line":63,"column":3}},"29":{"start":{"line":61,"column":4},"end":{"line":61,"column":85}},"30":{"start":{"line":62,"column":4},"end":{"line":62,"column":11}},"31":{"start":{"line":64,"column":2},"end":{"line":64,"column":41}},"32":{"start":{"line":67,"column":13},"end":{"line":69,"column":3}},"33":{"start":{"line":71,"column":13},"end":{"line":73,"column":17}},"34":{"start":{"line":72,"column":60},"end":{"line":72,"column":76}}},"fnMap":{"0":{"name":"(anonymous_0)","decl":{"start":{"line":28,"column":33},"end":{"line":28,"column":null}},"loc":{"start":{"line":31,"column":4},"end":{"line":41,"column":1}}},"1":{"name":"(anonymous_1)","decl":{"start":{"line":44,"column":31},"end":{"line":44,"column":32}},"loc":{"start":{"line":44,"column":126},"end":{"line":53,"column":1}}},"2":{"name":"(anonymous_2)","decl":{"start":{"line":45,"column":39},"end":{"line":45,"column":40}},"loc":{"start":{"line":45,"column":50},"end":{"line":45,"column":76}}},"3":{"name":"(anonymous_3)","decl":{"start":{"line":48,"column":39},"end":{"line":48,"column":40}},"loc":{"start":{"line":48,"column":50},"end":{"line":48,"column":71}}},"4":{"name":"(anonymous_4)","decl":{"start":{"line":49,"column":40},"end":{"line":49,"column":41}},"loc":{"start":{"line":49,"column":51},"end":{"line":49,"column":102}}},"5":{"name":"(anonymous_5)","decl":{"start":{"line":54,"column":67},"end":{"line":54,"column":68}},"loc":{"start":{"line":54,"column":86},"end":{"line":57,"column":1}}},"6":{"name":"(anonymous_6)","decl":{"start":{"line":59,"column":71},"end":{"line":59,"column":72}},"loc":{"start":{"line":59,"column":90},"end":{"line":65,"column":1}}},"7":{"name":"(anonymous_7)","decl":{"start":{"line":72,"column":49},"end":{"line":72,"column":50}},"loc":{"start":{"line":72,"column":60},"end":{"line":72,"column":76}}}},"branchMap":{"0":{"loc":{"start":{"line":34,"column":2},"end":{"line":40,"column":3}},"type":"if","locations":[{"start":{"line":34,"column":2},"end":{"line":40,"column":3}},{"start":{},"end":{}}]},"1":{"loc":{"start":{"line":37,"column":13},"end":{"line":37,"column":65}},"type":"cond-expr","locations":[{"start":{"line":37,"column":32},"end":{"line":37,"column":44}},{"start":{"line":37,"column":47},"end":{"line":37,"column":65}}]},"2":{"loc":{"start":{"line":46,"column":2},"end":{"line":46,"column":24}},"type":"if","locations":[{"start":{"line":46,"column":2},"end":{"line":46,"column":24}},{"start":{},"end":{}}]},"3":{"loc":{"start":{"line":49,"column":51},"end":{"line":49,"column":102}},"type":"binary-expr","locations":[{"start":{"line":49,"column":51},"end":{"line":49,"column":77}},{"start":{"line":49,"column":81},"end":{"line":49,"column":102}}]},"4":{"loc":{"start":{"line":50,"column":2},"end":{"line":52,"column":3}},"type":"if","locations":[{"start":{"line":50,"column":2},"end":{"line":52,"column":3}},{"start":{},"end":{}}]},"5":{"loc":{"start":{"line":50,"column":6},"end":{"line":50,"column":27}},"type":"binary-expr","locations":[{"start":{"line":50,"column":6},"end":{"line":50,"column":14}},{"start":{"line":50,"column":18},"end":{"line":50,"column":27}}]},"6":{"loc":{"start":{"line":60,"column":2},"end":{"line":63,"column":3}},"type":"if","locations":[{"start":{"line":60,"column":2},"end":{"line":63,"column":3}},{"start":{},"end":{}}]}},"s":{"0":5,"1":5,"2":5,"3":5,"4":5,"5":5,"6":5,"7":5,"8":5,"9":18,"10":18,"11":18,"12":0,"13":5,"14":26,"15":59,"16":26,"17":11,"18":15,"19":21,"20":15,"21":48,"22":15,"23":3,"24":5,"25":18,"26":18,"27":5,"28":8,"29":0,"30":0,"31":8,"32":5,"33":5,"34":0},"f":{"0":18,"1":26,"2":59,"3":21,"4":48,"5":18,"6":8,"7":0},"b":{"0":[0,18],"1":[0,0],"2":[11,15],"3":[48,45],"4":[3,12],"5":[15,13],"6":[0,8]}}
,"/home/wuanpack/Descargas/IPSS/II AÑO/III TRIMESTRE/DESARROLLO DE APLICACIONES MÓVILES/Unidad III/to-do-list-upgrade/to-do-list-ipss/backend/src/services/attachment.service.ts": {"path":"/home/wuanpack/Descargas/IPSS/II AÑO/III TRIMESTRE/DESARROLLO DE APLICACIONES MÓVILES/Unidad III/to-do-list-upgrade/to-do-list-ipss/backend/src/services/attachment.service.ts","statementMap":{"0":{"start":{"line":1,"column":0},"end":{"line":1,"column":41}},"1":{"start":{"line":2,"column":0},"end":{"line":2,"column":40}},"2":{"start":{"line":3,"column":0},"end":{"line":3,"column":42}},"3":{"start":{"line":4,"column":0},"end":{"line":4,"column":72}},"4":{"start":{"line":5,"column":0},"end":{"line":5,"column":44}},"5":{"start":{"line":7,"column":19},"end":{"line":10,"column":1}},"6":{"start":{"line":8,"column":15},"end":{"line":8,"column":77}},"7":{"start":{"line":9,"column":2},"end":{"line":9,"column":75}},"8":{"start":{"line":9,"column":13},"end":{"line":9,"column":75}},"9":{"start":{"line":12,"column":26},"end":{"line":12,"column":113}},"10":{"start":{"line":12,"column":46},"end":{"line":12,"column":113}},"11":{"start":{"line":13,"column":25},"end":{"line":14,"column":84}},"12":{"start":{"line":14,"column":2},"end":{"line":14,"column":84}},"13":{"start":{"line":15,"column":28},"end":{"line":16,"column":108}},"14":{"start":{"line":16,"column":2},"end":{"line":16,"column":108}},"15":{"start":{"line":18,"column":27},"end":{"line":78,"column":1}},"16":{"start":{"line":24,"column":2},"end":{"line":24,"column":35}},"17":{"start":{"line":25,"column":22},"end":{"line":25,"column":52}},"18":{"start":{"line":26,"column":2},"end":{"line":36,"column":3}},"19":{"start":{"line":27,"column":19},"end":{"line":27,"column":49}},"20":{"start":{"line":28,"column":4},"end":{"line":35,"column":5}},"21":{"start":{"line":29,"column":6},"end":{"line":31,"column":9}},"22":{"start":{"line":33,"column":6},"end":{"line":33,"column":35}},"23":{"start":{"line":34,"column":6},"end":{"line":34,"column":18}},"24":{"start":{"line":38,"column":16},"end":{"line":38,"column":63}},"25":{"start":{"line":39,"column":19},"end":{"line":39,"column":66}},"26":{"start":{"line":40,"column":2},"end":{"line":43,"column":3}},"27":{"start":{"line":41,"column":4},"end":{"line":41,"column":74}},"28":{"start":{"line":41,"column":46},"end":{"line":41,"column":74}},"29":{"start":{"line":42,"column":4},"end":{"line":42,"column":33}},"30":{"start":{"line":45,"column":17},"end":{"line":45,"column":47}},"31":{"start":{"line":46,"column":2},"end":{"line":77,"column":3}},"32":{"start":{"line":48,"column":19},"end":{"line":67,"column":6}},"33":{"start":{"line":49,"column":23},"end":{"line":49,"column":66}},"34":{"start":{"line":50,"column":6},"end":{"line":53,"column":7}},"35":{"start":{"line":51,"column":8},"end":{"line":51,"column":78}},"36":{"start":{"line":51,"column":50},"end":{"line":51,"column":78}},"37":{"start":{"line":52,"column":8},"end":{"line":52,"column":64}},"38":{"start":{"line":54,"column":20},"end":{"line":56,"column":8}},"39":{"start":{"line":57,"column":6},"end":{"line":65,"column":9}},"40":{"start":{"line":66,"column":6},"end":{"line":66,"column":40}},"41":{"start":{"line":68,"column":4},"end":{"line":68,"column":54}},"42":{"start":{"line":68,"column":25},"end":{"line":68,"column":54}},"43":{"start":{"line":69,"column":4},"end":{"line":69,"column":24}},"44":{"start":{"line":71,"column":4},"end":{"line":71,"column":33}},"45":{"start":{"line":72,"column":4},"end":{"line":72,"column":47}},"46":{"start":{"line":72,"column":35},"end":{"line":72,"column":47}},"47":{"start":{"line":73,"column":21},"end":{"line":73,"column":68}},"48":{"start":{"line":74,"column":4},"end":{"line":74,"column":31}},"49":{"start":{"line":74,"column":19},"end":{"line":74,"column":31}},"50":{"start":{"line":75,"column":4},"end":{"line":75,"column":74}},"51":{"start":{"line":75,"column":46},"end":{"line":75,"column":74}},"52":{"start":{"line":76,"column":4},"end":{"line":76,"column":33}},"53":{"start":{"line":18,"column":13},"end":{"line":18,"column":27}},"54":{"start":{"line":80,"column":26},"end":{"line":83,"column":1}},"55":{"start":{"line":81,"column":2},"end":{"line":81,"column":35}},"56":{"start":{"line":82,"column":2},"end":{"line":82,"column":90}},"57":{"start":{"line":80,"column":13},"end":{"line":80,"column":26}},"58":{"start":{"line":85,"column":27},"end":{"line":91,"column":1}},"59":{"start":{"line":86,"column":2},"end":{"line":86,"column":35}},"60":{"start":{"line":87,"column":16},"end":{"line":87,"column":84}},"61":{"start":{"line":88,"column":2},"end":{"line":88,"column":78}},"62":{"start":{"line":88,"column":14},"end":{"line":88,"column":78}},"63":{"start":{"line":89,"column":2},"end":{"line":89,"column":60}},"64":{"start":{"line":90,"column":2},"end":{"line":90,"column":30}},"65":{"start":{"line":85,"column":13},"end":{"line":85,"column":27}},"66":{"start":{"line":92,"column":27},"end":{"line":98,"column":1}},"67":{"start":{"line":93,"column":2},"end":{"line":93,"column":35}},"68":{"start":{"line":94,"column":2},"end":{"line":94,"column":148}},"69":{"start":{"line":94,"column":70},"end":{"line":94,"column":148}},"70":{"start":{"line":95,"column":17},"end":{"line":95,"column":47}},"71":{"start":{"line":96,"column":2},"end":{"line":97,"column":62}},"72":{"start":{"line":96,"column":8},"end":{"line":96,"column":136}},"73":{"start":{"line":97,"column":18},"end":{"line":97,"column":47}},"74":{"start":{"line":97,"column":48},"end":{"line":97,"column":60}},"75":{"start":{"line":92,"column":13},"end":{"line":92,"column":27}},"76":{"start":{"line":100,"column":26},"end":{"line":103,"column":1}},"77":{"start":{"line":101,"column":2},"end":{"line":101,"column":35}},"78":{"start":{"line":102,"column":2},"end":{"line":102,"column":90}},"79":{"start":{"line":100,"column":13},"end":{"line":100,"column":26}},"80":{"start":{"line":105,"column":27},"end":{"line":111,"column":1}},"81":{"start":{"line":106,"column":2},"end":{"line":106,"column":35}},"82":{"start":{"line":107,"column":16},"end":{"line":107,"column":84}},"83":{"start":{"line":108,"column":2},"end":{"line":108,"column":78}},"84":{"start":{"line":108,"column":14},"end":{"line":108,"column":78}},"85":{"start":{"line":109,"column":2},"end":{"line":109,"column":60}},"86":{"start":{"line":110,"column":2},"end":{"line":110,"column":30}},"87":{"start":{"line":105,"column":13},"end":{"line":105,"column":27}},"88":{"start":{"line":112,"column":25},"end":{"line":117,"column":1}},"89":{"start":{"line":113,"column":2},"end":{"line":113,"column":35}},"90":{"start":{"line":114,"column":16},"end":{"line":114,"column":84}},"91":{"start":{"line":115,"column":2},"end":{"line":115,"column":78}},"92":{"start":{"line":115,"column":14},"end":{"line":115,"column":78}},"93":{"start":{"line":116,"column":2},"end":{"line":116,"column":29}},"94":{"start":{"line":112,"column":13},"end":{"line":112,"column":25}},"95":{"start":{"line":119,"column":25},"end":{"line":124,"column":1}},"96":{"start":{"line":120,"column":2},"end":{"line":120,"column":35}},"97":{"start":{"line":121,"column":16},"end":{"line":121,"column":84}},"98":{"start":{"line":122,"column":2},"end":{"line":122,"column":78}},"99":{"start":{"line":122,"column":14},"end":{"line":122,"column":78}},"100":{"start":{"line":123,"column":2},"end":{"line":123,"column":29}},"101":{"start":{"line":119,"column":13},"end":{"line":119,"column":25}}},"fnMap":{"0":{"name":"(anonymous_0)","decl":{"start":{"line":7,"column":19},"end":{"line":7,"column":24}},"loc":{"start":{"line":7,"column":60},"end":{"line":10,"column":1}}},"1":{"name":"(anonymous_1)","decl":{"start":{"line":12,"column":26},"end":{"line":12,"column":27}},"loc":{"start":{"line":12,"column":46},"end":{"line":12,"column":113}}},"2":{"name":"(anonymous_2)","decl":{"start":{"line":13,"column":25},"end":{"line":13,"column":26}},"loc":{"start":{"line":14,"column":2},"end":{"line":14,"column":84}}},"3":{"name":"(anonymous_3)","decl":{"start":{"line":15,"column":28},"end":{"line":15,"column":31}},"loc":{"start":{"line":16,"column":2},"end":{"line":16,"column":108}}},"4":{"name":"(anonymous_4)","decl":{"start":{"line":18,"column":27},"end":{"line":18,"column":32}},"loc":{"start":{"line":23,"column":4},"end":{"line":78,"column":1}}},"5":{"name":"(anonymous_5)","decl":{"start":{"line":48,"column":45},"end":{"line":48,"column":50}},"loc":{"start":{"line":48,"column":58},"end":{"line":67,"column":5}}},"6":{"name":"(anonymous_6)","decl":{"start":{"line":80,"column":26},"end":{"line":80,"column":31}},"loc":{"start":{"line":80,"column":67},"end":{"line":83,"column":1}}},"7":{"name":"(anonymous_7)","decl":{"start":{"line":85,"column":27},"end":{"line":85,"column":32}},"loc":{"start":{"line":85,"column":85},"end":{"line":91,"column":1}}},"8":{"name":"(anonymous_8)","decl":{"start":{"line":92,"column":27},"end":{"line":92,"column":32}},"loc":{"start":{"line":92,"column":113},"end":{"line":98,"column":1}}},"9":{"name":"(anonymous_9)","decl":{"start":{"line":100,"column":26},"end":{"line":100,"column":31}},"loc":{"start":{"line":100,"column":67},"end":{"line":103,"column":1}}},"10":{"name":"(anonymous_10)","decl":{"start":{"line":105,"column":27},"end":{"line":105,"column":32}},"loc":{"start":{"line":105,"column":85},"end":{"line":111,"column":1}}},"11":{"name":"(anonymous_11)","decl":{"start":{"line":112,"column":25},"end":{"line":112,"column":30}},"loc":{"start":{"line":112,"column":83},"end":{"line":117,"column":1}}},"12":{"name":"(anonymous_12)","decl":{"start":{"line":119,"column":25},"end":{"line":119,"column":30}},"loc":{"start":{"line":119,"column":83},"end":{"line":124,"column":1}}}},"branchMap":{"0":{"loc":{"start":{"line":9,"column":2},"end":{"line":9,"column":75}},"type":"if","locations":[{"start":{"line":9,"column":2},"end":{"line":9,"column":75}},{"start":{},"end":{}}]},"1":{"loc":{"start":{"line":12,"column":46},"end":{"line":12,"column":113}},"type":"binary-expr","locations":[{"start":{"line":12,"column":46},"end":{"line":12,"column":68}},{"start":{"line":12,"column":72},"end":{"line":12,"column":87}},{"start":{"line":12,"column":91},"end":{"line":12,"column":113}}]},"2":{"loc":{"start":{"line":26,"column":2},"end":{"line":36,"column":3}},"type":"if","locations":[{"start":{"line":26,"column":2},"end":{"line":36,"column":3}},{"start":{},"end":{}}]},"3":{"loc":{"start":{"line":40,"column":2},"end":{"line":43,"column":3}},"type":"if","locations":[{"start":{"line":40,"column":2},"end":{"line":43,"column":3}},{"start":{},"end":{}}]},"4":{"loc":{"start":{"line":41,"column":4},"end":{"line":41,"column":74}},"type":"if","locations":[{"start":{"line":41,"column":4},"end":{"line":41,"column":74}},{"start":{},"end":{}}]},"5":{"loc":{"start":{"line":50,"column":6},"end":{"line":53,"column":7}},"type":"if","locations":[{"start":{"line":50,"column":6},"end":{"line":53,"column":7}},{"start":{},"end":{}}]},"6":{"loc":{"start":{"line":51,"column":8},"end":{"line":51,"column":78}},"type":"if","locations":[{"start":{"line":51,"column":8},"end":{"line":51,"column":78}},{"start":{},"end":{}}]},"7":{"loc":{"start":{"line":63,"column":24},"end":{"line":63,"column":76}},"type":"binary-expr","locations":[{"start":{"line":63,"column":24},"end":{"line":63,"column":57}},{"start":{"line":63,"column":61},"end":{"line":63,"column":76}}]},"8":{"loc":{"start":{"line":68,"column":4},"end":{"line":68,"column":54}},"type":"if","locations":[{"start":{"line":68,"column":4},"end":{"line":68,"column":54}},{"start":{},"end":{}}]},"9":{"loc":{"start":{"line":72,"column":4},"end":{"line":72,"column":47}},"type":"if","locations":[{"start":{"line":72,"column":4},"end":{"line":72,"column":47}},{"start":{},"end":{}}]},"10":{"loc":{"start":{"line":74,"column":4},"end":{"line":74,"column":31}},"type":"if","locations":[{"start":{"line":74,"column":4},"end":{"line":74,"column":31}},{"start":{},"end":{}}]},"11":{"loc":{"start":{"line":75,"column":4},"end":{"line":75,"column":74}},"type":"if","locations":[{"start":{"line":75,"column":4},"end":{"line":75,"column":74}},{"start":{},"end":{}}]},"12":{"loc":{"start":{"line":88,"column":2},"end":{"line":88,"column":78}},"type":"if","locations":[{"start":{"line":88,"column":2},"end":{"line":88,"column":78}},{"start":{},"end":{}}]},"13":{"loc":{"start":{"line":94,"column":2},"end":{"line":94,"column":148}},"type":"if","locations":[{"start":{"line":94,"column":2},"end":{"line":94,"column":148}},{"start":{},"end":{}}]},"14":{"loc":{"start":{"line":94,"column":6},"end":{"line":94,"column":68}},"type":"binary-expr","locations":[{"start":{"line":94,"column":6},"end":{"line":94,"column":32}},{"start":{"line":94,"column":36},"end":{"line":94,"column":49}},{"start":{"line":94,"column":53},"end":{"line":94,"column":68}}]},"15":{"loc":{"start":{"line":108,"column":2},"end":{"line":108,"column":78}},"type":"if","locations":[{"start":{"line":108,"column":2},"end":{"line":108,"column":78}},{"start":{},"end":{}}]},"16":{"loc":{"start":{"line":115,"column":2},"end":{"line":115,"column":78}},"type":"if","locations":[{"start":{"line":115,"column":2},"end":{"line":115,"column":78}},{"start":{},"end":{}}]},"17":{"loc":{"start":{"line":122,"column":2},"end":{"line":122,"column":78}},"type":"if","locations":[{"start":{"line":122,"column":2},"end":{"line":122,"column":78}},{"start":{},"end":{}}]}},"s":{"0":4,"1":4,"2":4,"3":4,"4":4,"5":4,"6":18,"7":18,"8":4,"9":4,"10":1,"11":4,"12":7,"13":4,"14":1,"15":4,"16":9,"17":7,"18":7,"19":2,"20":2,"21":2,"22":1,"23":1,"24":5,"25":5,"26":5,"27":2,"28":1,"29":1,"30":3,"31":3,"32":3,"33":3,"34":3,"35":0,"36":0,"37":0,"38":3,"39":3,"40":2,"41":2,"42":0,"43":2,"44":1,"45":1,"46":0,"47":1,"48":1,"49":0,"50":1,"51":0,"52":1,"53":4,"54":4,"55":1,"56":1,"57":4,"58":4,"59":2,"60":2,"61":2,"62":1,"63":1,"64":1,"65":4,"66":4,"67":2,"68":1,"69":0,"70":1,"71":1,"72":1,"73":0,"74":0,"75":4,"76":4,"77":2,"78":1,"79":4,"80":4,"81":2,"82":2,"83":2,"84":1,"85":1,"86":1,"87":4,"88":4,"89":0,"90":0,"91":0,"92":0,"93":0,"94":4,"95":4,"96":0,"97":0,"98":0,"99":0,"100":0,"101":4},"f":{"0":18,"1":1,"2":7,"3":1,"4":9,"5":3,"6":1,"7":2,"8":2,"9":2,"10":2,"11":0,"12":0},"b":{"0":[4,14],"1":[1,1,1],"2":[2,5],"3":[2,3],"4":[1,1],"5":[0,3],"6":[0,0],"7":[3,0],"8":[0,2],"9":[0,1],"10":[0,1],"11":[0,1],"12":[1,1],"13":[0,1],"14":[1,1,1],"15":[1,1],"16":[0,0],"17":[0,0]}}
,"/home/wuanpack/Descargas/IPSS/II AÑO/III TRIMESTRE/DESARROLLO DE APLICACIONES MÓVILES/Unidad III/to-do-list-upgrade/to-do-list-ipss/backend/src/services/auth.service.ts": {"path":"/home/wuanpack/Descargas/IPSS/II AÑO/III TRIMESTRE/DESARROLLO DE APLICACIONES MÓVILES/Unidad III/to-do-list-upgrade/to-do-list-ipss/backend/src/services/auth.service.ts","statementMap":{"0":{"start":{"line":1,"column":0},"end":{"line":1,"column":30}},"1":{"start":{"line":2,"column":0},"end":{"line":2,"column":42}},"2":{"start":{"line":4,"column":0},"end":{"line":4,"column":54}},"3":{"start":{"line":5,"column":0},"end":{"line":5,"column":44}},"4":{"start":{"line":7,"column":24},"end":{"line":18,"column":1}},"5":{"start":{"line":8,"column":2},"end":{"line":17,"column":3}},"6":{"start":{"line":9,"column":25},"end":{"line":9,"column":56}},"7":{"start":{"line":10,"column":17},"end":{"line":10,"column":82}},"8":{"start":{"line":11,"column":4},"end":{"line":11,"column":62}},"9":{"start":{"line":13,"column":4},"end":{"line":15,"column":5}},"10":{"start":{"line":14,"column":6},"end":{"line":14,"column":84}},"11":{"start":{"line":16,"column":4},"end":{"line":16,"column":16}},"12":{"start":{"line":7,"column":13},"end":{"line":7,"column":24}},"13":{"start":{"line":20,"column":21},"end":{"line":26,"column":1}},"14":{"start":{"line":21,"column":15},"end":{"line":21,"column":65}},"15":{"start":{"line":22,"column":2},"end":{"line":24,"column":3}},"16":{"start":{"line":23,"column":4},"end":{"line":23,"column":82}},"17":{"start":{"line":25,"column":2},"end":{"line":25,"column":60}},"18":{"start":{"line":20,"column":13},"end":{"line":20,"column":21}},"19":{"start":{"line":28,"column":18},"end":{"line":32,"column":1}},"20":{"start":{"line":29,"column":15},"end":{"line":29,"column":70}},"21":{"start":{"line":30,"column":2},"end":{"line":30,"column":82}},"22":{"start":{"line":30,"column":13},"end":{"line":30,"column":82}},"23":{"start":{"line":31,"column":2},"end":{"line":31,"column":26}},"24":{"start":{"line":28,"column":13},"end":{"line":28,"column":18}}},"fnMap":{"0":{"name":"(anonymous_1)","decl":{"start":{"line":7,"column":24},"end":{"line":7,"column":29}},"loc":{"start":{"line":7,"column":75},"end":{"line":18,"column":1}}},"1":{"name":"(anonymous_2)","decl":{"start":{"line":20,"column":21},"end":{"line":20,"column":26}},"loc":{"start":{"line":20,"column":63},"end":{"line":26,"column":1}}},"2":{"name":"(anonymous_3)","decl":{"start":{"line":28,"column":18},"end":{"line":28,"column":23}},"loc":{"start":{"line":28,"column":43},"end":{"line":32,"column":1}}}},"branchMap":{"0":{"loc":{"start":{"line":13,"column":4},"end":{"line":15,"column":5}},"type":"if","locations":[{"start":{"line":13,"column":4},"end":{"line":15,"column":5}},{"start":{},"end":{}}]},"1":{"loc":{"start":{"line":13,"column":9},"end":{"line":13,"column":126}},"type":"binary-expr","locations":[{"start":{"line":13,"column":9},"end":{"line":13,"column":53}},{"start":{"line":13,"column":57},"end":{"line":13,"column":79}},{"start":{"line":13,"column":83},"end":{"line":13,"column":126}}]},"2":{"loc":{"start":{"line":22,"column":2},"end":{"line":24,"column":3}},"type":"if","locations":[{"start":{"line":22,"column":2},"end":{"line":24,"column":3}},{"start":{},"end":{}}]},"3":{"loc":{"start":{"line":22,"column":6},"end":{"line":22,"column":67}},"type":"binary-expr","locations":[{"start":{"line":22,"column":6},"end":{"line":22,"column":11}},{"start":{"line":22,"column":15},"end":{"line":22,"column":67}}]},"4":{"loc":{"start":{"line":30,"column":2},"end":{"line":30,"column":82}},"type":"if","locations":[{"start":{"line":30,"column":2},"end":{"line":30,"column":82}},{"start":{},"end":{}}]}},"s":{"0":4,"1":4,"2":4,"3":4,"4":4,"5":2,"6":2,"7":2,"8":1,"9":1,"10":1,"11":0,"12":4,"13":4,"14":2,"15":2,"16":1,"17":1,"18":4,"19":4,"20":1,"21":1,"22":0,"23":1,"24":4},"f":{"0":2,"1":2,"2":1},"b":{"0":[1,0],"1":[1,0,0],"2":[1,1],"3":[2,1],"4":[0,1]}}
,"/home/wuanpack/Descargas/IPSS/II AÑO/III TRIMESTRE/DESARROLLO DE APLICACIONES MÓVILES/Unidad III/to-do-list-upgrade/to-do-list-ipss/backend/src/services/file-storage.service.ts": {"path":"/home/wuanpack/Descargas/IPSS/II AÑO/III TRIMESTRE/DESARROLLO DE APLICACIONES MÓVILES/Unidad III/to-do-list-upgrade/to-do-list-ipss/backend/src/services/file-storage.service.ts","statementMap":{"0":{"start":{"line":1,"column":0},"end":{"line":1,"column":41}},"1":{"start":{"line":2,"column":0},"end":{"line":2,"column":29}},"2":{"start":{"line":3,"column":0},"end":{"line":3,"column":41}},"3":{"start":{"line":5,"column":13},"end":{"line":5,"column":62}},"4":{"start":{"line":7,"column":24},"end":{"line":14,"column":1}},"5":{"start":{"line":8,"column":20},"end":{"line":8,"column":50}},"6":{"start":{"line":9,"column":2},"end":{"line":9,"column":49}},"7":{"start":{"line":10,"column":19},"end":{"line":10,"column":90}},"8":{"start":{"line":11,"column":17},"end":{"line":11,"column":47}},"9":{"start":{"line":12,"column":2},"end":{"line":12,"column":42}},"10":{"start":{"line":13,"column":2},"end":{"line":13,"column":68}},"11":{"start":{"line":7,"column":13},"end":{"line":7,"column":24}},"12":{"start":{"line":16,"column":26},"end":{"line":19,"column":1}},"13":{"start":{"line":17,"column":19},"end":{"line":17,"column":50}},"14":{"start":{"line":18,"column":2},"end":{"line":18,"column":58}},"15":{"start":{"line":16,"column":13},"end":{"line":16,"column":26}},"16":{"start":{"line":20,"column":24},"end":{"line":24,"column":1}},"17":{"start":{"line":21,"column":19},"end":{"line":21,"column":50}},"18":{"start":{"line":22,"column":2},"end":{"line":22,"column":98}},"19":{"start":{"line":22,"column":60},"end":{"line":22,"column":98}},"20":{"start":{"line":23,"column":2},"end":{"line":23,"column":35}},"21":{"start":{"line":20,"column":13},"end":{"line":20,"column":24}}},"fnMap":{"0":{"name":"(anonymous_1)","decl":{"start":{"line":7,"column":24},"end":{"line":7,"column":29}},"loc":{"start":{"line":7,"column":92},"end":{"line":14,"column":1}}},"1":{"name":"(anonymous_2)","decl":{"start":{"line":16,"column":26},"end":{"line":16,"column":31}},"loc":{"start":{"line":16,"column":48},"end":{"line":19,"column":1}}},"2":{"name":"(anonymous_3)","decl":{"start":{"line":20,"column":24},"end":{"line":20,"column":25}},"loc":{"start":{"line":20,"column":40},"end":{"line":24,"column":1}}}},"branchMap":{"0":{"loc":{"start":{"line":5,"column":26},"end":{"line":5,"column":61}},"type":"binary-expr","locations":[{"start":{"line":5,"column":26},"end":{"line":5,"column":48}},{"start":{"line":5,"column":52},"end":{"line":5,"column":61}}]},"1":{"loc":{"start":{"line":7,"column":58},"end":{"line":7,"column":88}},"type":"default-arg","locations":[{"start":{"line":7,"column":74},"end":{"line":7,"column":88}}]},"2":{"loc":{"start":{"line":22,"column":2},"end":{"line":22,"column":98}},"type":"if","locations":[{"start":{"line":22,"column":2},"end":{"line":22,"column":98}},{"start":{},"end":{}}]},"3":{"loc":{"start":{"line":22,"column":6},"end":{"line":22,"column":58}},"type":"binary-expr","locations":[{"start":{"line":22,"column":6},"end":{"line":22,"column":29}},{"start":{"line":22,"column":33},"end":{"line":22,"column":58}}]}},"s":{"0":3,"1":3,"2":3,"3":3,"4":3,"5":0,"6":0,"7":0,"8":0,"9":0,"10":0,"11":3,"12":3,"13":0,"14":0,"15":3,"16":3,"17":0,"18":0,"19":0,"20":0,"21":3},"f":{"0":0,"1":0,"2":0},"b":{"0":[3,3],"1":[0],"2":[0,0],"3":[0,0]}}
,"/home/wuanpack/Descargas/IPSS/II AÑO/III TRIMESTRE/DESARROLLO DE APLICACIONES MÓVILES/Unidad III/to-do-list-upgrade/to-do-list-ipss/backend/src/services/task.service.ts": {"path":"/home/wuanpack/Descargas/IPSS/II AÑO/III TRIMESTRE/DESARROLLO DE APLICACIONES MÓVILES/Unidad III/to-do-list-upgrade/to-do-list-ipss/backend/src/services/task.service.ts","statementMap":{"0":{"start":{"line":1,"column":0},"end":{"line":1,"column":41}},"1":{"start":{"line":2,"column":0},"end":{"line":2,"column":40}},"2":{"start":{"line":3,"column":0},"end":{"line":3,"column":42}},"3":{"start":{"line":5,"column":0},"end":{"line":5,"column":52}},"4":{"start":{"line":6,"column":0},"end":{"line":6,"column":44}},"5":{"start":{"line":11,"column":21},"end":{"line":19,"column":1}},"6":{"start":{"line":12,"column":2},"end":{"line":12,"column":56}},"7":{"start":{"line":12,"column":29},"end":{"line":12,"column":56}},"8":{"start":{"line":13,"column":2},"end":{"line":13,"column":59}},"9":{"start":{"line":13,"column":28},"end":{"line":13,"column":59}},"10":{"start":{"line":14,"column":2},"end":{"line":17,"column":3}},"11":{"start":{"line":15,"column":20},"end":{"line":15,"column":109}},"12":{"start":{"line":15,"column":68},"end":{"line":15,"column":108}},"13":{"start":{"line":16,"column":4},"end":{"line":16,"column":87}},"14":{"start":{"line":16,"column":59},"end":{"line":16,"column":84}},"15":{"start":{"line":18,"column":2},"end":{"line":18,"column":15}},"16":{"start":{"line":21,"column":20},"end":{"line":22,"column":103}},"17":{"start":{"line":22,"column":2},"end":{"line":22,"column":103}},"18":{"start":{"line":23,"column":26},"end":{"line":26,"column":1}},"19":{"start":{"line":24,"column":2},"end":{"line":24,"column":68}},"20":{"start":{"line":24,"column":55},"end":{"line":24,"column":68}},"21":{"start":{"line":25,"column":2},"end":{"line":25,"column":32}},"22":{"start":{"line":28,"column":20},"end":{"line":69,"column":1}},"23":{"start":{"line":36,"column":2},"end":{"line":39,"column":3}},"24":{"start":{"line":37,"column":20},"end":{"line":37,"column":40}},"25":{"start":{"line":38,"column":4},"end":{"line":38,"column":43}},"26":{"start":{"line":41,"column":15},"end":{"line":41,"column":52}},"27":{"start":{"line":42,"column":2},"end":{"line":68,"column":3}},"28":{"start":{"line":43,"column":4},"end":{"line":61,"column":7}},"29":{"start":{"line":44,"column":23},"end":{"line":44,"column":99}},"30":{"start":{"line":45,"column":6},"end":{"line":48,"column":7}},"31":{"start":{"line":46,"column":8},"end":{"line":46,"column":156}},"32":{"start":{"line":46,"column":43},"end":{"line":46,"column":156}},"33":{"start":{"line":47,"column":8},"end":{"line":47,"column":72}},"34":{"start":{"line":50,"column":22},"end":{"line":50,"column":38}},"35":{"start":{"line":51,"column":6},"end":{"line":59,"column":9}},"36":{"start":{"line":60,"column":6},"end":{"line":60,"column":45}},"37":{"start":{"line":63,"column":4},"end":{"line":63,"column":47}},"38":{"start":{"line":63,"column":35},"end":{"line":63,"column":47}},"39":{"start":{"line":64,"column":21},"end":{"line":64,"column":101}},"40":{"start":{"line":65,"column":4},"end":{"line":65,"column":31}},"41":{"start":{"line":65,"column":19},"end":{"line":65,"column":31}},"42":{"start":{"line":66,"column":4},"end":{"line":66,"column":152}},"43":{"start":{"line":66,"column":39},"end":{"line":66,"column":152}},"44":{"start":{"line":67,"column":4},"end":{"line":67,"column":68}},"45":{"start":{"line":71,"column":26},"end":{"line":89,"column":1}},"46":{"start":{"line":72,"column":24},"end":{"line":72,"column":94}},"47":{"start":{"line":73,"column":17},"end":{"line":87,"column":4}},"48":{"start":{"line":74,"column":4},"end":{"line":84,"column":5}},"49":{"start":{"line":75,"column":20},"end":{"line":75,"column":102}},"50":{"start":{"line":76,"column":23},"end":{"line":76,"column":57}},"51":{"start":{"line":77,"column":6},"end":{"line":77,"column":50}},"52":{"start":{"line":77,"column":20},"end":{"line":77,"column":50}},"53":{"start":{"line":80,"column":6},"end":{"line":80,"column":85}},"54":{"start":{"line":81,"column":19},"end":{"line":81,"column":53}},"55":{"start":{"line":82,"column":6},"end":{"line":82,"column":114}},"56":{"start":{"line":82,"column":17},"end":{"line":82,"column":114}},"57":{"start":{"line":83,"column":6},"end":{"line":83,"column":32}},"58":{"start":{"line":86,"column":4},"end":{"line":86,"column":78}},"59":{"start":{"line":88,"column":2},"end":{"line":88,"column":25}},"60":{"start":{"line":71,"column":13},"end":{"line":71,"column":26}},"61":{"start":{"line":91,"column":25},"end":{"line":94,"column":2}},"62":{"start":{"line":91,"column":66},"end":{"line":94,"column":2}},"63":{"start":{"line":91,"column":13},"end":{"line":91,"column":25}},"64":{"start":{"line":96,"column":23},"end":{"line":100,"column":1}},"65":{"start":{"line":97,"column":15},"end":{"line":97,"column":69}},"66":{"start":{"line":98,"column":2},"end":{"line":98,"column":75}},"67":{"start":{"line":98,"column":13},"end":{"line":98,"column":75}},"68":{"start":{"line":99,"column":2},"end":{"line":99,"column":14}},"69":{"start":{"line":96,"column":13},"end":{"line":96,"column":23}},"70":{"start":{"line":102,"column":26},"end":{"line":122,"column":1}},"71":{"start":{"line":109,"column":17},"end":{"line":120,"column":4}},"72":{"start":{"line":110,"column":18},"end":{"line":110,"column":104}},"73":{"start":{"line":111,"column":20},"end":{"line":111,"column":102}},"74":{"start":{"line":112,"column":4},"end":{"line":116,"column":5}},"75":{"start":{"line":113,"column":22},"end":{"line":113,"column":99}},"76":{"start":{"line":114,"column":6},"end":{"line":114,"column":82}},"77":{"start":{"line":114,"column":20},"end":{"line":114,"column":82}},"78":{"start":{"line":115,"column":6},"end":{"line":115,"column":96}},"79":{"start":{"line":117,"column":17},"end":{"line":117,"column":67}},"80":{"start":{"line":118,"column":4},"end":{"line":118,"column":77}},"81":{"start":{"line":118,"column":15},"end":{"line":118,"column":77}},"82":{"start":{"line":119,"column":4},"end":{"line":119,"column":30}},"83":{"start":{"line":121,"column":2},"end":{"line":121,"column":25}},"84":{"start":{"line":102,"column":13},"end":{"line":102,"column":26}},"85":{"start":{"line":124,"column":26},"end":{"line":146,"column":1}},"86":{"start":{"line":125,"column":17},"end":{"line":143,"column":4}},"87":{"start":{"line":126,"column":17},"end":{"line":129,"column":6}},"88":{"start":{"line":130,"column":4},"end":{"line":130,"column":77}},"89":{"start":{"line":130,"column":15},"end":{"line":130,"column":77}},"90":{"start":{"line":132,"column":18},"end":{"line":132,"column":104}},"91":{"start":{"line":133,"column":20},"end":{"line":133,"column":55}},"92":{"start":{"line":134,"column":4},"end":{"line":138,"column":5}},"93":{"start":{"line":135,"column":22},"end":{"line":135,"column":99}},"94":{"start":{"line":136,"column":6},"end":{"line":136,"column":82}},"95":{"start":{"line":136,"column":20},"end":{"line":136,"column":82}},"96":{"start":{"line":137,"column":6},"end":{"line":137,"column":96}},"97":{"start":{"line":139,"column":4},"end":{"line":142,"column":6}},"98":{"start":{"line":141,"column":65},"end":{"line":141,"column":68}},"99":{"start":{"line":145,"column":2},"end":{"line":145,"column":93}},"100":{"start":{"line":145,"column":22},"end":{"line":145,"column":93}},"101":{"start":{"line":145,"column":75},"end":{"line":145,"column":90}},"102":{"start":{"line":124,"column":13},"end":{"line":124,"column":26}}},"fnMap":{"0":{"name":"(anonymous_0)","decl":{"start":{"line":11,"column":21},"end":{"line":11,"column":22}},"loc":{"start":{"line":11,"column":49},"end":{"line":19,"column":1}}},"1":{"name":"(anonymous_1)","decl":{"start":{"line":15,"column":47},"end":{"line":15,"column":48}},"loc":{"start":{"line":15,"column":68},"end":{"line":15,"column":108}}},"2":{"name":"(anonymous_2)","decl":{"start":{"line":16,"column":42},"end":{"line":16,"column":43}},"loc":{"start":{"line":16,"column":59},"end":{"line":16,"column":84}}},"3":{"name":"(anonymous_3)","decl":{"start":{"line":21,"column":20},"end":{"line":21,"column":21}},"loc":{"start":{"line":22,"column":2},"end":{"line":22,"column":103}}},"4":{"name":"(anonymous_4)","decl":{"start":{"line":23,"column":26},"end":{"line":23,"column":27}},"loc":{"start":{"line":23,"column":45},"end":{"line":26,"column":1}}},"5":{"name":"(anonymous_5)","decl":{"start":{"line":28,"column":20},"end":{"line":28,"column":25}},"loc":{"start":{"line":35,"column":32},"end":{"line":69,"column":1}}},"6":{"name":"(anonymous_6)","decl":{"start":{"line":43,"column":37},"end":{"line":43,"column":42}},"loc":{"start":{"line":43,"column":50},"end":{"line":61,"column":5}}},"7":{"name":"(anonymous_7)","decl":{"start":{"line":71,"column":26},"end":{"line":71,"column":31}},"loc":{"start":{"line":71,"column":100},"end":{"line":89,"column":1}}},"8":{"name":"(anonymous_8)","decl":{"start":{"line":73,"column":87},"end":{"line":73,"column":92}},"loc":{"start":{"line":73,"column":100},"end":{"line":87,"column":3}}},"9":{"name":"(anonymous_9)","decl":{"start":{"line":91,"column":25},"end":{"line":91,"column":26}},"loc":{"start":{"line":91,"column":66},"end":{"line":94,"column":2}}},"10":{"name":"(anonymous_10)","decl":{"start":{"line":96,"column":23},"end":{"line":96,"column":28}},"loc":{"start":{"line":96,"column":60},"end":{"line":100,"column":1}}},"11":{"name":"(anonymous_11)","decl":{"start":{"line":102,"column":26},"end":{"line":102,"column":31}},"loc":{"start":{"line":108,"column":4},"end":{"line":122,"column":1}}},"12":{"name":"(anonymous_12)","decl":{"start":{"line":109,"column":101},"end":{"line":109,"column":106}},"loc":{"start":{"line":109,"column":114},"end":{"line":120,"column":3}}},"13":{"name":"(anonymous_13)","decl":{"start":{"line":124,"column":26},"end":{"line":124,"column":31}},"loc":{"start":{"line":124,"column":114},"end":{"line":146,"column":1}}},"14":{"name":"(anonymous_14)","decl":{"start":{"line":125,"column":94},"end":{"line":125,"column":99}},"loc":{"start":{"line":125,"column":107},"end":{"line":143,"column":3}}},"15":{"name":"(anonymous_15)","decl":{"start":{"line":141,"column":52},"end":{"line":141,"column":53}},"loc":{"start":{"line":141,"column":65},"end":{"line":141,"column":68}}},"16":{"name":"(anonymous_16)","decl":{"start":{"line":145,"column":66},"end":{"line":145,"column":67}},"loc":{"start":{"line":145,"column":75},"end":{"line":145,"column":90}}}},"branchMap":{"0":{"loc":{"start":{"line":12,"column":2},"end":{"line":12,"column":56}},"type":"if","locations":[{"start":{"line":12,"column":2},"end":{"line":12,"column":56}},{"start":{},"end":{}}]},"1":{"loc":{"start":{"line":13,"column":2},"end":{"line":13,"column":59}},"type":"if","locations":[{"start":{"line":13,"column":2},"end":{"line":13,"column":59}},{"start":{},"end":{}}]},"2":{"loc":{"start":{"line":14,"column":2},"end":{"line":17,"column":3}},"type":"if","locations":[{"start":{"line":14,"column":2},"end":{"line":17,"column":3}},{"start":{},"end":{}}]},"3":{"loc":{"start":{"line":14,"column":6},"end":{"line":14,"column":40}},"type":"binary-expr","locations":[{"start":{"line":14,"column":6},"end":{"line":14,"column":11}},{"start":{"line":14,"column":15},"end":{"line":14,"column":40}}]},"4":{"loc":{"start":{"line":15,"column":68},"end":{"line":15,"column":108}},"type":"cond-expr","locations":[{"start":{"line":15,"column":83},"end":{"line":15,"column":85}},{"start":{"line":15,"column":88},"end":{"line":15,"column":108}}]},"5":{"loc":{"start":{"line":15,"column":88},"end":{"line":15,"column":108}},"type":"cond-expr","locations":[{"start":{"line":15,"column":103},"end":{"line":15,"column":104}},{"start":{"line":15,"column":107},"end":{"line":15,"column":108}}]},"6":{"loc":{"start":{"line":24,"column":2},"end":{"line":24,"column":68}},"type":"if","locations":[{"start":{"line":24,"column":2},"end":{"line":24,"column":68}},{"start":{},"end":{}}]},"7":{"loc":{"start":{"line":24,"column":6},"end":{"line":24,"column":53}},"type":"binary-expr","locations":[{"start":{"line":24,"column":6},"end":{"line":24,"column":31}},{"start":{"line":24,"column":35},"end":{"line":24,"column":53}}]},"8":{"loc":{"start":{"line":36,"column":2},"end":{"line":39,"column":3}},"type":"if","locations":[{"start":{"line":36,"column":2},"end":{"line":39,"column":3}},{"start":{},"end":{}}]},"9":{"loc":{"start":{"line":45,"column":6},"end":{"line":48,"column":7}},"type":"if","locations":[{"start":{"line":45,"column":6},"end":{"line":48,"column":7}},{"start":{},"end":{}}]},"10":{"loc":{"start":{"line":46,"column":8},"end":{"line":46,"column":156}},"type":"if","locations":[{"start":{"line":46,"column":8},"end":{"line":46,"column":156}},{"start":{},"end":{}}]},"11":{"loc":{"start":{"line":57,"column":24},"end":{"line":57,"column":119}},"type":"cond-expr","locations":[{"start":{"line":57,"column":57},"end":{"line":57,"column":72}},{"start":{"line":57,"column":75},"end":{"line":57,"column":119}}]},"12":{"loc":{"start":{"line":63,"column":4},"end":{"line":63,"column":47}},"type":"if","locations":[{"start":{"line":63,"column":4},"end":{"line":63,"column":47}},{"start":{},"end":{}}]},"13":{"loc":{"start":{"line":65,"column":4},"end":{"line":65,"column":31}},"type":"if","locations":[{"start":{"line":65,"column":4},"end":{"line":65,"column":31}},{"start":{},"end":{}}]},"14":{"loc":{"start":{"line":66,"column":4},"end":{"line":66,"column":152}},"type":"if","locations":[{"start":{"line":66,"column":4},"end":{"line":66,"column":152}},{"start":{},"end":{}}]},"15":{"loc":{"start":{"line":72,"column":24},"end":{"line":72,"column":94}},"type":"binary-expr","locations":[{"start":{"line":72,"column":24},"end":{"line":72,"column":60}},{"start":{"line":72,"column":64},"end":{"line":72,"column":94}}]},"16":{"loc":{"start":{"line":74,"column":4},"end":{"line":84,"column":5}},"type":"if","locations":[{"start":{"line":74,"column":4},"end":{"line":84,"column":5}},{"start":{},"end":{}}]},"17":{"loc":{"start":{"line":77,"column":6},"end":{"line":77,"column":50}},"type":"if","locations":[{"start":{"line":77,"column":6},"end":{"line":77,"column":50}},{"start":{},"end":{}}]},"18":{"loc":{"start":{"line":82,"column":6},"end":{"line":82,"column":114}},"type":"if","locations":[{"start":{"line":82,"column":6},"end":{"line":82,"column":114}},{"start":{},"end":{}}]},"19":{"loc":{"start":{"line":92,"column":23},"end":{"line":92,"column":67}},"type":"cond-expr","locations":[{"start":{"line":92,"column":49},"end":{"line":92,"column":51}},{"start":{"line":92,"column":54},"end":{"line":92,"column":67}}]},"20":{"loc":{"start":{"line":98,"column":2},"end":{"line":98,"column":75}},"type":"if","locations":[{"start":{"line":98,"column":2},"end":{"line":98,"column":75}},{"start":{},"end":{}}]},"21":{"loc":{"start":{"line":110,"column":36},"end":{"line":110,"column":101}},"type":"cond-expr","locations":[{"start":{"line":110,"column":68},"end":{"line":110,"column":70}},{"start":{"line":110,"column":73},"end":{"line":110,"column":101}}]},"22":{"loc":{"start":{"line":112,"column":4},"end":{"line":116,"column":5}},"type":"if","locations":[{"start":{"line":112,"column":4},"end":{"line":116,"column":5}},{"start":{},"end":{}}]},"23":{"loc":{"start":{"line":114,"column":6},"end":{"line":114,"column":82}},"type":"if","locations":[{"start":{"line":114,"column":6},"end":{"line":114,"column":82}},{"start":{},"end":{}}]},"24":{"loc":{"start":{"line":118,"column":4},"end":{"line":118,"column":77}},"type":"if","locations":[{"start":{"line":118,"column":4},"end":{"line":118,"column":77}},{"start":{},"end":{}}]},"25":{"loc":{"start":{"line":130,"column":4},"end":{"line":130,"column":77}},"type":"if","locations":[{"start":{"line":130,"column":4},"end":{"line":130,"column":77}},{"start":{},"end":{}}]},"26":{"loc":{"start":{"line":132,"column":36},"end":{"line":132,"column":101}},"type":"cond-expr","locations":[{"start":{"line":132,"column":68},"end":{"line":132,"column":70}},{"start":{"line":132,"column":73},"end":{"line":132,"column":101}}]},"27":{"loc":{"start":{"line":134,"column":4},"end":{"line":138,"column":5}},"type":"if","locations":[{"start":{"line":134,"column":4},"end":{"line":138,"column":5}},{"start":{},"end":{}}]},"28":{"loc":{"start":{"line":136,"column":6},"end":{"line":136,"column":82}},"type":"if","locations":[{"start":{"line":136,"column":6},"end":{"line":136,"column":82}},{"start":{},"end":{}}]},"29":{"loc":{"start":{"line":145,"column":2},"end":{"line":145,"column":93}},"type":"if","locations":[{"start":{"line":145,"column":2},"end":{"line":145,"column":93}},{"start":{},"end":{}}]}},"s":{"0":4,"1":4,"2":4,"3":4,"4":4,"5":4,"6":34,"7":0,"8":34,"9":0,"10":34,"11":12,"12":28,"13":12,"14":28,"15":22,"16":4,"17":6,"18":4,"19":1,"20":0,"21":1,"22":4,"23":16,"24":10,"25":6,"26":6,"27":6,"28":6,"29":6,"30":6,"31":4,"32":1,"33":3,"34":2,"35":2,"36":2,"37":1,"38":1,"39":0,"40":0,"41":0,"42":0,"43":0,"44":0,"45":4,"46":6,"47":6,"48":3,"49":0,"50":0,"51":0,"52":0,"53":0,"54":0,"55":0,"56":0,"57":0,"58":3,"59":5,"60":4,"61":4,"62":1,"63":4,"64":4,"65":3,"66":3,"67":2,"68":1,"69":4,"70":4,"71":6,"72":6,"73":6,"74":6,"75":3,"76":3,"77":2,"78":1,"79":3,"80":3,"81":0,"82":3,"83":3,"84":4,"85":4,"86":4,"87":3,"88":3,"89":1,"90":2,"91":2,"92":2,"93":0,"94":0,"95":0,"96":0,"97":2,"98":0,"99":3,"100":2,"101":0,"102":4},"f":{"0":34,"1":28,"2":28,"3":6,"4":1,"5":16,"6":6,"7":6,"8":3,"9":1,"10":3,"11":6,"12":6,"13":4,"14":3,"15":0,"16":0},"b":{"0":[0,34],"1":[0,34],"2":[12,22],"3":[34,24],"4":[22,6],"5":[6,0],"6":[0,1],"7":[1,1],"8":[10,6],"9":[4,2],"10":[1,3],"11":[0,2],"12":[1,0],"13":[0,0],"14":[0,0],"15":[6,0],"16":[0,3],"17":[0,0],"18":[0,0],"19":[1,0],"20":[2,1],"21":[4,2],"22":[3,3],"23":[2,1],"24":[0,3],"25":[1,2],"26":[2,0],"27":[0,2],"28":[0,0],"29":[2,1]}}
,"/home/wuanpack/Descargas/IPSS/II AÑO/III TRIMESTRE/DESARROLLO DE APLICACIONES MÓVILES/Unidad III/to-do-list-upgrade/to-do-list-ipss/backend/src/utils/auth.ts": {"path":"/home/wuanpack/Descargas/IPSS/II AÑO/III TRIMESTRE/DESARROLLO DE APLICACIONES MÓVILES/Unidad III/to-do-list-upgrade/to-do-list-ipss/backend/src/utils/auth.ts","statementMap":{"0":{"start":{"line":1,"column":0},"end":{"line":1,"column":31}},"1":{"start":{"line":7,"column":15},"end":{"line":10,"column":1}},"2":{"start":{"line":8,"column":2},"end":{"line":8,"column":80}},"3":{"start":{"line":8,"column":31},"end":{"line":8,"column":80}},"4":{"start":{"line":9,"column":2},"end":{"line":9,"column":32}},"5":{"start":{"line":12,"column":25},"end":{"line":12,"column":102}},"6":{"start":{"line":12,"column":45},"end":{"line":12,"column":102}},"7":{"start":{"line":12,"column":13},"end":{"line":12,"column":25}},"8":{"start":{"line":14,"column":27},"end":{"line":18,"column":1}},"9":{"start":{"line":15,"column":18},"end":{"line":15,"column":61}},"10":{"start":{"line":16,"column":2},"end":{"line":16,"column":62}},"11":{"start":{"line":16,"column":20},"end":{"line":16,"column":62}},"12":{"start":{"line":17,"column":2},"end":{"line":17,"column":21}},"13":{"start":{"line":14,"column":13},"end":{"line":14,"column":27}},"14":{"start":{"line":20,"column":26},"end":{"line":20,"column":82}},"15":{"start":{"line":20,"column":62},"end":{"line":20,"column":81}},"16":{"start":{"line":20,"column":13},"end":{"line":20,"column":26}}},"fnMap":{"0":{"name":"(anonymous_1)","decl":{"start":{"line":7,"column":15},"end":{"line":7,"column":18}},"loc":{"start":{"line":7,"column":20},"end":{"line":10,"column":1}}},"1":{"name":"(anonymous_2)","decl":{"start":{"line":12,"column":25},"end":{"line":12,"column":26}},"loc":{"start":{"line":12,"column":45},"end":{"line":12,"column":102}}},"2":{"name":"(anonymous_3)","decl":{"start":{"line":14,"column":27},"end":{"line":14,"column":28}},"loc":{"start":{"line":14,"column":45},"end":{"line":18,"column":1}}},"3":{"name":"(anonymous_4)","decl":{"start":{"line":20,"column":26},"end":{"line":20,"column":27}},"loc":{"start":{"line":20,"column":62},"end":{"line":20,"column":81}}}},"branchMap":{"0":{"loc":{"start":{"line":8,"column":2},"end":{"line":8,"column":80}},"type":"if","locations":[{"start":{"line":8,"column":2},"end":{"line":8,"column":80}},{"start":{},"end":{}}]},"1":{"loc":{"start":{"line":16,"column":2},"end":{"line":16,"column":62}},"type":"if","locations":[{"start":{"line":16,"column":2},"end":{"line":16,"column":62}},{"start":{},"end":{}}]}},"s":{"0":4,"1":4,"2":59,"3":0,"4":59,"5":4,"6":7,"7":4,"8":4,"9":52,"10":49,"11":0,"12":49,"13":4,"14":4,"15":3,"16":4},"f":{"0":59,"1":7,"2":52,"3":3},"b":{"0":[0,59],"1":[0,49]}}
,"/home/wuanpack/Descargas/IPSS/II AÑO/III TRIMESTRE/DESARROLLO DE APLICACIONES MÓVILES/Unidad III/to-do-list-upgrade/to-do-list-ipss/backend/src/utils/errors.ts": {"path":"/home/wuanpack/Descargas/IPSS/II AÑO/III TRIMESTRE/DESARROLLO DE APLICACIONES MÓVILES/Unidad III/to-do-list-upgrade/to-do-list-ipss/backend/src/utils/errors.ts","statementMap":{"0":{"start":{"line":7,"column":4},"end":{"line":7,"column":19}},"1":{"start":{"line":3,"column":13},"end":{"line":3,"column":31}},"2":{"start":{"line":4,"column":13},"end":{"line":4,"column":25}},"3":{"start":{"line":1,"column":0},"end":{"line":1,"column":13}}},"fnMap":{"0":{"name":"(anonymous_0)","decl":{"start":{"line":2,"column":2},"end":{"line":2,"column":null}},"loc":{"start":{"line":5,"column":19},"end":{"line":8,"column":3}}}},"branchMap":{},"s":{"0":35,"1":35,"2":35,"3":4},"f":{"0":35},"b":{}}
}
