TN:
SF:src/server.ts
FN:13,(anonymous_1)
FN:21,(anonymous_2)
FN:31,(anonymous_3)
FN:43,(anonymous_4)
FNF:4
FNH:3
FNDA:1,(anonymous_1)
FNDA:1,(anonymous_2)
FNDA:37,(anonymous_3)
FNDA:0,(anonymous_4)
DA:1,4
DA:2,4
DA:3,4
DA:4,4
DA:5,4
DA:6,4
DA:7,4
DA:8,4
DA:9,4
DA:11,4
DA:13,4
DA:14,1
DA:16,4
DA:18,4
DA:19,4
DA:21,4
DA:22,1
DA:31,4
DA:32,37
DA:33,37
DA:34,37
DA:35,37
DA:37,37
DA:40,4
DA:42,4
DA:43,0
DA:44,0
DA:48,4
LF:28
LH:26
BRDA:9,0,0,4
BRDA:9,0,1,0
BRDA:33,1,0,1
BRDA:33,1,1,36
BRDA:33,2,0,35
BRDA:33,2,1,1
BRDA:34,3,0,1
BRDA:34,3,1,36
BRDA:34,4,0,35
BRDA:34,4,1,1
BRDA:35,5,0,1
BRDA:35,5,1,36
BRDA:35,6,0,35
BRDA:35,6,1,1
BRDA:42,7,0,0
BRDA:42,7,1,4
BRF:16
BRH:14
end_of_record
TN:
SF:src/config/prisma.ts
FNF:0
FNH:0
DA:1,1
DA:3,1
LF:2
LH:2
BRF:0
BRH:0
end_of_record
TN:
SF:src/controllers/attachment.controller.ts
FN:5,(anonymous_9)
FN:12,(anonymous_10)
FN:24,(anonymous_11)
FN:28,(anonymous_12)
FN:32,(anonymous_13)
FN:40,(anonymous_14)
FN:44,(anonymous_15)
FN:47,(anonymous_16)
FN:51,(anonymous_17)
FNF:9
FNH:7
FNDA:8,(anonymous_9)
FNDA:8,(anonymous_10)
FNDA:1,(anonymous_11)
FNDA:2,(anonymous_12)
FNDA:3,(anonymous_13)
FNDA:2,(anonymous_14)
FNDA:2,(anonymous_15)
FNDA:0,(anonymous_16)
FNDA:0,(anonymous_17)
DA:2,4
DA:3,4
DA:5,4
DA:6,8
DA:7,5
DA:8,5
DA:9,4
DA:12,4
DA:13,8
DA:14,8
DA:15,8
DA:21,5
DA:24,4
DA:25,1
DA:28,4
DA:29,2
DA:32,4
DA:33,3
DA:34,3
DA:35,2
DA:36,2
DA:37,2
DA:40,4
DA:41,2
DA:44,4
DA:45,2
DA:47,4
DA:48,0
DA:51,4
DA:52,0
LF:30
LH:28
BRDA:6,0,0,3
BRDA:6,0,1,5
BRDA:8,1,0,1
BRDA:8,1,1,4
BRDA:8,2,0,5
BRDA:8,2,1,4
BRDA:14,3,0,0
BRDA:14,3,1,8
BRDA:34,4,0,1
BRDA:34,4,1,2
BRF:10
BRH:9
end_of_record
TN:
SF:src/controllers/auth.controller.ts
FN:4,(anonymous_9)
FN:8,(anonymous_10)
FN:12,(anonymous_11)
FN:16,(anonymous_12)
FNF:4
FNH:3
FNDA:2,(anonymous_9)
FNDA:2,(anonymous_10)
FNDA:1,(anonymous_11)
FNDA:0,(anonymous_12)
DA:2,4
DA:4,4
DA:5,2
DA:8,4
DA:9,2
DA:12,4
DA:13,1
DA:16,4
DA:17,0
LF:9
LH:8
BRF:0
BRH:0
end_of_record
TN:
SF:src/controllers/task.controller.ts
FN:6,(anonymous_9)
FN:13,(anonymous_10)
FN:22,(anonymous_11)
FN:29,(anonymous_12)
FN:36,(anonymous_13)
FN:40,(anonymous_14)
FN:53,(anonymous_15)
FNF:7
FNH:7
FNDA:16,(anonymous_9)
FNDA:10,(anonymous_10)
FNDA:6,(anonymous_11)
FNDA:1,(anonymous_12)
FNDA:3,(anonymous_13)
FNDA:6,(anonymous_14)
FNDA:4,(anonymous_15)
DA:2,4
DA:4,4
DA:6,4
DA:7,16
DA:8,6
DA:9,6
DA:10,6
DA:13,4
DA:14,10
DA:15,2
DA:16,2
DA:17,2
DA:18,2
DA:19,2
DA:22,4
DA:23,6
DA:24,6
DA:25,6
DA:26,1
DA:29,4
DA:30,1
DA:31,1
DA:32,1
DA:33,0
DA:36,4
DA:37,3
DA:40,4
DA:41,6
DA:42,6
DA:43,6
DA:50,3
DA:53,4
DA:54,4
DA:55,4
DA:61,3
DA:62,1
LF:36
LH:35
BRDA:7,0,0,10
BRDA:7,0,1,6
BRDA:9,1,0,0
BRDA:9,1,1,6
BRDA:9,2,0,6
BRDA:9,2,1,6
BRDA:14,3,0,8
BRDA:14,3,1,2
BRDA:16,4,0,0
BRDA:16,4,1,2
BRDA:18,5,0,0
BRDA:18,5,1,2
BRF:12
BRH:9
end_of_record
TN:
SF:src/middleware/auth.ts
FN:5,(anonymous_0)
FNF:1
FNH:1
FNDA:56,(anonymous_0)
DA:2,4
DA:3,4
DA:5,4
DA:6,56
DA:7,56
DA:8,4
DA:9,4
DA:12,52
DA:13,52
DA:14,49
DA:16,3
LF:11
LH:11
BRDA:7,0,0,4
BRDA:7,0,1,52
BRF:2
BRH:2
end_of_record
TN:
SF:src/middleware/validate.ts
FN:5,(anonymous_0)
FN:6,(anonymous_1)
FNF:2
FNH:2
FNDA:68,(anonymous_0)
FNDA:67,(anonymous_1)
DA:3,4
DA:5,4
DA:6,68
DA:7,67
DA:8,67
DA:9,8
DA:10,8
DA:12,59
DA:13,59
LF:9
LH:9
BRDA:8,0,0,8
BRDA:8,0,1,59
BRDA:9,1,0,8
BRDA:9,1,1,0
BRF:4
BRH:3
end_of_record
TN:
SF:src/routes/attachment.routes.ts
FN:11,(anonymous_10)
FN:12,(anonymous_11)
FNF:2
FNH:2
FNDA:9,(anonymous_10)
FNDA:9,(anonymous_11)
DA:1,4
DA:2,4
DA:3,4
DA:4,4
DA:5,4
DA:6,4
DA:7,4
DA:9,4
DA:10,4
DA:11,9
DA:12,9
DA:13,4
DA:15,4
DA:16,4
DA:17,4
DA:18,4
DA:19,4
DA:20,4
DA:21,4
DA:22,4
DA:23,4
LF:21
LH:21
BRDA:11,0,0,1
BRDA:11,0,1,8
BRDA:12,1,0,1
BRDA:12,1,1,8
BRF:4
BRH:4
end_of_record
TN:
SF:src/routes/auth.routes.ts
FNF:0
FNH:0
DA:1,4
DA:2,4
DA:3,4
DA:4,4
DA:5,4
DA:7,4
DA:9,4
DA:10,4
DA:11,4
DA:12,4
DA:14,4
LF:11
LH:11
BRF:0
BRH:0
end_of_record
TN:
SF:src/routes/task.routes.ts
FNF:0
FNH:0
DA:1,4
DA:2,4
DA:3,4
DA:4,4
DA:5,4
DA:7,4
DA:8,4
DA:9,4
DA:10,4
DA:11,4
DA:12,4
DA:14,4
LF:12
LH:12
BRF:0
BRH:0
end_of_record
TN:
SF:src/schemas/attachment.schemas.ts
FNF:0
FNH:0
DA:1,4
DA:3,4
DA:4,4
DA:5,4
DA:7,4
DA:8,4
DA:9,4
DA:10,4
LF:8
LH:8
BRF:0
BRH:0
end_of_record
TN:
SF:src/schemas/auth.schemas.ts
FN:7,(anonymous_0)
FN:12,(anonymous_1)
FNF:2
FNH:2
FNDA:2,(anonymous_0)
FNDA:2,(anonymous_1)
DA:1,4
DA:3,4
DA:5,4
DA:7,2
DA:11,4
DA:12,2
LF:6
LH:6
BRF:0
BRH:0
end_of_record
TN:
SF:src/schemas/task.schemas.ts
FN:28,(anonymous_0)
FN:44,(anonymous_1)
FN:45,(anonymous_2)
FN:48,(anonymous_3)
FN:49,(anonymous_4)
FN:54,(anonymous_5)
FN:59,(anonymous_6)
FN:72,(anonymous_7)
FNF:8
FNH:7
FNDA:18,(anonymous_0)
FNDA:26,(anonymous_1)
FNDA:59,(anonymous_2)
FNDA:21,(anonymous_3)
FNDA:48,(anonymous_4)
FNDA:18,(anonymous_5)
FNDA:8,(anonymous_6)
FNDA:0,(anonymous_7)
DA:1,5
DA:3,5
DA:5,5
DA:6,5
DA:7,5
DA:9,5
DA:19,5
DA:25,5
DA:28,5
DA:32,18
DA:33,18
DA:34,18
DA:35,0
DA:44,5
DA:45,59
DA:46,26
DA:48,21
DA:49,48
DA:50,15
DA:51,3
DA:54,5
DA:55,18
DA:56,18
DA:59,5
DA:60,8
DA:61,0
DA:62,0
DA:64,8
DA:67,5
DA:71,5
DA:72,0
LF:31
LH:27
BRDA:34,0,0,0
BRDA:34,0,1,18
BRDA:37,1,0,0
BRDA:37,1,1,0
BRDA:46,2,0,11
BRDA:46,2,1,15
BRDA:49,3,0,48
BRDA:49,3,1,45
BRDA:50,4,0,3
BRDA:50,4,1,12
BRDA:50,5,0,15
BRDA:50,5,1,13
BRDA:60,6,0,0
BRDA:60,6,1,8
BRF:14
BRH:10
end_of_record
TN:
SF:src/services/attachment.service.ts
FN:7,(anonymous_0)
FN:12,(anonymous_1)
FN:13,(anonymous_2)
FN:15,(anonymous_3)
FN:18,(anonymous_4)
FN:48,(anonymous_5)
FN:80,(anonymous_6)
FN:85,(anonymous_7)
FN:92,(anonymous_8)
FN:100,(anonymous_9)
FN:105,(anonymous_10)
FN:112,(anonymous_11)
FN:119,(anonymous_12)
FNF:13
FNH:11
FNDA:18,(anonymous_0)
FNDA:1,(anonymous_1)
FNDA:7,(anonymous_2)
FNDA:1,(anonymous_3)
FNDA:9,(anonymous_4)
FNDA:3,(anonymous_5)
FNDA:1,(anonymous_6)
FNDA:2,(anonymous_7)
FNDA:2,(anonymous_8)
FNDA:2,(anonymous_9)
FNDA:2,(anonymous_10)
FNDA:0,(anonymous_11)
FNDA:0,(anonymous_12)
DA:1,4
DA:2,4
DA:3,4
DA:4,4
DA:5,4
DA:7,4
DA:8,18
DA:9,18
DA:12,4
DA:13,4
DA:14,7
DA:15,4
DA:16,1
DA:18,4
DA:24,9
DA:25,7
DA:26,7
DA:27,2
DA:28,2
DA:29,2
DA:33,1
DA:34,1
DA:38,5
DA:39,5
DA:40,5
DA:41,2
DA:42,1
DA:45,3
DA:46,3
DA:48,3
DA:49,3
DA:50,3
DA:51,0
DA:52,0
DA:54,3
DA:57,3
DA:66,2
DA:68,2
DA:69,2
DA:71,1
DA:72,1
DA:73,1
DA:74,1
DA:75,1
DA:76,1
DA:80,4
DA:81,1
DA:82,1
DA:85,4
DA:86,2
DA:87,2
DA:88,2
DA:89,1
DA:90,1
DA:92,4
DA:93,2
DA:94,1
DA:95,1
DA:96,1
DA:97,0
DA:100,4
DA:101,2
DA:102,1
DA:105,4
DA:106,2
DA:107,2
DA:108,2
DA:109,1
DA:110,1
DA:112,4
DA:113,0
DA:114,0
DA:115,0
DA:116,0
DA:119,4
DA:120,0
DA:121,0
DA:122,0
DA:123,0
LF:79
LH:68
BRDA:9,0,0,4
BRDA:9,0,1,14
BRDA:12,1,0,1
BRDA:12,1,1,1
BRDA:12,1,2,1
BRDA:26,2,0,2
BRDA:26,2,1,5
BRDA:40,3,0,2
BRDA:40,3,1,3
BRDA:41,4,0,1
BRDA:41,4,1,1
BRDA:50,5,0,0
BRDA:50,5,1,3
BRDA:51,6,0,0
BRDA:51,6,1,0
BRDA:63,7,0,3
BRDA:63,7,1,0
BRDA:68,8,0,0
BRDA:68,8,1,2
BRDA:72,9,0,0
BRDA:72,9,1,1
BRDA:74,10,0,0
BRDA:74,10,1,1
BRDA:75,11,0,0
BRDA:75,11,1,1
BRDA:88,12,0,1
BRDA:88,12,1,1
BRDA:94,13,0,0
BRDA:94,13,1,1
BRDA:94,14,0,1
BRDA:94,14,1,1
BRDA:94,14,2,1
BRDA:108,15,0,1
BRDA:108,15,1,1
BRDA:115,16,0,0
BRDA:115,16,1,0
BRDA:122,17,0,0
BRDA:122,17,1,0
BRF:38
BRH:25
end_of_record
TN:
SF:src/services/auth.service.ts
FN:7,(anonymous_1)
FN:20,(anonymous_2)
FN:28,(anonymous_3)
FNF:3
FNH:3
FNDA:2,(anonymous_1)
FNDA:2,(anonymous_2)
FNDA:1,(anonymous_3)
DA:1,4
DA:2,4
DA:4,4
DA:5,4
DA:7,4
DA:8,2
DA:9,2
DA:10,2
DA:11,1
DA:13,1
DA:14,1
DA:16,0
DA:20,4
DA:21,2
DA:22,2
DA:23,1
DA:25,1
DA:28,4
DA:29,1
DA:30,1
DA:31,1
LF:21
LH:20
BRDA:13,0,0,1
BRDA:13,0,1,0
BRDA:13,1,0,1
BRDA:13,1,1,0
BRDA:13,1,2,0
BRDA:22,2,0,1
BRDA:22,2,1,1
BRDA:22,3,0,2
BRDA:22,3,1,1
BRDA:30,4,0,0
BRDA:30,4,1,1
BRF:11
BRH:7
end_of_record
TN:
SF:src/services/file-storage.service.ts
FN:7,(anonymous_1)
FN:16,(anonymous_2)
FN:20,(anonymous_3)
FNF:3
FNH:0
FNDA:0,(anonymous_1)
FNDA:0,(anonymous_2)
FNDA:0,(anonymous_3)
DA:1,3
DA:2,3
DA:3,3
DA:5,3
DA:7,3
DA:8,0
DA:9,0
DA:10,0
DA:11,0
DA:12,0
DA:13,0
DA:16,3
DA:17,0
DA:18,0
DA:20,3
DA:21,0
DA:22,0
DA:23,0
LF:18
LH:7
BRDA:5,0,0,3
BRDA:5,0,1,3
BRDA:7,1,0,0
BRDA:22,2,0,0
BRDA:22,2,1,0
BRDA:22,3,0,0
BRDA:22,3,1,0
BRF:7
BRH:2
end_of_record
TN:
SF:src/services/task.service.ts
FN:11,(anonymous_0)
FN:15,(anonymous_1)
FN:16,(anonymous_2)
FN:21,(anonymous_3)
FN:23,(anonymous_4)
FN:28,(anonymous_5)
FN:43,(anonymous_6)
FN:71,(anonymous_7)
FN:73,(anonymous_8)
FN:91,(anonymous_9)
FN:96,(anonymous_10)
FN:102,(anonymous_11)
FN:109,(anonymous_12)
FN:124,(anonymous_13)
FN:125,(anonymous_14)
FN:141,(anonymous_15)
FN:145,(anonymous_16)
FNF:17
FNH:15
FNDA:34,(anonymous_0)
FNDA:28,(anonymous_1)
FNDA:28,(anonymous_2)
FNDA:6,(anonymous_3)
FNDA:1,(anonymous_4)
FNDA:16,(anonymous_5)
FNDA:6,(anonymous_6)
FNDA:6,(anonymous_7)
FNDA:3,(anonymous_8)
FNDA:1,(anonymous_9)
FNDA:3,(anonymous_10)
FNDA:6,(anonymous_11)
FNDA:6,(anonymous_12)
FNDA:4,(anonymous_13)
FNDA:3,(anonymous_14)
FNDA:0,(anonymous_15)
FNDA:0,(anonymous_16)
DA:1,4
DA:2,4
DA:3,4
DA:5,4
DA:6,4
DA:11,4
DA:12,34
DA:13,34
DA:14,34
DA:15,28
DA:16,28
DA:18,22
DA:21,4
DA:22,6
DA:23,4
DA:24,1
DA:25,1
DA:28,4
DA:36,16
DA:37,10
DA:38,6
DA:41,6
DA:42,6
DA:43,6
DA:44,6
DA:45,6
DA:46,4
DA:47,3
DA:50,2
DA:51,2
DA:60,2
DA:63,1
DA:64,0
DA:65,0
DA:66,0
DA:67,0
DA:71,4
DA:72,6
DA:73,6
DA:74,3
DA:75,0
DA:76,0
DA:77,0
DA:80,0
DA:81,0
DA:82,0
DA:83,0
DA:86,3
DA:88,5
DA:91,4
DA:96,4
DA:97,3
DA:98,3
DA:99,1
DA:102,4
DA:109,6
DA:110,6
DA:111,6
DA:112,6
DA:113,3
DA:114,3
DA:115,1
DA:117,3
DA:118,3
DA:119,3
DA:121,3
DA:124,4
DA:125,4
DA:126,3
DA:130,3
DA:132,2
DA:133,2
DA:134,2
DA:135,0
DA:136,0
DA:137,0
DA:139,2
DA:141,0
DA:145,3
LF:79
LH:64
BRDA:12,0,0,0
BRDA:12,0,1,34
BRDA:13,1,0,0
BRDA:13,1,1,34
BRDA:14,2,0,12
BRDA:14,2,1,22
BRDA:14,3,0,34
BRDA:14,3,1,24
BRDA:15,4,0,22
BRDA:15,4,1,6
BRDA:15,5,0,6
BRDA:15,5,1,0
BRDA:24,6,0,0
BRDA:24,6,1,1
BRDA:24,7,0,1
BRDA:24,7,1,1
BRDA:36,8,0,10
BRDA:36,8,1,6
BRDA:45,9,0,4
BRDA:45,9,1,2
BRDA:46,10,0,1
BRDA:46,10,1,3
BRDA:57,11,0,0
BRDA:57,11,1,2
BRDA:63,12,0,1
BRDA:63,12,1,0
BRDA:65,13,0,0
BRDA:65,13,1,0
BRDA:66,14,0,0
BRDA:66,14,1,0
BRDA:72,15,0,6
BRDA:72,15,1,0
BRDA:74,16,0,0
BRDA:74,16,1,3
BRDA:77,17,0,0
BRDA:77,17,1,0
BRDA:82,18,0,0
BRDA:82,18,1,0
BRDA:92,19,0,1
BRDA:92,19,1,0
BRDA:98,20,0,2
BRDA:98,20,1,1
BRDA:110,21,0,4
BRDA:110,21,1,2
BRDA:112,22,0,3
BRDA:112,22,1,3
BRDA:114,23,0,2
BRDA:114,23,1,1
BRDA:118,24,0,0
BRDA:118,24,1,3
BRDA:130,25,0,1
BRDA:130,25,1,2
BRDA:132,26,0,2
BRDA:132,26,1,0
BRDA:134,27,0,0
BRDA:134,27,1,2
BRDA:136,28,0,0
BRDA:136,28,1,0
BRDA:145,29,0,2
BRDA:145,29,1,1
BRF:60
BRH:38
end_of_record
TN:
SF:src/utils/auth.ts
FN:7,(anonymous_1)
FN:12,(anonymous_2)
FN:14,(anonymous_3)
FN:20,(anonymous_4)
FNF:4
FNH:4
FNDA:59,(anonymous_1)
FNDA:7,(anonymous_2)
FNDA:52,(anonymous_3)
FNDA:3,(anonymous_4)
DA:1,4
DA:7,4
DA:8,59
DA:9,59
DA:12,7
DA:14,4
DA:15,52
DA:16,49
DA:17,49
DA:20,4
LF:10
LH:10
BRDA:8,0,0,0
BRDA:8,0,1,59
BRDA:16,1,0,0
BRDA:16,1,1,49
BRF:4
BRH:2
end_of_record
TN:
SF:src/utils/errors.ts
FN:2,(anonymous_0)
FNF:1
FNH:1
FNDA:35,(anonymous_0)
DA:1,4
DA:3,35
DA:4,35
DA:7,35
LF:4
LH:4
BRF:0
BRH:0
end_of_record
