<?xml version="1.0" encoding="UTF-8"?>
<coverage generated="1788411218283" clover="3.2.0">
  <project timestamp="1788411218283" name="All files">
    <metrics statements="554" coveredstatements="392" conditionals="306" coveredconditionals="136" methods="116" coveredmethods="76" elements="976" coveredelements="604" complexity="0" loc="554" ncloc="554" packages="2" files="9" classes="9"/>
    <package name="auth">
      <metrics statements="82" coveredstatements="63" conditionals="24" coveredconditionals="17" methods="11" coveredmethods="9"/>
      <file name="AuthProvider.tsx" path="/home/wuanpack/Descargas/IPSS/II AÑO/III TRIMESTRE/DESARROLLO DE APLICACIONES MÓVILES/Unidad III/to-do-list-upgrade/to-do-list-ipss/mobile/src/auth/AuthProvider.tsx">
        <metrics statements="82" coveredstatements="63" conditionals="24" coveredconditionals="17" methods="11" coveredmethods="9"/>
        <line num="1" count="1" type="stmt"/>
        <line num="2" count="1" type="stmt"/>
        <line num="18" count="1" type="stmt"/>
        <line num="20" count="1" type="stmt"/>
        <line num="21" count="22" type="stmt"/>
        <line num="22" count="22" type="stmt"/>
        <line num="23" count="22" type="stmt"/>
        <line num="24" count="22" type="stmt"/>
        <line num="25" count="22" type="stmt"/>
        <line num="26" count="22" type="stmt"/>
        <line num="27" count="22" type="stmt"/>
        <line num="29" count="35" type="cond" truecount="2" falsecount="0"/>
        <line num="30" count="22" type="stmt"/>
        <line num="31" count="12" type="stmt"/>
        <line num="32" count="12" type="stmt"/>
        <line num="33" count="12" type="stmt"/>
        <line num="34" count="12" type="stmt"/>
        <line num="35" count="12" type="stmt"/>
        <line num="36" count="12" type="stmt"/>
        <line num="37" count="12" type="stmt"/>
        <line num="39" count="12" type="stmt"/>
        <line num="40" count="12" type="stmt"/>
        <line num="42" count="1" type="cond" truecount="1" falsecount="0"/>
        <line num="43" count="1" type="stmt"/>
        <line num="46" count="11" type="cond" truecount="1" falsecount="0"/>
        <line num="47" count="10" type="stmt"/>
        <line num="48" count="10" type="stmt"/>
        <line num="49" count="4" type="cond" truecount="1" falsecount="0"/>
        <line num="50" count="2" type="stmt"/>
        <line num="51" count="2" type="stmt"/>
        <line num="52" count="2" type="stmt"/>
        <line num="53" count="2" type="stmt"/>
        <line num="54" count="2" type="stmt"/>
        <line num="56" count="6" type="cond" truecount="0" falsecount="1"/>
        <line num="57" count="6" type="cond" truecount="3" falsecount="0"/>
        <line num="58" count="2" type="stmt"/>
        <line num="59" count="1" type="cond" truecount="1" falsecount="0"/>
        <line num="60" count="1" type="stmt"/>
        <line num="65" count="5" type="stmt"/>
        <line num="66" count="5" type="stmt"/>
        <line num="67" count="5" type="cond" truecount="3" falsecount="1"/>
        <line num="68" count="0" type="stmt"/>
        <line num="69" count="0" type="stmt"/>
        <line num="70" count="5" type="cond" truecount="3" falsecount="0"/>
        <line num="71" count="4" type="stmt"/>
        <line num="74" count="0" type="cond" truecount="0" falsecount="1"/>
        <line num="77" count="12" type="cond" truecount="1" falsecount="0"/>
        <line num="81" count="22" type="stmt"/>
        <line num="82" count="11" type="stmt"/>
        <line num="83" count="11" type="stmt"/>
        <line num="84" count="11" type="stmt"/>
        <line num="87" count="22" type="stmt"/>
        <line num="88" count="0" type="stmt"/>
        <line num="89" count="0" type="stmt"/>
        <line num="90" count="0" type="stmt"/>
        <line num="91" count="0" type="stmt"/>
        <line num="92" count="0" type="stmt"/>
        <line num="93" count="0" type="stmt"/>
        <line num="94" count="0" type="stmt"/>
        <line num="95" count="0" type="cond" truecount="0" falsecount="1"/>
        <line num="98" count="22" type="stmt"/>
        <line num="99" count="0" type="stmt"/>
        <line num="100" count="0" type="stmt"/>
        <line num="101" count="0" type="stmt"/>
        <line num="102" count="0" type="stmt"/>
        <line num="103" count="0" type="stmt"/>
        <line num="104" count="0" type="stmt"/>
        <line num="105" count="0" type="stmt"/>
        <line num="106" count="0" type="cond" truecount="0" falsecount="1"/>
        <line num="109" count="22" type="stmt"/>
        <line num="110" count="1" type="stmt"/>
        <line num="111" count="1" type="stmt"/>
        <line num="112" count="1" type="stmt"/>
        <line num="113" count="1" type="stmt"/>
        <line num="114" count="2" type="cond" truecount="0" falsecount="1"/>
        <line num="115" count="1" type="cond" truecount="1" falsecount="0"/>
        <line num="118" count="22" type="stmt"/>
        <line num="122" count="22" type="stmt"/>
        <line num="125" count="1" type="stmt"/>
        <line num="126" count="22" type="stmt"/>
        <line num="127" count="22" type="cond" truecount="0" falsecount="1"/>
        <line num="128" count="22" type="stmt"/>
      </file>
    </package>
    <package name="services">
      <metrics statements="472" coveredstatements="329" conditionals="282" coveredconditionals="119" methods="105" coveredmethods="67"/>
      <file name="auth.schemas.ts" path="/home/wuanpack/Descargas/IPSS/II AÑO/III TRIMESTRE/DESARROLLO DE APLICACIONES MÓVILES/Unidad III/to-do-list-upgrade/to-do-list-ipss/mobile/src/services/auth.schemas.ts">
        <metrics statements="15" coveredstatements="10" conditionals="5" coveredconditionals="0" methods="3" coveredmethods="1"/>
        <line num="1" count="1" type="stmt"/>
        <line num="3" count="1" type="stmt"/>
        <line num="7" count="48" type="stmt"/>
        <line num="10" count="1" type="stmt"/>
        <line num="14" count="1" type="stmt"/>
        <line num="16" count="1" type="stmt"/>
        <line num="22" count="1" type="stmt"/>
        <line num="24" count="1" type="stmt"/>
        <line num="29" count="1" type="cond" truecount="0" falsecount="2"/>
        <line num="31" count="1" type="stmt"/>
        <line num="32" count="0" type="stmt"/>
        <line num="33" count="0" type="stmt"/>
        <line num="34" count="0" type="stmt"/>
        <line num="35" count="0" type="cond" truecount="0" falsecount="3"/>
        <line num="37" count="0" type="stmt"/>
      </file>
      <file name="auth.ts" path="/home/wuanpack/Descargas/IPSS/II AÑO/III TRIMESTRE/DESARROLLO DE APLICACIONES MÓVILES/Unidad III/to-do-list-upgrade/to-do-list-ipss/mobile/src/services/auth.ts">
        <metrics statements="41" coveredstatements="24" conditionals="14" coveredconditionals="7" methods="12" coveredmethods="3"/>
        <line num="1" count="1" type="stmt"/>
        <line num="2" count="1" type="stmt"/>
        <line num="4" count="1" type="stmt"/>
        <line num="5" count="1" type="stmt"/>
        <line num="6" count="1" type="cond" truecount="2" falsecount="0"/>
        <line num="10" count="1" type="stmt"/>
        <line num="11" count="1" type="stmt"/>
        <line num="12" count="1" type="stmt"/>
        <line num="13" count="1" type="stmt"/>
        <line num="15" count="1" type="stmt"/>
        <line num="16" count="1" type="stmt"/>
        <line num="17" count="1" type="stmt"/>
        <line num="18" count="1" type="stmt"/>
        <line num="22" count="1" type="stmt"/>
        <line num="24" count="0" type="stmt"/>
        <line num="25" count="0" type="stmt"/>
        <line num="29" count="1" type="stmt"/>
        <line num="30" count="4" type="stmt"/>
        <line num="35" count="3" type="cond" truecount="1" falsecount="0"/>
        <line num="36" count="3" type="stmt"/>
        <line num="38" count="0" type="cond" truecount="0" falsecount="1"/>
        <line num="39" count="0" type="stmt"/>
        <line num="42" count="3" type="cond" truecount="1" falsecount="0"/>
        <line num="43" count="1" type="stmt"/>
        <line num="44" count="1" type="cond" truecount="2" falsecount="2"/>
        <line num="46" count="2" type="stmt"/>
        <line num="49" count="1" type="stmt"/>
        <line num="50" count="0" type="stmt"/>
        <line num="51" count="0" type="stmt"/>
        <line num="52" count="4" type="stmt"/>
        <line num="53" count="0" type="stmt"/>
        <line num="54" count="0" type="stmt"/>
        <line num="55" count="0" type="stmt"/>
        <line num="56" count="0" type="stmt"/>
        <line num="58" count="0" type="stmt"/>
        <line num="59" count="0" type="cond" truecount="0" falsecount="1"/>
        <line num="60" count="0" type="stmt"/>
        <line num="61" count="0" type="stmt"/>
        <line num="62" count="0" type="cond" truecount="0" falsecount="2"/>
        <line num="64" count="0" type="stmt"/>
        <line num="67" count="0" type="stmt"/>
      </file>
      <file name="jsonplaceholder-adapter.ts" path="/home/wuanpack/Descargas/IPSS/II AÑO/III TRIMESTRE/DESARROLLO DE APLICACIONES MÓVILES/Unidad III/to-do-list-upgrade/to-do-list-ipss/mobile/src/services/jsonplaceholder-adapter.ts">
        <metrics statements="80" coveredstatements="79" conditionals="48" coveredconditionals="38" methods="10" coveredmethods="10"/>
        <line num="1" count="1" type="stmt"/>
        <line num="3" count="1" type="stmt"/>
        <line num="4" count="1" type="stmt"/>
        <line num="5" count="1" type="stmt"/>
        <line num="6" count="1" type="stmt"/>
        <line num="7" count="1" type="stmt"/>
        <line num="8" count="1" type="stmt"/>
        <line num="10" count="1" type="stmt"/>
        <line num="16" count="1" type="stmt"/>
        <line num="43" count="1" type="stmt"/>
        <line num="48" count="3" type="stmt"/>
        <line num="49" count="3" type="stmt"/>
        <line num="50" count="3" type="stmt"/>
        <line num="51" count="3" type="stmt"/>
        <line num="55" count="1" type="stmt"/>
        <line num="57" count="1" type="stmt"/>
        <line num="58" count="1" type="stmt"/>
        <line num="62" count="1" type="stmt"/>
        <line num="66" count="1" type="stmt"/>
        <line num="67" count="1" type="stmt"/>
        <line num="68" count="1" type="stmt"/>
        <line num="72" count="1" type="stmt"/>
        <line num="74" count="1" type="stmt"/>
        <line num="75" count="1" type="stmt"/>
        <line num="79" count="1" type="stmt"/>
        <line num="81" count="1" type="stmt"/>
        <line num="82" count="1" type="stmt"/>
        <line num="86" count="6" type="stmt"/>
        <line num="88" count="4" type="stmt"/>
        <line num="97" count="1" type="cond" truecount="0" falsecount="1"/>
        <line num="98" count="14" type="cond" truecount="2" falsecount="0"/>
        <line num="99" count="14" type="cond" truecount="2" falsecount="0"/>
        <line num="100" count="14" type="cond" truecount="2" falsecount="0"/>
        <line num="101" count="14" type="cond" truecount="3" falsecount="0"/>
        <line num="102" count="13" type="cond" truecount="2" falsecount="1"/>
        <line num="103" count="13" type="cond" truecount="3" falsecount="0"/>
        <line num="105" count="12" type="stmt"/>
        <line num="106" count="12" type="stmt"/>
        <line num="107" count="12" type="stmt"/>
        <line num="109" count="12" type="stmt"/>
        <line num="110" count="1" type="stmt"/>
        <line num="111" count="1" type="stmt"/>
        <line num="113" count="12" type="cond" truecount="1" falsecount="0"/>
        <line num="114" count="1" type="cond" truecount="1" falsecount="1"/>
        <line num="115" count="1" type="stmt"/>
        <line num="117" count="12" type="cond" truecount="1" falsecount="0"/>
        <line num="118" count="12" type="stmt"/>
        <line num="119" count="1" type="stmt"/>
        <line num="120" count="1" type="stmt"/>
        <line num="124" count="12" type="stmt"/>
        <line num="125" count="12" type="cond" truecount="1" falsecount="1"/>
        <line num="126" count="12" type="stmt"/>
        <line num="130" count="9" type="cond" truecount="0" falsecount="1"/>
        <line num="131" count="9" type="cond" truecount="1" falsecount="0"/>
        <line num="132" count="6" type="stmt"/>
        <line num="133" count="6" type="cond" truecount="1" falsecount="3"/>
        <line num="134" count="0" type="stmt"/>
        <line num="136" count="6" type="cond" truecount="1" falsecount="1"/>
        <line num="137" count="6" type="cond" truecount="1" falsecount="0"/>
        <line num="139" count="5" type="stmt"/>
        <line num="140" count="5" type="stmt"/>
        <line num="141" count="5" type="cond" truecount="1" falsecount="0"/>
        <line num="143" count="4" type="stmt"/>
        <line num="144" count="4" type="stmt"/>
        <line num="145" count="4" type="stmt"/>
        <line num="146" count="4" type="stmt"/>
        <line num="147" count="4" type="stmt"/>
        <line num="148" count="7" type="stmt"/>
        <line num="149" count="7" type="cond" truecount="1" falsecount="0"/>
        <line num="150" count="6" type="stmt"/>
        <line num="151" count="6" type="cond" truecount="1" falsecount="0"/>
        <line num="152" count="5" type="stmt"/>
        <line num="153" count="5" type="cond" truecount="1" falsecount="0"/>
        <line num="155" count="4" type="stmt"/>
        <line num="157" count="8" type="cond" truecount="4" falsecount="0"/>
        <line num="158" count="3" type="cond" truecount="1" falsecount="0"/>
        <line num="159" count="2" type="cond" truecount="3" falsecount="0"/>
        <line num="160" count="1" type="stmt"/>
        <line num="162" count="12" type="cond" truecount="1" falsecount="0"/>
        <line num="163" count="12" type="stmt"/>
      </file>
      <file name="sqlite.ts" path="/home/wuanpack/Descargas/IPSS/II AÑO/III TRIMESTRE/DESARROLLO DE APLICACIONES MÓVILES/Unidad III/to-do-list-upgrade/to-do-list-ipss/mobile/src/services/sqlite.ts">
        <metrics statements="11" coveredstatements="11" conditionals="2" coveredconditionals="1" methods="2" coveredmethods="2"/>
        <line num="12" count="1" type="stmt"/>
        <line num="14" count="1" type="stmt"/>
        <line num="47" count="1" type="stmt"/>
        <line num="76" count="1" type="stmt"/>
        <line num="77" count="15" type="stmt"/>
        <line num="78" count="15" type="stmt"/>
        <line num="79" count="15" type="cond" truecount="1" falsecount="1"/>
        <line num="80" count="15" type="stmt"/>
        <line num="81" count="40" type="stmt"/>
        <line num="82" count="40" type="stmt"/>
        <line num="83" count="40" type="stmt"/>
      </file>
      <file name="sync-service.ts" path="/home/wuanpack/Descargas/IPSS/II AÑO/III TRIMESTRE/DESARROLLO DE APLICACIONES MÓVILES/Unidad III/to-do-list-upgrade/to-do-list-ipss/mobile/src/services/sync-service.ts">
        <metrics statements="93" coveredstatements="16" conditionals="83" coveredconditionals="6" methods="13" coveredmethods="3"/>
        <line num="1" count="1" type="stmt"/>
        <line num="2" count="1" type="stmt"/>
        <line num="10" count="1" type="stmt"/>
        <line num="11" count="1" type="stmt"/>
        <line num="12" count="1" type="stmt"/>
        <line num="14" count="1" type="stmt"/>
        <line num="15" count="4" type="cond" truecount="3" falsecount="0"/>
        <line num="16" count="2" type="stmt"/>
        <line num="19" count="1" type="stmt"/>
        <line num="20" count="1" type="cond" truecount="0" falsecount="2"/>
        <line num="21" count="1" type="cond" truecount="0" falsecount="3"/>
        <line num="22" count="1" type="cond" truecount="0" falsecount="2"/>
        <line num="23" count="1" type="cond" truecount="0" falsecount="1"/>
        <line num="24" count="0" type="cond" truecount="0" falsecount="1"/>
        <line num="25" count="0" type="stmt"/>
        <line num="26" count="0" type="stmt"/>
        <line num="27" count="0" type="stmt"/>
        <line num="28" count="0" type="stmt"/>
        <line num="29" count="0" type="cond" truecount="0" falsecount="1"/>
        <line num="30" count="0" type="cond" truecount="0" falsecount="1"/>
        <line num="31" count="0" type="cond" truecount="0" falsecount="3"/>
        <line num="32" count="0" type="cond" truecount="0" falsecount="3"/>
        <line num="33" count="0" type="stmt"/>
        <line num="34" count="0" type="cond" truecount="0" falsecount="1"/>
        <line num="35" count="0" type="stmt"/>
        <line num="36" count="0" type="stmt"/>
        <line num="37" count="0" type="stmt"/>
        <line num="39" count="0" type="cond" truecount="0" falsecount="4"/>
        <line num="40" count="0" type="cond" truecount="0" falsecount="1"/>
        <line num="41" count="0" type="stmt"/>
        <line num="42" count="0" type="stmt"/>
        <line num="43" count="0" type="stmt"/>
        <line num="45" count="0" type="stmt"/>
        <line num="46" count="0" type="cond" truecount="0" falsecount="1"/>
        <line num="47" count="0" type="stmt"/>
        <line num="48" count="0" type="cond" truecount="0" falsecount="3"/>
        <line num="49" count="0" type="stmt"/>
        <line num="50" count="0" type="stmt"/>
        <line num="53" count="0" type="cond" truecount="0" falsecount="3"/>
        <line num="54" count="0" type="stmt"/>
        <line num="55" count="0" type="stmt"/>
        <line num="56" count="0" type="stmt"/>
        <line num="57" count="0" type="cond" truecount="0" falsecount="2"/>
        <line num="58" count="0" type="stmt"/>
        <line num="59" count="0" type="stmt"/>
        <line num="60" count="0" type="cond" truecount="0" falsecount="4"/>
        <line num="61" count="0" type="stmt"/>
        <line num="62" count="0" type="stmt"/>
        <line num="63" count="0" type="cond" truecount="0" falsecount="4"/>
        <line num="64" count="0" type="stmt"/>
        <line num="65" count="0" type="stmt"/>
        <line num="66" count="0" type="cond" truecount="0" falsecount="1"/>
        <line num="67" count="0" type="stmt"/>
        <line num="68" count="0" type="stmt"/>
        <line num="69" count="0" type="stmt"/>
        <line num="71" count="0" type="stmt"/>
        <line num="72" count="0" type="stmt"/>
        <line num="74" count="0" type="stmt"/>
        <line num="75" count="0" type="cond" truecount="0" falsecount="4"/>
        <line num="76" count="0" type="cond" truecount="0" falsecount="4"/>
        <line num="77" count="0" type="cond" truecount="0" falsecount="4"/>
        <line num="78" count="0" type="cond" truecount="0" falsecount="2"/>
        <line num="79" count="0" type="cond" truecount="0" falsecount="2"/>
        <line num="80" count="0" type="stmt"/>
        <line num="81" count="0" type="cond" truecount="0" falsecount="1"/>
        <line num="84" count="0" type="stmt"/>
        <line num="87" count="1" type="stmt"/>
        <line num="88" count="0" type="stmt"/>
        <line num="89" count="0" type="stmt"/>
        <line num="90" count="0" type="cond" truecount="0" falsecount="4"/>
        <line num="91" count="0" type="stmt"/>
        <line num="92" count="0" type="cond" truecount="0" falsecount="1"/>
        <line num="94" count="0" type="stmt"/>
        <line num="95" count="0" type="stmt"/>
        <line num="97" count="0" type="cond" truecount="0" falsecount="3"/>
        <line num="98" count="0" type="stmt"/>
        <line num="99" count="0" type="stmt"/>
        <line num="101" count="0" type="cond" truecount="0" falsecount="1"/>
        <line num="102" count="0" type="stmt"/>
        <line num="103" count="0" type="stmt"/>
        <line num="105" count="0" type="cond" truecount="0" falsecount="3"/>
        <line num="106" count="0" type="stmt"/>
        <line num="111" count="1" type="stmt"/>
        <line num="113" count="1" type="cond" truecount="2" falsecount="1"/>
        <line num="114" count="0" type="cond" truecount="0" falsecount="1"/>
        <line num="115" count="0" type="cond" truecount="0" falsecount="3"/>
        <line num="116" count="0" type="stmt"/>
        <line num="118" count="0" type="stmt"/>
        <line num="119" count="0" type="stmt"/>
        <line num="120" count="0" type="stmt"/>
        <line num="123" count="0" type="cond" truecount="0" falsecount="1"/>
        <line num="124" count="0" type="cond" truecount="0" falsecount="1"/>
        <line num="125" count="0" type="stmt"/>
      </file>
      <file name="task-composer.ts" path="/home/wuanpack/Descargas/IPSS/II AÑO/III TRIMESTRE/DESARROLLO DE APLICACIONES MÓVILES/Unidad III/to-do-list-upgrade/to-do-list-ipss/mobile/src/services/task-composer.ts">
        <metrics statements="55" coveredstatements="51" conditionals="39" coveredconditionals="27" methods="12" coveredmethods="9"/>
        <line num="1" count="1" type="stmt"/>
        <line num="2" count="1" type="stmt"/>
        <line num="31" count="1" type="stmt"/>
        <line num="38" count="4" type="stmt"/>
        <line num="45" count="1" type="stmt"/>
        <line num="46" count="24" type="stmt"/>
        <line num="47" count="24" type="stmt"/>
        <line num="48" count="24" type="stmt"/>
        <line num="49" count="24" type="stmt"/>
        <line num="50" count="24" type="stmt"/>
        <line num="51" count="24" type="stmt"/>
        <line num="52" count="24" type="stmt"/>
        <line num="54" count="24" type="stmt"/>
        <line num="56" count="24" type="stmt"/>
        <line num="57" count="1" type="cond" truecount="2" falsecount="1"/>
        <line num="58" count="1" type="stmt"/>
        <line num="59" count="1" type="cond" truecount="1" falsecount="0"/>
        <line num="60" count="1" type="stmt"/>
        <line num="61" count="1" type="stmt"/>
        <line num="62" count="0" type="cond" truecount="0" falsecount="4"/>
        <line num="63" count="0" type="stmt"/>
        <line num="64" count="0" type="cond" truecount="0" falsecount="5"/>
        <line num="66" count="0" type="cond" truecount="0" falsecount="1"/>
        <line num="68" count="1" type="cond" truecount="1" falsecount="0"/>
        <line num="70" count="1" type="stmt"/>
        <line num="71" count="1" type="cond" truecount="1" falsecount="0"/>
        <line num="75" count="24" type="stmt"/>
        <line num="76" count="6" type="cond" truecount="3" falsecount="0"/>
        <line num="77" count="5" type="cond" truecount="4" falsecount="0"/>
        <line num="78" count="1" type="cond" truecount="1" falsecount="0"/>
        <line num="79" count="1" type="stmt"/>
        <line num="81" count="4" type="stmt"/>
        <line num="82" count="4" type="cond" truecount="1" falsecount="0"/>
        <line num="83" count="4" type="stmt"/>
        <line num="84" count="4" type="stmt"/>
        <line num="85" count="3" type="cond" truecount="1" falsecount="0"/>
        <line num="86" count="3" type="cond" truecount="1" falsecount="1"/>
        <line num="87" count="3" type="stmt"/>
        <line num="88" count="3" type="stmt"/>
        <line num="91" count="1" type="cond" truecount="1" falsecount="0"/>
        <line num="93" count="4" type="stmt"/>
        <line num="94" count="4" type="cond" truecount="1" falsecount="0"/>
        <line num="98" count="24" type="stmt"/>
        <line num="99" count="7" type="cond" truecount="3" falsecount="0"/>
        <line num="100" count="6" type="stmt"/>
        <line num="101" count="6" type="cond" truecount="1" falsecount="0"/>
        <line num="102" count="6" type="stmt"/>
        <line num="103" count="6" type="stmt"/>
        <line num="104" count="5" type="cond" truecount="3" falsecount="0"/>
        <line num="105" count="3" type="stmt"/>
        <line num="106" count="3" type="stmt"/>
        <line num="109" count="1" type="cond" truecount="1" falsecount="0"/>
        <line num="111" count="6" type="stmt"/>
        <line num="112" count="6" type="cond" truecount="1" falsecount="0"/>
        <line num="116" count="24" type="stmt"/>
      </file>
      <file name="task-repository.ts" path="/home/wuanpack/Descargas/IPSS/II AÑO/III TRIMESTRE/DESARROLLO DE APLICACIONES MÓVILES/Unidad III/to-do-list-upgrade/to-do-list-ipss/mobile/src/services/task-repository.ts">
        <metrics statements="150" coveredstatements="126" conditionals="66" coveredconditionals="35" methods="45" coveredmethods="38"/>
        <line num="2" count="1" type="stmt"/>
        <line num="52" count="10" type="stmt"/>
        <line num="54" count="35" type="stmt"/>
        <line num="56" count="23" type="stmt"/>
        <line num="58" count="45" type="stmt"/>
        <line num="82" count="2" type="stmt"/>
        <line num="91" count="17" type="cond" truecount="1" falsecount="0"/>
        <line num="97" count="1" type="stmt"/>
        <line num="98" count="14" type="stmt"/>
        <line num="101" count="15" type="stmt"/>
        <line num="105" count="7" type="stmt"/>
        <line num="109" count="7" type="stmt"/>
        <line num="113" count="2" type="stmt"/>
        <line num="117" count="2" type="stmt"/>
        <line num="121" count="38" type="stmt"/>
        <line num="122" count="38" type="cond" truecount="2" falsecount="0"/>
        <line num="126" count="5" type="stmt"/>
        <line num="127" count="5" type="stmt"/>
        <line num="128" count="5" type="stmt"/>
        <line num="132" count="5" type="stmt"/>
        <line num="133" count="5" type="cond" truecount="0" falsecount="1"/>
        <line num="134" count="5" type="stmt"/>
        <line num="137" count="3" type="stmt"/>
        <line num="138" count="3" type="stmt"/>
        <line num="139" count="3" type="stmt"/>
        <line num="140" count="3" type="stmt"/>
        <line num="141" count="5" type="cond" truecount="2" falsecount="1"/>
        <line num="142" count="5" type="stmt"/>
        <line num="143" count="5" type="cond" truecount="1" falsecount="0"/>
        <line num="144" count="3" type="stmt"/>
        <line num="145" count="3" type="stmt"/>
        <line num="146" count="3" type="stmt"/>
        <line num="147" count="3" type="stmt"/>
        <line num="151" count="3" type="stmt"/>
        <line num="155" count="3" type="stmt"/>
        <line num="158" count="3" type="stmt"/>
        <line num="159" count="3" type="stmt"/>
        <line num="163" count="8" type="stmt"/>
        <line num="164" count="8" type="stmt"/>
        <line num="165" count="8" type="cond" truecount="3" falsecount="0"/>
        <line num="166" count="7" type="stmt"/>
        <line num="176" count="7" type="stmt"/>
        <line num="177" count="7" type="cond" truecount="2" falsecount="0"/>
        <line num="178" count="7" type="cond" truecount="1" falsecount="1"/>
        <line num="179" count="7" type="stmt"/>
        <line num="183" count="7" type="stmt"/>
        <line num="184" count="7" type="cond" truecount="0" falsecount="1"/>
        <line num="185" count="7" type="stmt"/>
        <line num="190" count="2" type="stmt"/>
        <line num="191" count="2" type="stmt"/>
        <line num="192" count="2" type="cond" truecount="1" falsecount="0"/>
        <line num="193" count="1" type="cond" truecount="0" falsecount="1"/>
        <line num="194" count="0" type="stmt"/>
        <line num="195" count="0" type="stmt"/>
        <line num="197" count="1" type="stmt"/>
        <line num="198" count="1" type="cond" truecount="1" falsecount="1"/>
        <line num="199" count="1" type="stmt"/>
        <line num="203" count="1" type="stmt"/>
        <line num="208" count="0" type="stmt"/>
        <line num="212" count="9" type="stmt"/>
        <line num="213" count="9" type="stmt"/>
        <line num="214" count="9" type="cond" truecount="4" falsecount="0"/>
        <line num="215" count="7" type="stmt"/>
        <line num="216" count="7" type="cond" truecount="1" falsecount="0"/>
        <line num="217" count="1" type="stmt"/>
        <line num="221" count="1" type="stmt"/>
        <line num="222" count="1" type="cond" truecount="0" falsecount="1"/>
        <line num="223" count="1" type="stmt"/>
        <line num="225" count="6" type="stmt"/>
        <line num="226" count="6" type="stmt"/>
        <line num="230" count="5" type="stmt"/>
        <line num="231" count="5" type="cond" truecount="0" falsecount="1"/>
        <line num="232" count="5" type="stmt"/>
        <line num="236" count="5" type="stmt"/>
        <line num="240" count="1" type="stmt"/>
        <line num="241" count="1" type="stmt"/>
        <line num="242" count="1" type="cond" truecount="0" falsecount="1"/>
        <line num="243" count="1" type="stmt"/>
        <line num="244" count="1" type="cond" truecount="1" falsecount="0"/>
        <line num="245" count="1" type="stmt"/>
        <line num="246" count="1" type="stmt"/>
        <line num="247" count="1" type="cond" truecount="0" falsecount="1"/>
        <line num="248" count="1" type="stmt"/>
        <line num="250" count="0" type="stmt"/>
        <line num="255" count="3" type="stmt"/>
        <line num="256" count="4" type="stmt"/>
        <line num="257" count="2" type="stmt"/>
        <line num="262" count="2" type="stmt"/>
        <line num="263" count="2" type="stmt"/>
        <line num="264" count="2" type="cond" truecount="1" falsecount="0"/>
        <line num="265" count="1" type="stmt"/>
        <line num="266" count="1" type="stmt"/>
        <line num="270" count="1" type="stmt"/>
        <line num="271" count="1" type="cond" truecount="0" falsecount="1"/>
        <line num="272" count="1" type="stmt"/>
        <line num="277" count="2" type="stmt"/>
        <line num="278" count="2" type="stmt"/>
        <line num="281" count="0" type="stmt"/>
        <line num="282" count="0" type="stmt"/>
        <line num="283" count="0" type="stmt"/>
        <line num="284" count="0" type="stmt"/>
        <line num="289" count="4" type="stmt"/>
        <line num="290" count="4" type="stmt"/>
        <line num="291" count="4" type="stmt"/>
        <line num="295" count="4" type="stmt"/>
        <line num="296" count="4" type="cond" truecount="0" falsecount="1"/>
        <line num="297" count="4" type="stmt"/>
        <line num="302" count="1" type="stmt"/>
        <line num="303" count="1" type="stmt"/>
        <line num="304" count="1" type="cond" truecount="0" falsecount="1"/>
        <line num="305" count="1" type="stmt"/>
        <line num="306" count="1" type="cond" truecount="0" falsecount="1"/>
        <line num="307" count="1" type="stmt"/>
        <line num="308" count="1" type="cond" truecount="2" falsecount="2"/>
        <line num="309" count="1" type="stmt"/>
        <line num="311" count="0" type="stmt"/>
        <line num="313" count="1" type="stmt"/>
        <line num="314" count="1" type="stmt"/>
        <line num="315" count="1" type="cond" truecount="0" falsecount="1"/>
        <line num="316" count="1" type="stmt"/>
        <line num="321" count="0" type="stmt"/>
        <line num="322" count="0" type="stmt"/>
        <line num="323" count="0" type="cond" truecount="0" falsecount="1"/>
        <line num="324" count="0" type="stmt"/>
        <line num="325" count="0" type="stmt"/>
        <line num="326" count="0" type="cond" truecount="0" falsecount="3"/>
        <line num="327" count="0" type="stmt"/>
        <line num="328" count="0" type="stmt"/>
        <line num="330" count="0" type="stmt"/>
        <line num="331" count="0" type="stmt"/>
        <line num="332" count="0" type="stmt"/>
        <line num="336" count="4" type="stmt"/>
        <line num="340" count="1" type="stmt"/>
        <line num="341" count="1" type="stmt"/>
        <line num="342" count="1" type="cond" truecount="2" falsecount="1"/>
        <line num="343" count="1" type="stmt"/>
        <line num="344" count="1" type="cond" truecount="0" falsecount="1"/>
        <line num="345" count="1" type="stmt"/>
        <line num="346" count="1" type="stmt"/>
        <line num="347" count="1" type="stmt"/>
        <line num="348" count="1" type="stmt"/>
        <line num="349" count="1" type="stmt"/>
        <line num="353" count="1" type="stmt"/>
        <line num="354" count="1" type="cond" truecount="0" falsecount="1"/>
        <line num="355" count="1" type="stmt"/>
        <line num="359" count="0" type="stmt"/>
        <line num="363" count="0" type="stmt"/>
        <line num="364" count="0" type="cond" truecount="0" falsecount="1"/>
        <line num="365" count="0" type="stmt"/>
        <line num="369" count="3" type="stmt"/>
      </file>
      <file name="tasks.ts" path="/home/wuanpack/Descargas/IPSS/II AÑO/III TRIMESTRE/DESARROLLO DE APLICACIONES MÓVILES/Unidad III/to-do-list-upgrade/to-do-list-ipss/mobile/src/services/tasks.ts">
        <metrics statements="27" coveredstatements="12" conditionals="25" coveredconditionals="5" methods="8" coveredmethods="1"/>
        <line num="1" count="2" type="stmt"/>
        <line num="4" count="2" type="cond" truecount="2" falsecount="0"/>
        <line num="41" count="2" type="stmt"/>
        <line num="42" count="0" type="stmt"/>
        <line num="43" count="0" type="stmt"/>
        <line num="44" count="0" type="stmt"/>
        <line num="48" count="2" type="cond" truecount="0" falsecount="1"/>
        <line num="49" count="4" type="cond" truecount="0" falsecount="1"/>
        <line num="50" count="4" type="stmt"/>
        <line num="51" count="4" type="cond" truecount="1" falsecount="0"/>
        <line num="52" count="3" type="stmt"/>
        <line num="53" count="3" type="cond" truecount="2" falsecount="0"/>
        <line num="56" count="2" type="stmt"/>
        <line num="58" count="2" type="stmt"/>
        <line num="59" count="0" type="stmt"/>
        <line num="60" count="0" type="stmt"/>
        <line num="65" count="0" type="cond" truecount="0" falsecount="1"/>
        <line num="66" count="0" type="stmt"/>
        <line num="68" count="0" type="stmt"/>
        <line num="69" count="0" type="cond" truecount="0" falsecount="5"/>
        <line num="70" count="0" type="stmt"/>
        <line num="72" count="2" type="stmt"/>
        <line num="73" count="0" type="stmt"/>
        <line num="74" count="0" type="stmt"/>
        <line num="75" count="0" type="cond" truecount="0" falsecount="2"/>
        <line num="76" count="0" type="cond" truecount="0" falsecount="4"/>
        <line num="77" count="0" type="cond" truecount="0" falsecount="4"/>
      </file>
    </package>
  </project>
</coverage>
