{"/home/wuanpack/Descargas/IPSS/II AÑO/III TRIMESTRE/DESARROLLO DE APLICACIONES MÓVILES/Unidad III/to-do-list-upgrade/to-do-list-ipss/mobile/src/auth/AuthProvider.tsx": {"path":"/home/wuanpack/Descargas/IPSS/II AÑO/III TRIMESTRE/DESARROLLO DE APLICACIONES MÓVILES/Unidad III/to-do-list-upgrade/to-do-list-ipss/mobile/src/auth/AuthProvider.tsx","statementMap":{"0":{"start":{"line":20,"column":0},"end":{"line":20,"column":16}},"1":{"start":{"line":1,"column":0},"end":{"line":1,"column":125}},"2":{"start":{"line":2,"column":0},"end":{"line":2,"column":69}},"3":{"start":{"line":18,"column":20},"end":{"line":18,"column":64}},"4":{"start":{"line":21,"column":28},"end":{"line":21,"column":57}},"5":{"start":{"line":22,"column":26},"end":{"line":22,"column":53}},"6":{"start":{"line":23,"column":38},"end":{"line":23,"column":66}},"7":{"start":{"line":24,"column":32},"end":{"line":24,"column":46}},"8":{"start":{"line":25,"column":42},"end":{"line":25,"column":71}},"9":{"start":{"line":26,"column":18},"end":{"line":26,"column":30}},"10":{"start":{"line":27,"column":20},"end":{"line":27,"column":29}},"11":{"start":{"line":29,"column":20},"end":{"line":29,"column":96}},"12":{"start":{"line":29,"column":48},"end":{"line":29,"column":91}},"13":{"start":{"line":30,"column":25},"end":{"line":79,"column":17}},"14":{"start":{"line":31,"column":15},"end":{"line":31,"column":34}},"15":{"start":{"line":32,"column":4},"end":{"line":32,"column":21}},"16":{"start":{"line":33,"column":4},"end":{"line":33,"column":26}},"17":{"start":{"line":34,"column":4},"end":{"line":34,"column":19}},"18":{"start":{"line":35,"column":4},"end":{"line":35,"column":18}},"19":{"start":{"line":36,"column":4},"end":{"line":36,"column":26}},"20":{"start":{"line":37,"column":4},"end":{"line":78,"column":5}},"21":{"start":{"line":39,"column":6},"end":{"line":44,"column":7}},"22":{"start":{"line":40,"column":8},"end":{"line":40,"column":47}},"23":{"start":{"line":42,"column":8},"end":{"line":42,"column":93}},"24":{"start":{"line":42,"column":27},"end":{"line":42,"column":93}},"25":{"start":{"line":43,"column":8},"end":{"line":43,"column":15}},"26":{"start":{"line":46,"column":6},"end":{"line":63,"column":7}},"27":{"start":{"line":47,"column":8},"end":{"line":62,"column":9}},"28":{"start":{"line":48,"column":30},"end":{"line":48,"column":59}},"29":{"start":{"line":49,"column":10},"end":{"line":49,"column":37}},"30":{"start":{"line":49,"column":30},"end":{"line":49,"column":37}},"31":{"start":{"line":50,"column":10},"end":{"line":50,"column":31}},"32":{"start":{"line":51,"column":10},"end":{"line":51,"column":32}},"33":{"start":{"line":52,"column":10},"end":{"line":52,"column":34}},"34":{"start":{"line":53,"column":10},"end":{"line":53,"column":110}},"35":{"start":{"line":53,"column":16},"end":{"line":53,"column":61}},"36":{"start":{"line":54,"column":10},"end":{"line":54,"column":17}},"37":{"start":{"line":56,"column":10},"end":{"line":56,"column":37}},"38":{"start":{"line":56,"column":30},"end":{"line":56,"column":37}},"39":{"start":{"line":57,"column":10},"end":{"line":61,"column":11}},"40":{"start":{"line":58,"column":12},"end":{"line":59,"column":111}},"41":{"start":{"line":58,"column":18},"end":{"line":58,"column":45}},"42":{"start":{"line":59,"column":20},"end":{"line":59,"column":101}},"43":{"start":{"line":59,"column":39},"end":{"line":59,"column":101}},"44":{"start":{"line":59,"column":102},"end":{"line":59,"column":109}},"45":{"start":{"line":60,"column":12},"end":{"line":60,"column":19}},"46":{"start":{"line":65,"column":6},"end":{"line":75,"column":7}},"47":{"start":{"line":66,"column":26},"end":{"line":66,"column":58}},"48":{"start":{"line":67,"column":8},"end":{"line":72,"column":9}},"49":{"start":{"line":68,"column":10},"end":{"line":68,"column":29}},"50":{"start":{"line":69,"column":10},"end":{"line":69,"column":33}},"51":{"start":{"line":70,"column":15},"end":{"line":72,"column":9}},"52":{"start":{"line":71,"column":10},"end":{"line":71,"column":95}},"53":{"start":{"line":74,"column":8},"end":{"line":74,"column":90}},"54":{"start":{"line":74,"column":27},"end":{"line":74,"column":90}},"55":{"start":{"line":77,"column":6},"end":{"line":77,"column":43}},"56":{"start":{"line":77,"column":25},"end":{"line":77,"column":43}},"57":{"start":{"line":81,"column":2},"end":{"line":85,"column":23}},"58":{"start":{"line":82,"column":4},"end":{"line":82,"column":27}},"59":{"start":{"line":83,"column":4},"end":{"line":83,"column":26}},"60":{"start":{"line":84,"column":4},"end":{"line":84,"column":70}},"61":{"start":{"line":84,"column":19},"end":{"line":84,"column":43}},"62":{"start":{"line":84,"column":44},"end":{"line":84,"column":67}},"63":{"start":{"line":87,"column":16},"end":{"line":96,"column":17}},"64":{"start":{"line":88,"column":15},"end":{"line":88,"column":34}},"65":{"start":{"line":89,"column":4},"end":{"line":89,"column":22}},"66":{"start":{"line":90,"column":4},"end":{"line":90,"column":26}},"67":{"start":{"line":91,"column":4},"end":{"line":91,"column":26}},"68":{"start":{"line":92,"column":19},"end":{"line":92,"column":55}},"69":{"start":{"line":93,"column":4},"end":{"line":93,"column":42}},"70":{"start":{"line":94,"column":4},"end":{"line":94,"column":117}},"71":{"start":{"line":94,"column":10},"end":{"line":94,"column":55}},"72":{"start":{"line":95,"column":4},"end":{"line":95,"column":97}},"73":{"start":{"line":95,"column":25},"end":{"line":95,"column":48}},"74":{"start":{"line":95,"column":49},"end":{"line":95,"column":70}},"75":{"start":{"line":95,"column":71},"end":{"line":95,"column":95}},"76":{"start":{"line":98,"column":19},"end":{"line":107,"column":17}},"77":{"start":{"line":99,"column":15},"end":{"line":99,"column":34}},"78":{"start":{"line":100,"column":4},"end":{"line":100,"column":22}},"79":{"start":{"line":101,"column":4},"end":{"line":101,"column":26}},"80":{"start":{"line":102,"column":4},"end":{"line":102,"column":26}},"81":{"start":{"line":103,"column":19},"end":{"line":103,"column":64}},"82":{"start":{"line":104,"column":4},"end":{"line":104,"column":42}},"83":{"start":{"line":105,"column":4},"end":{"line":105,"column":117}},"84":{"start":{"line":105,"column":10},"end":{"line":105,"column":55}},"85":{"start":{"line":106,"column":4},"end":{"line":106,"column":97}},"86":{"start":{"line":106,"column":25},"end":{"line":106,"column":48}},"87":{"start":{"line":106,"column":49},"end":{"line":106,"column":70}},"88":{"start":{"line":106,"column":71},"end":{"line":106,"column":95}},"89":{"start":{"line":109,"column":17},"end":{"line":116,"column":17}},"90":{"start":{"line":110,"column":15},"end":{"line":110,"column":34}},"91":{"start":{"line":111,"column":4},"end":{"line":111,"column":22}},"92":{"start":{"line":112,"column":4},"end":{"line":112,"column":26}},"93":{"start":{"line":113,"column":20},"end":{"line":113,"column":98}},"94":{"start":{"line":114,"column":4},"end":{"line":114,"column":110}},"95":{"start":{"line":114,"column":33},"end":{"line":114,"column":61}},"96":{"start":{"line":114,"column":64},"end":{"line":114,"column":110}},"97":{"start":{"line":115,"column":4},"end":{"line":115,"column":80}},"98":{"start":{"line":115,"column":25},"end":{"line":115,"column":40}},"99":{"start":{"line":115,"column":41},"end":{"line":115,"column":55}},"100":{"start":{"line":115,"column":56},"end":{"line":115,"column":78}},"101":{"start":{"line":118,"column":16},"end":{"line":120,"column":96}},"102":{"start":{"line":118,"column":49},"end":{"line":120,"column":4}},"103":{"start":{"line":122,"column":2},"end":{"line":122,"column":79}},"104":{"start":{"line":125,"column":23},"end":{"line":129,"column":1}},"105":{"start":{"line":126,"column":18},"end":{"line":126,"column":41}},"106":{"start":{"line":127,"column":2},"end":{"line":127,"column":77}},"107":{"start":{"line":127,"column":16},"end":{"line":127,"column":77}},"108":{"start":{"line":128,"column":2},"end":{"line":128,"column":17}},"109":{"start":{"line":125,"column":13},"end":{"line":125,"column":23}}},"fnMap":{"0":{"name":"AuthProvider","decl":{"start":{"line":20,"column":16},"end":{"line":20,"column":28}},"loc":{"start":{"line":20,"column":60},"end":{"line":123,"column":1}}},"1":{"name":"(anonymous_1)","decl":{"start":{"line":29,"column":32},"end":{"line":29,"column":33}},"loc":{"start":{"line":29,"column":48},"end":{"line":29,"column":91}}},"2":{"name":"(anonymous_2)","decl":{"start":{"line":30,"column":37},"end":{"line":30,"column":42}},"loc":{"start":{"line":30,"column":48},"end":{"line":79,"column":3}}},"3":{"name":"(anonymous_3)","decl":{"start":{"line":81,"column":12},"end":{"line":81,"column":15}},"loc":{"start":{"line":81,"column":17},"end":{"line":85,"column":3}}},"4":{"name":"(anonymous_4)","decl":{"start":{"line":84,"column":11},"end":{"line":84,"column":14}},"loc":{"start":{"line":84,"column":16},"end":{"line":84,"column":69}}},"5":{"name":"(anonymous_5)","decl":{"start":{"line":87,"column":28},"end":{"line":87,"column":33}},"loc":{"start":{"line":87,"column":70},"end":{"line":96,"column":3}}},"6":{"name":"(anonymous_6)","decl":{"start":{"line":98,"column":31},"end":{"line":98,"column":36}},"loc":{"start":{"line":98,"column":87},"end":{"line":107,"column":3}}},"7":{"name":"(anonymous_7)","decl":{"start":{"line":109,"column":29},"end":{"line":109,"column":34}},"loc":{"start":{"line":109,"column":40},"end":{"line":116,"column":3}}},"8":{"name":"(anonymous_8)","decl":{"start":{"line":114,"column":21},"end":{"line":114,"column":22}},"loc":{"start":{"line":114,"column":33},"end":{"line":114,"column":61}}},"9":{"name":"(anonymous_9)","decl":{"start":{"line":118,"column":42},"end":{"line":118,"column":45}},"loc":{"start":{"line":118,"column":49},"end":{"line":120,"column":4}}},"10":{"name":"(anonymous_10)","decl":{"start":{"line":125,"column":23},"end":{"line":125,"column":26}},"loc":{"start":{"line":125,"column":28},"end":{"line":129,"column":1}}}},"branchMap":{"0":{"loc":{"start":{"line":29,"column":48},"end":{"line":29,"column":91}},"type":"binary-expr","locations":[{"start":{"line":29,"column":48},"end":{"line":29,"column":63}},{"start":{"line":29,"column":67},"end":{"line":29,"column":91}}]},"1":{"loc":{"start":{"line":42,"column":8},"end":{"line":42,"column":93}},"type":"if","locations":[{"start":{"line":42,"column":8},"end":{"line":42,"column":93}}]},"2":{"loc":{"start":{"line":46,"column":6},"end":{"line":63,"column":7}},"type":"if","locations":[{"start":{"line":46,"column":6},"end":{"line":63,"column":7}}]},"3":{"loc":{"start":{"line":49,"column":10},"end":{"line":49,"column":37}},"type":"if","locations":[{"start":{"line":49,"column":10},"end":{"line":49,"column":37}}]},"4":{"loc":{"start":{"line":56,"column":10},"end":{"line":56,"column":37}},"type":"if","locations":[{"start":{"line":56,"column":10},"end":{"line":56,"column":37}}]},"5":{"loc":{"start":{"line":57,"column":10},"end":{"line":61,"column":11}},"type":"if","locations":[{"start":{"line":57,"column":10},"end":{"line":61,"column":11}}]},"6":{"loc":{"start":{"line":57,"column":14},"end":{"line":57,"column":72}},"type":"binary-expr","locations":[{"start":{"line":57,"column":14},"end":{"line":57,"column":44}},{"start":{"line":57,"column":48},"end":{"line":57,"column":72}}]},"7":{"loc":{"start":{"line":59,"column":20},"end":{"line":59,"column":101}},"type":"if","locations":[{"start":{"line":59,"column":20},"end":{"line":59,"column":101}}]},"8":{"loc":{"start":{"line":67,"column":8},"end":{"line":72,"column":9}},"type":"if","locations":[{"start":{"line":67,"column":8},"end":{"line":72,"column":9}},{"start":{"line":70,"column":15},"end":{"line":72,"column":9}}]},"9":{"loc":{"start":{"line":67,"column":12},"end":{"line":67,"column":38}},"type":"binary-expr","locations":[{"start":{"line":67,"column":12},"end":{"line":67,"column":25}},{"start":{"line":67,"column":29},"end":{"line":67,"column":38}}]},"10":{"loc":{"start":{"line":70,"column":15},"end":{"line":72,"column":9}},"type":"if","locations":[{"start":{"line":70,"column":15},"end":{"line":72,"column":9}}]},"11":{"loc":{"start":{"line":70,"column":19},"end":{"line":70,"column":47}},"type":"binary-expr","locations":[{"start":{"line":70,"column":19},"end":{"line":70,"column":32}},{"start":{"line":70,"column":36},"end":{"line":70,"column":47}}]},"12":{"loc":{"start":{"line":74,"column":8},"end":{"line":74,"column":90}},"type":"if","locations":[{"start":{"line":74,"column":8},"end":{"line":74,"column":90}}]},"13":{"loc":{"start":{"line":77,"column":6},"end":{"line":77,"column":43}},"type":"if","locations":[{"start":{"line":77,"column":6},"end":{"line":77,"column":43}}]},"14":{"loc":{"start":{"line":95,"column":4},"end":{"line":95,"column":97}},"type":"if","locations":[{"start":{"line":95,"column":4},"end":{"line":95,"column":97}}]},"15":{"loc":{"start":{"line":106,"column":4},"end":{"line":106,"column":97}},"type":"if","locations":[{"start":{"line":106,"column":4},"end":{"line":106,"column":97}}]},"16":{"loc":{"start":{"line":114,"column":4},"end":{"line":114,"column":110}},"type":"if","locations":[{"start":{"line":114,"column":4},"end":{"line":114,"column":110}}]},"17":{"loc":{"start":{"line":115,"column":4},"end":{"line":115,"column":80}},"type":"if","locations":[{"start":{"line":115,"column":4},"end":{"line":115,"column":80}}]},"18":{"loc":{"start":{"line":127,"column":2},"end":{"line":127,"column":77}},"type":"if","locations":[{"start":{"line":127,"column":2},"end":{"line":127,"column":77}}]}},"s":{"0":1,"1":1,"2":1,"3":1,"4":22,"5":22,"6":22,"7":22,"8":22,"9":22,"10":22,"11":22,"12":35,"13":22,"14":12,"15":12,"16":12,"17":12,"18":12,"19":12,"20":12,"21":12,"22":12,"23":1,"24":1,"25":1,"26":11,"27":10,"28":10,"29":4,"30":2,"31":2,"32":2,"33":2,"34":2,"35":2,"36":2,"37":6,"38":0,"39":6,"40":2,"41":2,"42":1,"43":1,"44":1,"45":1,"46":5,"47":5,"48":5,"49":0,"50":0,"51":5,"52":4,"53":0,"54":0,"55":12,"56":10,"57":22,"58":11,"59":11,"60":11,"61":11,"62":11,"63":22,"64":0,"65":0,"66":0,"67":0,"68":0,"69":0,"70":0,"71":0,"72":0,"73":0,"74":0,"75":0,"76":22,"77":0,"78":0,"79":0,"80":0,"81":0,"82":0,"83":0,"84":0,"85":0,"86":0,"87":0,"88":0,"89":22,"90":1,"91":1,"92":1,"93":1,"94":1,"95":2,"96":0,"97":1,"98":1,"99":1,"100":1,"101":22,"102":22,"103":22,"104":1,"105":22,"106":22,"107":0,"108":22,"109":1},"f":{"0":22,"1":35,"2":12,"3":11,"4":11,"5":0,"6":0,"7":1,"8":2,"9":22,"10":22},"b":{"0":[35,33],"1":[1],"2":[10],"3":[2],"4":[0],"5":[2],"6":[6,3],"7":[1],"8":[0,5],"9":[5,5],"10":[4],"11":[5,5],"12":[0],"13":[10],"14":[0],"15":[0],"16":[0],"17":[1],"18":[0]}}
,"/home/wuanpack/Descargas/IPSS/II AÑO/III TRIMESTRE/DESARROLLO DE APLICACIONES MÓVILES/Unidad III/to-do-list-upgrade/to-do-list-ipss/mobile/src/services/auth.schemas.ts": {"path":"/home/wuanpack/Descargas/IPSS/II AÑO/III TRIMESTRE/DESARROLLO DE APLICACIONES MÓVILES/Unidad III/to-do-list-upgrade/to-do-list-ipss/mobile/src/services/auth.schemas.ts","statementMap":{"0":{"start":{"line":1,"column":0},"end":{"line":1,"column":24}},"1":{"start":{"line":3,"column":14},"end":{"line":8,"column":16}},"2":{"start":{"line":7,"column":19},"end":{"line":7,"column":36}},"3":{"start":{"line":10,"column":17},"end":{"line":12,"column":59}},"4":{"start":{"line":14,"column":20},"end":{"line":14,"column":47}},"5":{"start":{"line":16,"column":13},"end":{"line":20,"column":73}},"6":{"start":{"line":22,"column":13},"end":{"line":22,"column":57}},"7":{"start":{"line":24,"column":13},"end":{"line":24,"column":66}},"8":{"start":{"line":29,"column":38},"end":{"line":29,"column":121}},"9":{"start":{"line":29,"column":61},"end":{"line":29,"column":121}},"10":{"start":{"line":29,"column":13},"end":{"line":29,"column":38}},"11":{"start":{"line":31,"column":37},"end":{"line":38,"column":1}},"12":{"start":{"line":32,"column":43},"end":{"line":32,"column":45}},"13":{"start":{"line":33,"column":2},"end":{"line":36,"column":3}},"14":{"start":{"line":34,"column":18},"end":{"line":34,"column":31}},"15":{"start":{"line":35,"column":4},"end":{"line":35,"column":87}},"16":{"start":{"line":35,"column":55},"end":{"line":35,"column":87}},"17":{"start":{"line":37,"column":2},"end":{"line":37,"column":18}},"18":{"start":{"line":31,"column":13},"end":{"line":31,"column":37}}},"fnMap":{"0":{"name":"(anonymous_0)","decl":{"start":{"line":7,"column":10},"end":{"line":7,"column":11}},"loc":{"start":{"line":7,"column":19},"end":{"line":7,"column":36}}},"1":{"name":"(anonymous_1)","decl":{"start":{"line":29,"column":38},"end":{"line":29,"column":39}},"loc":{"start":{"line":29,"column":61},"end":{"line":29,"column":121}}},"2":{"name":"(anonymous_2)","decl":{"start":{"line":31,"column":37},"end":{"line":31,"column":38}},"loc":{"start":{"line":31,"column":83},"end":{"line":38,"column":1}}}},"branchMap":{"0":{"loc":{"start":{"line":29,"column":61},"end":{"line":29,"column":121}},"type":"binary-expr","locations":[{"start":{"line":29,"column":61},"end":{"line":29,"column":85}},{"start":{"line":29,"column":89},"end":{"line":29,"column":121}}]},"1":{"loc":{"start":{"line":35,"column":4},"end":{"line":35,"column":87}},"type":"if","locations":[{"start":{"line":35,"column":4},"end":{"line":35,"column":87}}]},"2":{"loc":{"start":{"line":35,"column":8},"end":{"line":35,"column":53}},"type":"binary-expr","locations":[{"start":{"line":35,"column":8},"end":{"line":35,"column":33}},{"start":{"line":35,"column":37},"end":{"line":35,"column":53}}]}},"s":{"0":1,"1":1,"2":48,"3":1,"4":1,"5":1,"6":1,"7":1,"8":1,"9":0,"10":1,"11":1,"12":0,"13":0,"14":0,"15":0,"16":0,"17":0,"18":1},"f":{"0":48,"1":0,"2":0},"b":{"0":[0,0],"1":[0],"2":[0,0]}}
,"/home/wuanpack/Descargas/IPSS/II AÑO/III TRIMESTRE/DESARROLLO DE APLICACIONES MÓVILES/Unidad III/to-do-list-upgrade/to-do-list-ipss/mobile/src/services/auth.ts": {"path":"/home/wuanpack/Descargas/IPSS/II AÑO/III TRIMESTRE/DESARROLLO DE APLICACIONES MÓVILES/Unidad III/to-do-list-upgrade/to-do-list-ipss/mobile/src/services/auth.ts","statementMap":{"0":{"start":{"line":1,"column":0},"end":{"line":1,"column":49}},"1":{"start":{"line":2,"column":0},"end":{"line":2,"column":24}},"2":{"start":{"line":4,"column":17},"end":{"line":4,"column":42}},"3":{"start":{"line":5,"column":25},"end":{"line":5,"column":54}},"4":{"start":{"line":6,"column":15},"end":{"line":6,"column":77}},"5":{"start":{"line":10,"column":19},"end":{"line":10,"column":101}},"6":{"start":{"line":11,"column":27},"end":{"line":11,"column":92}},"7":{"start":{"line":12,"column":28},"end":{"line":12,"column":109}},"8":{"start":{"line":13,"column":28},"end":{"line":13,"column":38}},"9":{"start":{"line":17,"column":4},"end":{"line":17,"column":19}},"10":{"start":{"line":16,"column":23},"end":{"line":16,"column":41}},"11":{"start":{"line":16,"column":52},"end":{"line":16,"column":76}},"12":{"start":{"line":18,"column":4},"end":{"line":18,"column":32}},"13":{"start":{"line":15,"column":0},"end":{"line":15,"column":13}},"14":{"start":{"line":24,"column":4},"end":{"line":24,"column":19}},"15":{"start":{"line":25,"column":4},"end":{"line":25,"column":36}},"16":{"start":{"line":22,"column":0},"end":{"line":22,"column":13}},"17":{"start":{"line":29,"column":16},"end":{"line":47,"column":1}},"18":{"start":{"line":30,"column":19},"end":{"line":33,"column":4}},"19":{"start":{"line":35,"column":2},"end":{"line":41,"column":3}},"20":{"start":{"line":36,"column":4},"end":{"line":40,"column":5}},"21":{"start":{"line":36,"column":10},"end":{"line":36,"column":39}},"22":{"start":{"line":38,"column":6},"end":{"line":38,"column":95}},"23":{"start":{"line":38,"column":24},"end":{"line":38,"column":95}},"24":{"start":{"line":39,"column":6},"end":{"line":39,"column":69}},"25":{"start":{"line":42,"column":2},"end":{"line":45,"column":3}},"26":{"start":{"line":43,"column":19},"end":{"line":43,"column":54}},"27":{"start":{"line":44,"column":4},"end":{"line":44,"column":162}},"28":{"start":{"line":46,"column":2},"end":{"line":46,"column":14}},"29":{"start":{"line":49,"column":13},"end":{"line":68,"column":2}},"30":{"start":{"line":50,"column":69},"end":{"line":50,"column":199}},"31":{"start":{"line":51,"column":52},"end":{"line":51,"column":173}},"32":{"start":{"line":52,"column":31},"end":{"line":52,"column":96}},"33":{"start":{"line":53,"column":32},"end":{"line":53,"column":73}},"34":{"start":{"line":54,"column":18},"end":{"line":54,"column":52}},"35":{"start":{"line":55,"column":20},"end":{"line":55,"column":57}},"36":{"start":{"line":56,"column":37},"end":{"line":56,"column":101}},"37":{"start":{"line":58,"column":16},"end":{"line":58,"column":64}},"38":{"start":{"line":59,"column":4},"end":{"line":59,"column":26}},"39":{"start":{"line":59,"column":14},"end":{"line":59,"column":26}},"40":{"start":{"line":60,"column":4},"end":{"line":65,"column":5}},"41":{"start":{"line":61,"column":21},"end":{"line":61,"column":67}},"42":{"start":{"line":62,"column":6},"end":{"line":62,"column":49}},"43":{"start":{"line":64,"column":6},"end":{"line":64,"column":18}},"44":{"start":{"line":67,"column":28},"end":{"line":67,"column":73}}},"fnMap":{"0":{"name":"(anonymous_9)","decl":{"start":{"line":16,"column":2},"end":{"line":16,"column":23}},"loc":{"start":{"line":16,"column":93},"end":{"line":19,"column":3}}},"1":{"name":"(anonymous_10)","decl":{"start":{"line":23,"column":2},"end":{"line":23,"column":14}},"loc":{"start":{"line":23,"column":29},"end":{"line":26,"column":3}}},"2":{"name":"(anonymous_11)","decl":{"start":{"line":29,"column":16},"end":{"line":29,"column":21}},"loc":{"start":{"line":29,"column":96},"end":{"line":47,"column":1}}},"3":{"name":"(anonymous_12)","decl":{"start":{"line":50,"column":12},"end":{"line":50,"column":17}},"loc":{"start":{"line":50,"column":69},"end":{"line":50,"column":199}}},"4":{"name":"(anonymous_13)","decl":{"start":{"line":51,"column":9},"end":{"line":51,"column":14}},"loc":{"start":{"line":51,"column":52},"end":{"line":51,"column":173}}},"5":{"name":"(anonymous_14)","decl":{"start":{"line":52,"column":6},"end":{"line":52,"column":11}},"loc":{"start":{"line":52,"column":31},"end":{"line":52,"column":96}}},"6":{"name":"(anonymous_15)","decl":{"start":{"line":53,"column":13},"end":{"line":53,"column":14}},"loc":{"start":{"line":53,"column":32},"end":{"line":53,"column":73}}},"7":{"name":"(anonymous_16)","decl":{"start":{"line":54,"column":12},"end":{"line":54,"column":15}},"loc":{"start":{"line":54,"column":18},"end":{"line":54,"column":52}}},"8":{"name":"(anonymous_17)","decl":{"start":{"line":55,"column":14},"end":{"line":55,"column":17}},"loc":{"start":{"line":55,"column":20},"end":{"line":55,"column":57}}},"9":{"name":"(anonymous_18)","decl":{"start":{"line":56,"column":21},"end":{"line":56,"column":22}},"loc":{"start":{"line":56,"column":37},"end":{"line":56,"column":101}}},"10":{"name":"(anonymous_19)","decl":{"start":{"line":57,"column":20},"end":{"line":57,"column":25}},"loc":{"start":{"line":57,"column":53},"end":{"line":66,"column":3}}},"11":{"name":"(anonymous_20)","decl":{"start":{"line":67,"column":22},"end":{"line":67,"column":25}},"loc":{"start":{"line":67,"column":28},"end":{"line":67,"column":73}}}},"branchMap":{"0":{"loc":{"start":{"line":6,"column":15},"end":{"line":6,"column":77}},"type":"binary-expr","locations":[{"start":{"line":6,"column":15},"end":{"line":6,"column":46}},{"start":{"line":6,"column":50},"end":{"line":6,"column":77}}]},"1":{"loc":{"start":{"line":31,"column":55},"end":{"line":31,"column":104}},"type":"cond-expr","locations":[{"start":{"line":31,"column":63},"end":{"line":31,"column":99}},{"start":{"line":31,"column":102},"end":{"line":31,"column":104}}]},"2":{"loc":{"start":{"line":35,"column":2},"end":{"line":41,"column":3}},"type":"if","locations":[{"start":{"line":35,"column":2},"end":{"line":41,"column":3}}]},"3":{"loc":{"start":{"line":38,"column":6},"end":{"line":38,"column":95}},"type":"if","locations":[{"start":{"line":38,"column":6},"end":{"line":38,"column":95}}]},"4":{"loc":{"start":{"line":42,"column":2},"end":{"line":45,"column":3}},"type":"if","locations":[{"start":{"line":42,"column":2},"end":{"line":45,"column":3}}]},"5":{"loc":{"start":{"line":44,"column":45},"end":{"line":44,"column":96}},"type":"cond-expr","locations":[{"start":{"line":44,"column":62},"end":{"line":44,"column":84}},{"start":{"line":44,"column":87},"end":{"line":44,"column":96}}]},"6":{"loc":{"start":{"line":44,"column":98},"end":{"line":44,"column":160}},"type":"cond-expr","locations":[{"start":{"line":44,"column":115},"end":{"line":44,"column":140}},{"start":{"line":44,"column":143},"end":{"line":44,"column":160}}]},"7":{"loc":{"start":{"line":59,"column":4},"end":{"line":59,"column":26}},"type":"if","locations":[{"start":{"line":59,"column":4},"end":{"line":59,"column":26}}]},"8":{"loc":{"start":{"line":62,"column":13},"end":{"line":62,"column":48}},"type":"cond-expr","locations":[{"start":{"line":62,"column":30},"end":{"line":62,"column":41}},{"start":{"line":62,"column":44},"end":{"line":62,"column":48}}]}},"s":{"0":1,"1":1,"2":1,"3":1,"4":1,"5":1,"6":1,"7":1,"8":1,"9":1,"10":1,"11":1,"12":1,"13":1,"14":0,"15":0,"16":1,"17":1,"18":4,"19":3,"20":3,"21":3,"22":0,"23":0,"24":0,"25":3,"26":1,"27":1,"28":2,"29":1,"30":0,"31":0,"32":4,"33":0,"34":0,"35":0,"36":0,"37":0,"38":0,"39":0,"40":0,"41":0,"42":0,"43":0,"44":0},"f":{"0":1,"1":0,"2":4,"3":0,"4":0,"5":4,"6":0,"7":0,"8":0,"9":0,"10":0,"11":0},"b":{"0":[1,1],"1":[4,0],"2":[3],"3":[0],"4":[1],"5":[1,0],"6":[1,0],"7":[0],"8":[0,0]}}
,"/home/wuanpack/Descargas/IPSS/II AÑO/III TRIMESTRE/DESARROLLO DE APLICACIONES MÓVILES/Unidad III/to-do-list-upgrade/to-do-list-ipss/mobile/src/services/jsonplaceholder-adapter.ts": {"path":"/home/wuanpack/Descargas/IPSS/II AÑO/III TRIMESTRE/DESARROLLO DE APLICACIONES MÓVILES/Unidad III/to-do-list-upgrade/to-do-list-ipss/mobile/src/services/jsonplaceholder-adapter.ts","statementMap":{"0":{"start":{"line":97,"column":0},"end":{"line":97,"column":7}},"1":{"start":{"line":1,"column":0},"end":{"line":1,"column":24}},"2":{"start":{"line":3,"column":13},"end":{"line":3,"column":67}},"3":{"start":{"line":4,"column":13},"end":{"line":4,"column":72}},"4":{"start":{"line":5,"column":13},"end":{"line":5,"column":95}},"5":{"start":{"line":6,"column":13},"end":{"line":6,"column":41}},"6":{"start":{"line":7,"column":13},"end":{"line":7,"column":52}},"7":{"start":{"line":8,"column":13},"end":{"line":8,"column":39}},"8":{"start":{"line":10,"column":19},"end":{"line":15,"column":2}},"9":{"start":{"line":16,"column":23},"end":{"line":16,"column":43}},"10":{"start":{"line":48,"column":4},"end":{"line":48,"column":19}},"11":{"start":{"line":49,"column":4},"end":{"line":49,"column":43}},"12":{"start":{"line":50,"column":4},"end":{"line":50,"column":25}},"13":{"start":{"line":51,"column":4},"end":{"line":51,"column":29}},"14":{"start":{"line":43,"column":0},"end":{"line":43,"column":13}},"15":{"start":{"line":57,"column":4},"end":{"line":57,"column":19}},"16":{"start":{"line":58,"column":4},"end":{"line":58,"column":49}},"17":{"start":{"line":55,"column":0},"end":{"line":55,"column":13}},"18":{"start":{"line":66,"column":4},"end":{"line":66,"column":65}},"19":{"start":{"line":67,"column":4},"end":{"line":67,"column":55}},"20":{"start":{"line":68,"column":4},"end":{"line":68,"column":29}},"21":{"start":{"line":62,"column":0},"end":{"line":62,"column":13}},"22":{"start":{"line":74,"column":4},"end":{"line":74,"column":19}},"23":{"start":{"line":75,"column":4},"end":{"line":75,"column":46}},"24":{"start":{"line":72,"column":0},"end":{"line":72,"column":13}},"25":{"start":{"line":81,"column":4},"end":{"line":81,"column":19}},"26":{"start":{"line":82,"column":4},"end":{"line":82,"column":48}},"27":{"start":{"line":79,"column":0},"end":{"line":79,"column":13}},"28":{"start":{"line":86,"column":16},"end":{"line":86,"column":85}},"29":{"start":{"line":86,"column":43},"end":{"line":86,"column":85}},"30":{"start":{"line":88,"column":18},"end":{"line":95,"column":2}},"31":{"start":{"line":88,"column":71},"end":{"line":95,"column":2}},"32":{"start":{"line":98,"column":20},"end":{"line":98,"column":59}},"33":{"start":{"line":99,"column":27},"end":{"line":99,"column":81}},"34":{"start":{"line":100,"column":21},"end":{"line":100,"column":62}},"35":{"start":{"line":101,"column":2},"end":{"line":101,"column":124}},"36":{"start":{"line":101,"column":52},"end":{"line":101,"column":124}},"37":{"start":{"line":102,"column":2},"end":{"line":102,"column":137}},"38":{"start":{"line":102,"column":68},"end":{"line":102,"column":137}},"39":{"start":{"line":103,"column":2},"end":{"line":103,"column":122}},"40":{"start":{"line":103,"column":55},"end":{"line":103,"column":122}},"41":{"start":{"line":105,"column":21},"end":{"line":105,"column":42}},"42":{"start":{"line":106,"column":17},"end":{"line":106,"column":22}},"43":{"start":{"line":107,"column":18},"end":{"line":107,"column":23}},"44":{"start":{"line":109,"column":17},"end":{"line":112,"column":3}},"45":{"start":{"line":110,"column":4},"end":{"line":110,"column":21}},"46":{"start":{"line":111,"column":4},"end":{"line":111,"column":23}},"47":{"start":{"line":113,"column":2},"end":{"line":116,"column":3}},"48":{"start":{"line":114,"column":4},"end":{"line":115,"column":74}},"49":{"start":{"line":114,"column":32},"end":{"line":114,"column":41}},"50":{"start":{"line":115,"column":9},"end":{"line":115,"column":74}},"51":{"start":{"line":117,"column":2},"end":{"line":122,"column":3}},"52":{"start":{"line":118,"column":4},"end":{"line":121,"column":18}},"53":{"start":{"line":119,"column":6},"end":{"line":119,"column":22}},"54":{"start":{"line":120,"column":6},"end":{"line":120,"column":25}},"55":{"start":{"line":124,"column":2},"end":{"line":164,"column":3}},"56":{"start":{"line":125,"column":20},"end":{"line":125,"column":44}},"57":{"start":{"line":126,"column":21},"end":{"line":129,"column":6}},"58":{"start":{"line":130,"column":4},"end":{"line":130,"column":62}},"59":{"start":{"line":130,"column":35},"end":{"line":130,"column":62}},"60":{"start":{"line":131,"column":4},"end":{"line":131,"column":74}},"61":{"start":{"line":131,"column":22},"end":{"line":131,"column":74}},"62":{"start":{"line":132,"column":19},"end":{"line":132,"column":58}},"63":{"start":{"line":133,"column":4},"end":{"line":135,"column":5}},"64":{"start":{"line":134,"column":6},"end":{"line":134,"column":71}},"65":{"start":{"line":136,"column":17},"end":{"line":136,"column":116}},"66":{"start":{"line":137,"column":4},"end":{"line":137,"column":107}},"67":{"start":{"line":137,"column":42},"end":{"line":137,"column":107}},"68":{"start":{"line":139,"column":4},"end":{"line":139,"column":134}},"69":{"start":{"line":139,"column":10},"end":{"line":139,"column":36}},"70":{"start":{"line":139,"column":47},"end":{"line":139,"column":132}},"71":{"start":{"line":140,"column":21},"end":{"line":140,"column":53}},"72":{"start":{"line":141,"column":4},"end":{"line":141,"column":114}},"73":{"start":{"line":141,"column":27},"end":{"line":141,"column":114}},"74":{"start":{"line":143,"column":43},"end":{"line":143,"column":45}},"75":{"start":{"line":144,"column":17},"end":{"line":144,"column":34}},"76":{"start":{"line":145,"column":24},"end":{"line":145,"column":25}},"77":{"start":{"line":146,"column":25},"end":{"line":146,"column":26}},"78":{"start":{"line":147,"column":4},"end":{"line":154,"column":5}},"79":{"start":{"line":148,"column":21},"end":{"line":148,"column":46}},"80":{"start":{"line":149,"column":6},"end":{"line":149,"column":60}},"81":{"start":{"line":149,"column":29},"end":{"line":149,"column":48}},"82":{"start":{"line":149,"column":49},"end":{"line":149,"column":58}},"83":{"start":{"line":150,"column":25},"end":{"line":150,"column":47}},"84":{"start":{"line":151,"column":6},"end":{"line":151,"column":86}},"85":{"start":{"line":151,"column":34},"end":{"line":151,"column":53}},"86":{"start":{"line":151,"column":54},"end":{"line":151,"column":74}},"87":{"start":{"line":151,"column":75},"end":{"line":151,"column":84}},"88":{"start":{"line":152,"column":6},"end":{"line":152,"column":27}},"89":{"start":{"line":153,"column":6},"end":{"line":153,"column":76}},"90":{"start":{"line":153,"column":39},"end":{"line":153,"column":76}},"91":{"start":{"line":155,"column":4},"end":{"line":155,"column":93}},"92":{"start":{"line":157,"column":4},"end":{"line":157,"column":171}},"93":{"start":{"line":157,"column":159},"end":{"line":157,"column":171}},"94":{"start":{"line":158,"column":4},"end":{"line":158,"column":58}},"95":{"start":{"line":158,"column":18},"end":{"line":158,"column":58}},"96":{"start":{"line":159,"column":4},"end":{"line":159,"column":90}},"97":{"start":{"line":159,"column":48},"end":{"line":159,"column":90}},"98":{"start":{"line":160,"column":4},"end":{"line":160,"column":16}},"99":{"start":{"line":162,"column":4},"end":{"line":162,"column":35}},"100":{"start":{"line":162,"column":15},"end":{"line":162,"column":35}},"101":{"start":{"line":163,"column":4},"end":{"line":163,"column":57}}},"fnMap":{"0":{"name":"(anonymous_0)","decl":{"start":{"line":47,"column":2},"end":{"line":47,"column":14}},"loc":{"start":{"line":47,"column":85},"end":{"line":52,"column":3}}},"1":{"name":"(anonymous_1)","decl":{"start":{"line":56,"column":2},"end":{"line":56,"column":14}},"loc":{"start":{"line":56,"column":64},"end":{"line":59,"column":3}}},"2":{"name":"(anonymous_2)","decl":{"start":{"line":65,"column":2},"end":{"line":65,"column":14}},"loc":{"start":{"line":65,"column":30},"end":{"line":69,"column":3}}},"3":{"name":"(anonymous_3)","decl":{"start":{"line":73,"column":2},"end":{"line":73,"column":14}},"loc":{"start":{"line":73,"column":60},"end":{"line":76,"column":3}}},"4":{"name":"(anonymous_4)","decl":{"start":{"line":80,"column":2},"end":{"line":80,"column":14}},"loc":{"start":{"line":80,"column":64},"end":{"line":83,"column":3}}},"5":{"name":"(anonymous_5)","decl":{"start":{"line":86,"column":16},"end":{"line":86,"column":17}},"loc":{"start":{"line":86,"column":43},"end":{"line":86,"column":85}}},"6":{"name":"(anonymous_6)","decl":{"start":{"line":88,"column":18},"end":{"line":88,"column":19}},"loc":{"start":{"line":88,"column":71},"end":{"line":95,"column":2}}},"7":{"name":"fetchJsonPlaceholderTodos","decl":{"start":{"line":97,"column":22},"end":{"line":97,"column":47}},"loc":{"start":{"line":97,"column":91},"end":{"line":165,"column":1}}},"8":{"name":"(anonymous_8)","decl":{"start":{"line":109,"column":17},"end":{"line":109,"column":20}},"loc":{"start":{"line":109,"column":22},"end":{"line":112,"column":3}}},"9":{"name":"(anonymous_9)","decl":{"start":{"line":118,"column":23},"end":{"line":118,"column":26}},"loc":{"start":{"line":118,"column":28},"end":{"line":121,"column":5}}}},"branchMap":{"0":{"loc":{"start":{"line":47,"column":30},"end":{"line":47,"column":85}},"type":"default-arg","locations":[{"start":{"line":47,"column":40},"end":{"line":47,"column":85}}]},"1":{"loc":{"start":{"line":56,"column":14},"end":{"line":56,"column":64}},"type":"default-arg","locations":[{"start":{"line":56,"column":24},"end":{"line":56,"column":64}}]},"2":{"loc":{"start":{"line":73,"column":14},"end":{"line":73,"column":60}},"type":"default-arg","locations":[{"start":{"line":73,"column":24},"end":{"line":73,"column":60}}]},"3":{"loc":{"start":{"line":80,"column":14},"end":{"line":80,"column":64}},"type":"default-arg","locations":[{"start":{"line":80,"column":24},"end":{"line":80,"column":64}}]},"4":{"loc":{"start":{"line":97,"column":48},"end":{"line":97,"column":91}},"type":"default-arg","locations":[{"start":{"line":97,"column":89},"end":{"line":97,"column":91}}]},"5":{"loc":{"start":{"line":98,"column":20},"end":{"line":98,"column":59}},"type":"binary-expr","locations":[{"start":{"line":98,"column":20},"end":{"line":98,"column":37}},{"start":{"line":98,"column":41},"end":{"line":98,"column":59}}]},"6":{"loc":{"start":{"line":99,"column":27},"end":{"line":99,"column":81}},"type":"binary-expr","locations":[{"start":{"line":99,"column":27},"end":{"line":99,"column":51}},{"start":{"line":99,"column":55},"end":{"line":99,"column":81}}]},"7":{"loc":{"start":{"line":100,"column":21},"end":{"line":100,"column":62}},"type":"binary-expr","locations":[{"start":{"line":100,"column":21},"end":{"line":100,"column":39}},{"start":{"line":100,"column":43},"end":{"line":100,"column":62}}]},"8":{"loc":{"start":{"line":101,"column":2},"end":{"line":101,"column":124}},"type":"if","locations":[{"start":{"line":101,"column":2},"end":{"line":101,"column":124}}]},"9":{"loc":{"start":{"line":101,"column":6},"end":{"line":101,"column":50}},"type":"binary-expr","locations":[{"start":{"line":101,"column":6},"end":{"line":101,"column":33}},{"start":{"line":101,"column":37},"end":{"line":101,"column":50}}]},"10":{"loc":{"start":{"line":102,"column":2},"end":{"line":102,"column":137}},"type":"if","locations":[{"start":{"line":102,"column":2},"end":{"line":102,"column":137}}]},"11":{"loc":{"start":{"line":102,"column":6},"end":{"line":102,"column":66}},"type":"binary-expr","locations":[{"start":{"line":102,"column":6},"end":{"line":102,"column":41}},{"start":{"line":102,"column":45},"end":{"line":102,"column":66}}]},"12":{"loc":{"start":{"line":103,"column":2},"end":{"line":103,"column":122}},"type":"if","locations":[{"start":{"line":103,"column":2},"end":{"line":103,"column":122}}]},"13":{"loc":{"start":{"line":103,"column":6},"end":{"line":103,"column":53}},"type":"binary-expr","locations":[{"start":{"line":103,"column":6},"end":{"line":103,"column":35}},{"start":{"line":103,"column":39},"end":{"line":103,"column":53}}]},"14":{"loc":{"start":{"line":113,"column":2},"end":{"line":116,"column":3}},"type":"if","locations":[{"start":{"line":113,"column":2},"end":{"line":116,"column":3}}]},"15":{"loc":{"start":{"line":114,"column":4},"end":{"line":115,"column":74}},"type":"if","locations":[{"start":{"line":114,"column":4},"end":{"line":115,"column":74}},{"start":{"line":115,"column":9},"end":{"line":115,"column":74}}]},"16":{"loc":{"start":{"line":117,"column":2},"end":{"line":122,"column":3}},"type":"if","locations":[{"start":{"line":117,"column":2},"end":{"line":122,"column":3}}]},"17":{"loc":{"start":{"line":125,"column":20},"end":{"line":125,"column":44}},"type":"binary-expr","locations":[{"start":{"line":125,"column":20},"end":{"line":125,"column":35}},{"start":{"line":125,"column":39},"end":{"line":125,"column":44}}]},"18":{"loc":{"start":{"line":130,"column":4},"end":{"line":130,"column":62}},"type":"if","locations":[{"start":{"line":130,"column":4},"end":{"line":130,"column":62}}]},"19":{"loc":{"start":{"line":131,"column":4},"end":{"line":131,"column":74}},"type":"if","locations":[{"start":{"line":131,"column":4},"end":{"line":131,"column":74}}]},"20":{"loc":{"start":{"line":133,"column":4},"end":{"line":135,"column":5}},"type":"if","locations":[{"start":{"line":133,"column":4},"end":{"line":135,"column":5}}]},"21":{"loc":{"start":{"line":133,"column":8},"end":{"line":133,"column":86}},"type":"binary-expr","locations":[{"start":{"line":133,"column":8},"end":{"line":133,"column":14}},{"start":{"line":133,"column":18},"end":{"line":133,"column":49}},{"start":{"line":133,"column":53},"end":{"line":133,"column":86}}]},"22":{"loc":{"start":{"line":136,"column":17},"end":{"line":136,"column":116}},"type":"cond-expr","locations":[{"start":{"line":136,"column":55},"end":{"line":136,"column":76}},{"start":{"line":136,"column":79},"end":{"line":136,"column":116}}]},"23":{"loc":{"start":{"line":137,"column":4},"end":{"line":137,"column":107}},"type":"if","locations":[{"start":{"line":137,"column":4},"end":{"line":137,"column":107}}]},"24":{"loc":{"start":{"line":141,"column":4},"end":{"line":141,"column":114}},"type":"if","locations":[{"start":{"line":141,"column":4},"end":{"line":141,"column":114}}]},"25":{"loc":{"start":{"line":149,"column":6},"end":{"line":149,"column":60}},"type":"if","locations":[{"start":{"line":149,"column":6},"end":{"line":149,"column":60}}]},"26":{"loc":{"start":{"line":151,"column":6},"end":{"line":151,"column":86}},"type":"if","locations":[{"start":{"line":151,"column":6},"end":{"line":151,"column":86}}]},"27":{"loc":{"start":{"line":153,"column":6},"end":{"line":153,"column":76}},"type":"if","locations":[{"start":{"line":153,"column":6},"end":{"line":153,"column":76}}]},"28":{"loc":{"start":{"line":157,"column":4},"end":{"line":157,"column":171}},"type":"if","locations":[{"start":{"line":157,"column":4},"end":{"line":157,"column":171}}]},"29":{"loc":{"start":{"line":157,"column":8},"end":{"line":157,"column":157}},"type":"binary-expr","locations":[{"start":{"line":157,"column":8},"end":{"line":157,"column":49}},{"start":{"line":157,"column":53},"end":{"line":157,"column":100}},{"start":{"line":157,"column":104},"end":{"line":157,"column":157}}]},"30":{"loc":{"start":{"line":158,"column":4},"end":{"line":158,"column":58}},"type":"if","locations":[{"start":{"line":158,"column":4},"end":{"line":158,"column":58}}]},"31":{"loc":{"start":{"line":159,"column":4},"end":{"line":159,"column":90}},"type":"if","locations":[{"start":{"line":159,"column":4},"end":{"line":159,"column":90}}]},"32":{"loc":{"start":{"line":159,"column":8},"end":{"line":159,"column":46}},"type":"binary-expr","locations":[{"start":{"line":159,"column":8},"end":{"line":159,"column":17}},{"start":{"line":159,"column":21},"end":{"line":159,"column":46}}]},"33":{"loc":{"start":{"line":162,"column":4},"end":{"line":162,"column":35}},"type":"if","locations":[{"start":{"line":162,"column":4},"end":{"line":162,"column":35}}]}},"s":{"0":1,"1":1,"2":1,"3":1,"4":1,"5":1,"6":1,"7":1,"8":1,"9":1,"10":3,"11":3,"12":3,"13":3,"14":1,"15":1,"16":1,"17":1,"18":1,"19":1,"20":1,"21":1,"22":1,"23":1,"24":1,"25":1,"26":1,"27":1,"28":1,"29":6,"30":1,"31":4,"32":14,"33":14,"34":14,"35":14,"36":1,"37":13,"38":0,"39":13,"40":1,"41":12,"42":12,"43":12,"44":12,"45":1,"46":1,"47":12,"48":1,"49":0,"50":1,"51":12,"52":12,"53":1,"54":1,"55":12,"56":12,"57":12,"58":9,"59":0,"60":9,"61":3,"62":6,"63":6,"64":0,"65":6,"66":6,"67":1,"68":5,"69":5,"70":0,"71":5,"72":5,"73":1,"74":4,"75":4,"76":4,"77":4,"78":4,"79":7,"80":7,"81":1,"82":1,"83":6,"84":6,"85":1,"86":1,"87":1,"88":5,"89":5,"90":4,"91":4,"92":8,"93":5,"94":3,"95":1,"96":2,"97":1,"98":1,"99":12,"100":12,"101":12},"f":{"0":3,"1":1,"2":1,"3":1,"4":1,"5":6,"6":4,"7":14,"8":1,"9":1},"b":{"0":[3],"1":[0],"2":[1],"3":[1],"4":[0],"5":[14,12],"6":[14,13],"7":[14,12],"8":[1],"9":[14,14],"10":[0],"11":[13,13],"12":[1],"13":[13,13],"14":[1],"15":[0,1],"16":[12],"17":[12,0],"18":[0],"19":[3],"20":[0],"21":[6,0,0],"22":[6,0],"23":[1],"24":[1],"25":[1],"26":[1],"27":[4],"28":[5],"29":[8,5,4],"30":[1],"31":[1],"32":[2,1],"33":[12]}}
,"/home/wuanpack/Descargas/IPSS/II AÑO/III TRIMESTRE/DESARROLLO DE APLICACIONES MÓVILES/Unidad III/to-do-list-upgrade/to-do-list-ipss/mobile/src/services/sqlite.ts": {"path":"/home/wuanpack/Descargas/IPSS/II AÑO/III TRIMESTRE/DESARROLLO DE APLICACIONES MÓVILES/Unidad III/to-do-list-upgrade/to-do-list-ipss/mobile/src/services/sqlite.ts","statementMap":{"0":{"start":{"line":76,"column":0},"end":{"line":76,"column":7}},"1":{"start":{"line":12,"column":13},"end":{"line":12,"column":34}},"2":{"start":{"line":14,"column":18},"end":{"line":45,"column":2}},"3":{"start":{"line":47,"column":43},"end":{"line":74,"column":2}},"4":{"start":{"line":77,"column":2},"end":{"line":85,"column":5}},"5":{"start":{"line":78,"column":16},"end":{"line":78,"column":87}},"6":{"start":{"line":79,"column":25},"end":{"line":79,"column":47}},"7":{"start":{"line":80,"column":4},"end":{"line":84,"column":5}},"8":{"start":{"line":80,"column":23},"end":{"line":80,"column":41}},"9":{"start":{"line":81,"column":6},"end":{"line":81,"column":46}},"10":{"start":{"line":82,"column":6},"end":{"line":82,"column":61}},"11":{"start":{"line":83,"column":6},"end":{"line":83,"column":31}}},"fnMap":{"0":{"name":"migrateDatabase","decl":{"start":{"line":76,"column":22},"end":{"line":76,"column":37}},"loc":{"start":{"line":76,"column":56},"end":{"line":86,"column":1}}},"1":{"name":"(anonymous_1)","decl":{"start":{"line":77,"column":32},"end":{"line":77,"column":37}},"loc":{"start":{"line":77,"column":43},"end":{"line":85,"column":3}}}},"branchMap":{"0":{"loc":{"start":{"line":79,"column":25},"end":{"line":79,"column":47}},"type":"binary-expr","locations":[{"start":{"line":79,"column":25},"end":{"line":79,"column":42}},{"start":{"line":79,"column":46},"end":{"line":79,"column":47}}]}},"s":{"0":1,"1":1,"2":1,"3":1,"4":15,"5":15,"6":15,"7":15,"8":15,"9":40,"10":40,"11":40},"f":{"0":15,"1":15},"b":{"0":[15,0]}}
,"/home/wuanpack/Descargas/IPSS/II AÑO/III TRIMESTRE/DESARROLLO DE APLICACIONES MÓVILES/Unidad III/to-do-list-upgrade/to-do-list-ipss/mobile/src/services/sync-service.ts": {"path":"/home/wuanpack/Descargas/IPSS/II AÑO/III TRIMESTRE/DESARROLLO DE APLICACIONES MÓVILES/Unidad III/to-do-list-upgrade/to-do-list-ipss/mobile/src/services/sync-service.ts","statementMap":{"0":{"start":{"line":1,"column":0},"end":{"line":1,"column":45}},"1":{"start":{"line":2,"column":0},"end":{"line":2,"column":50}},"2":{"start":{"line":10,"column":21},"end":{"line":10,"column":22}},"3":{"start":{"line":11,"column":27},"end":{"line":11,"column":33}},"4":{"start":{"line":12,"column":21},"end":{"line":12,"column":108}},"5":{"start":{"line":12,"column":41},"end":{"line":12,"column":107}},"6":{"start":{"line":14,"column":28},"end":{"line":17,"column":1}},"7":{"start":{"line":15,"column":2},"end":{"line":15,"column":130}},"8":{"start":{"line":15,"column":67},"end":{"line":15,"column":130}},"9":{"start":{"line":16,"column":2},"end":{"line":16,"column":91}},"10":{"start":{"line":14,"column":13},"end":{"line":14,"column":28}},"11":{"start":{"line":19,"column":13},"end":{"line":19,"column":104}},"12":{"start":{"line":19,"column":39},"end":{"line":19,"column":104}},"13":{"start":{"line":19,"column":70},"end":{"line":19,"column":103}},"14":{"start":{"line":20,"column":24},"end":{"line":20,"column":97}},"15":{"start":{"line":20,"column":44},"end":{"line":20,"column":97}},"16":{"start":{"line":21,"column":20},"end":{"line":21,"column":87}},"17":{"start":{"line":21,"column":40},"end":{"line":21,"column":87}},"18":{"start":{"line":22,"column":19},"end":{"line":22,"column":97}},"19":{"start":{"line":22,"column":39},"end":{"line":22,"column":97}},"20":{"start":{"line":23,"column":12},"end":{"line":85,"column":1}},"21":{"start":{"line":24,"column":2},"end":{"line":24,"column":47}},"22":{"start":{"line":24,"column":25},"end":{"line":24,"column":47}},"23":{"start":{"line":25,"column":16},"end":{"line":25,"column":36}},"24":{"start":{"line":26,"column":21},"end":{"line":26,"column":56}},"25":{"start":{"line":27,"column":18},"end":{"line":27,"column":32}},"26":{"start":{"line":28,"column":2},"end":{"line":83,"column":3}},"27":{"start":{"line":29,"column":4},"end":{"line":29,"column":77}},"28":{"start":{"line":29,"column":42},"end":{"line":29,"column":65}},"29":{"start":{"line":29,"column":66},"end":{"line":29,"column":75}},"30":{"start":{"line":30,"column":4},"end":{"line":30,"column":72}},"31":{"start":{"line":30,"column":40},"end":{"line":30,"column":60}},"32":{"start":{"line":30,"column":61},"end":{"line":30,"column":70}},"33":{"start":{"line":31,"column":4},"end":{"line":31,"column":82}},"34":{"start":{"line":31,"column":50},"end":{"line":31,"column":70}},"35":{"start":{"line":31,"column":71},"end":{"line":31,"column":80}},"36":{"start":{"line":32,"column":4},"end":{"line":32,"column":88}},"37":{"start":{"line":32,"column":56},"end":{"line":32,"column":76}},"38":{"start":{"line":32,"column":77},"end":{"line":32,"column":86}},"39":{"start":{"line":33,"column":17},"end":{"line":33,"column":65}},"40":{"start":{"line":34,"column":4},"end":{"line":38,"column":5}},"41":{"start":{"line":35,"column":6},"end":{"line":35,"column":134}},"42":{"start":{"line":36,"column":6},"end":{"line":36,"column":26}},"43":{"start":{"line":37,"column":6},"end":{"line":37,"column":15}},"44":{"start":{"line":39,"column":4},"end":{"line":39,"column":97}},"45":{"start":{"line":39,"column":88},"end":{"line":39,"column":97}},"46":{"start":{"line":40,"column":4},"end":{"line":44,"column":5}},"47":{"start":{"line":41,"column":6},"end":{"line":41,"column":130}},"48":{"start":{"line":42,"column":6},"end":{"line":42,"column":26}},"49":{"start":{"line":43,"column":6},"end":{"line":43,"column":15}},"50":{"start":{"line":45,"column":30},"end":{"line":45,"column":35}},"51":{"start":{"line":46,"column":4},"end":{"line":52,"column":5}},"52":{"start":{"line":47,"column":22},"end":{"line":47,"column":56}},"53":{"start":{"line":48,"column":6},"end":{"line":51,"column":7}},"54":{"start":{"line":49,"column":8},"end":{"line":49,"column":58}},"55":{"start":{"line":50,"column":8},"end":{"line":50,"column":35}},"56":{"start":{"line":53,"column":4},"end":{"line":53,"column":101}},"57":{"start":{"line":53,"column":56},"end":{"line":53,"column":101}},"58":{"start":{"line":54,"column":4},"end":{"line":54,"column":27}},"59":{"start":{"line":55,"column":4},"end":{"line":55,"column":73}},"60":{"start":{"line":56,"column":4},"end":{"line":82,"column":5}},"61":{"start":{"line":57,"column":6},"end":{"line":70,"column":7}},"62":{"start":{"line":58,"column":23},"end":{"line":58,"column":105}},"63":{"start":{"line":59,"column":8},"end":{"line":59,"column":65}},"64":{"start":{"line":60,"column":13},"end":{"line":70,"column":7}},"65":{"start":{"line":61,"column":23},"end":{"line":61,"column":140}},"66":{"start":{"line":62,"column":8},"end":{"line":62,"column":94}},"67":{"start":{"line":63,"column":13},"end":{"line":70,"column":7}},"68":{"start":{"line":64,"column":8},"end":{"line":64,"column":95}},"69":{"start":{"line":65,"column":8},"end":{"line":65,"column":65}},"70":{"start":{"line":66,"column":13},"end":{"line":70,"column":7}},"71":{"start":{"line":67,"column":8},"end":{"line":67,"column":128}},"72":{"start":{"line":68,"column":8},"end":{"line":68,"column":28}},"73":{"start":{"line":69,"column":8},"end":{"line":69,"column":17}},"74":{"start":{"line":71,"column":6},"end":{"line":71,"column":77}},"75":{"start":{"line":72,"column":6},"end":{"line":72,"column":29}},"76":{"start":{"line":74,"column":21},"end":{"line":74,"column":43}},"77":{"start":{"line":75,"column":20},"end":{"line":75,"column":92}},"78":{"start":{"line":76,"column":27},"end":{"line":76,"column":108}},"79":{"start":{"line":77,"column":27},"end":{"line":77,"column":173}},"80":{"start":{"line":78,"column":6},"end":{"line":78,"column":142}},"81":{"start":{"line":79,"column":6},"end":{"line":80,"column":31}},"82":{"start":{"line":79,"column":32},"end":{"line":79,"column":55}},"83":{"start":{"line":80,"column":11},"end":{"line":80,"column":31}},"84":{"start":{"line":81,"column":6},"end":{"line":81,"column":32}},"85":{"start":{"line":81,"column":26},"end":{"line":81,"column":32}},"86":{"start":{"line":84,"column":2},"end":{"line":84,"column":17}},"87":{"start":{"line":87,"column":16},"end":{"line":107,"column":1}},"88":{"start":{"line":88,"column":16},"end":{"line":88,"column":36}},"89":{"start":{"line":89,"column":47},"end":{"line":89,"column":133}},"90":{"start":{"line":89,"column":100},"end":{"line":89,"column":132}},"91":{"start":{"line":90,"column":2},"end":{"line":90,"column":145}},"92":{"start":{"line":90,"column":86},"end":{"line":90,"column":145}},"93":{"start":{"line":91,"column":15},"end":{"line":91,"column":63}},"94":{"start":{"line":92,"column":2},"end":{"line":92,"column":103}},"95":{"start":{"line":92,"column":23},"end":{"line":92,"column":103}},"96":{"start":{"line":94,"column":2},"end":{"line":100,"column":3}},"97":{"start":{"line":95,"column":4},"end":{"line":95,"column":54}},"98":{"start":{"line":97,"column":4},"end":{"line":97,"column":67}},"99":{"start":{"line":97,"column":55},"end":{"line":97,"column":67}},"100":{"start":{"line":98,"column":4},"end":{"line":98,"column":70}},"101":{"start":{"line":99,"column":4},"end":{"line":99,"column":11}},"102":{"start":{"line":101,"column":2},"end":{"line":104,"column":3}},"103":{"start":{"line":102,"column":4},"end":{"line":102,"column":74}},"104":{"start":{"line":103,"column":4},"end":{"line":103,"column":11}},"105":{"start":{"line":105,"column":2},"end":{"line":105,"column":149}},"106":{"start":{"line":105,"column":69},"end":{"line":105,"column":149}},"107":{"start":{"line":106,"column":2},"end":{"line":106,"column":79}},"108":{"start":{"line":111,"column":13},"end":{"line":127,"column":2}},"109":{"start":{"line":113,"column":4},"end":{"line":113,"column":76}},"110":{"start":{"line":113,"column":37},"end":{"line":113,"column":76}},"111":{"start":{"line":114,"column":4},"end":{"line":117,"column":5}},"112":{"start":{"line":115,"column":6},"end":{"line":115,"column":103}},"113":{"start":{"line":115,"column":64},"end":{"line":115,"column":103}},"114":{"start":{"line":116,"column":6},"end":{"line":116,"column":28}},"115":{"start":{"line":118,"column":20},"end":{"line":118,"column":99}},"116":{"start":{"line":118,"column":77},"end":{"line":118,"column":96}},"117":{"start":{"line":119,"column":4},"end":{"line":119,"column":41}},"118":{"start":{"line":120,"column":4},"end":{"line":120,"column":19}},"119":{"start":{"line":123,"column":4},"end":{"line":123,"column":108}},"120":{"start":{"line":123,"column":16},"end":{"line":123,"column":108}},"121":{"start":{"line":124,"column":4},"end":{"line":124,"column":117}},"122":{"start":{"line":124,"column":16},"end":{"line":124,"column":117}},"123":{"start":{"line":125,"column":4},"end":{"line":125,"column":60}}},"fnMap":{"0":{"name":"(anonymous_0)","decl":{"start":{"line":12,"column":21},"end":{"line":12,"column":37}},"loc":{"start":{"line":12,"column":41},"end":{"line":12,"column":107}}},"1":{"name":"(anonymous_1)","decl":{"start":{"line":14,"column":28},"end":{"line":14,"column":29}},"loc":{"start":{"line":14,"column":79},"end":{"line":17,"column":1}}},"2":{"name":"(anonymous_2)","decl":{"start":{"line":19,"column":13},"end":{"line":19,"column":14}},"loc":{"start":{"line":19,"column":39},"end":{"line":19,"column":104}}},"3":{"name":"(anonymous_3)","decl":{"start":{"line":19,"column":57},"end":{"line":19,"column":58}},"loc":{"start":{"line":19,"column":70},"end":{"line":19,"column":103}}},"4":{"name":"(anonymous_4)","decl":{"start":{"line":20,"column":24},"end":{"line":20,"column":25}},"loc":{"start":{"line":20,"column":44},"end":{"line":20,"column":97}}},"5":{"name":"(anonymous_5)","decl":{"start":{"line":21,"column":20},"end":{"line":21,"column":21}},"loc":{"start":{"line":21,"column":40},"end":{"line":21,"column":87}}},"6":{"name":"(anonymous_6)","decl":{"start":{"line":22,"column":19},"end":{"line":22,"column":20}},"loc":{"start":{"line":22,"column":39},"end":{"line":22,"column":97}}},"7":{"name":"(anonymous_7)","decl":{"start":{"line":23,"column":12},"end":{"line":23,"column":17}},"loc":{"start":{"line":23,"column":108},"end":{"line":85,"column":1}}},"8":{"name":"(anonymous_8)","decl":{"start":{"line":87,"column":16},"end":{"line":87,"column":21}},"loc":{"start":{"line":87,"column":125},"end":{"line":107,"column":1}}},"9":{"name":"(anonymous_9)","decl":{"start":{"line":89,"column":90},"end":{"line":89,"column":91}},"loc":{"start":{"line":89,"column":100},"end":{"line":89,"column":132}}},"10":{"name":"(anonymous_10)","decl":{"start":{"line":112,"column":2},"end":{"line":112,"column":5}},"loc":{"start":{"line":112,"column":91},"end":{"line":121,"column":3}}},"11":{"name":"(anonymous_11)","decl":{"start":{"line":118,"column":69},"end":{"line":118,"column":72}},"loc":{"start":{"line":118,"column":74},"end":{"line":118,"column":98}}},"12":{"name":"(anonymous_12)","decl":{"start":{"line":122,"column":2},"end":{"line":122,"column":17}},"loc":{"start":{"line":122,"column":108},"end":{"line":126,"column":3}}}},"branchMap":{"0":{"loc":{"start":{"line":15,"column":2},"end":{"line":15,"column":130}},"type":"if","locations":[{"start":{"line":15,"column":2},"end":{"line":15,"column":130}}]},"1":{"loc":{"start":{"line":15,"column":6},"end":{"line":15,"column":65}},"type":"binary-expr","locations":[{"start":{"line":15,"column":6},"end":{"line":15,"column":32}},{"start":{"line":15,"column":36},"end":{"line":15,"column":65}}]},"2":{"loc":{"start":{"line":20,"column":44},"end":{"line":20,"column":97}},"type":"cond-expr","locations":[{"start":{"line":20,"column":77},"end":{"line":20,"column":93}},{"start":{"line":20,"column":96},"end":{"line":20,"column":97}}]},"3":{"loc":{"start":{"line":21,"column":40},"end":{"line":21,"column":87}},"type":"binary-expr","locations":[{"start":{"line":21,"column":40},"end":{"line":21,"column":52}},{"start":{"line":21,"column":56},"end":{"line":21,"column":70}},{"start":{"line":21,"column":74},"end":{"line":21,"column":87}}]},"4":{"loc":{"start":{"line":22,"column":39},"end":{"line":22,"column":97}},"type":"binary-expr","locations":[{"start":{"line":22,"column":39},"end":{"line":22,"column":69}},{"start":{"line":22,"column":73},"end":{"line":22,"column":97}}]},"5":{"loc":{"start":{"line":23,"column":69},"end":{"line":23,"column":82}},"type":"default-arg","locations":[{"start":{"line":23,"column":77},"end":{"line":23,"column":82}}]},"6":{"loc":{"start":{"line":24,"column":2},"end":{"line":24,"column":47}},"type":"if","locations":[{"start":{"line":24,"column":2},"end":{"line":24,"column":47}}]},"7":{"loc":{"start":{"line":29,"column":4},"end":{"line":29,"column":77}},"type":"if","locations":[{"start":{"line":29,"column":4},"end":{"line":29,"column":77}}]},"8":{"loc":{"start":{"line":30,"column":4},"end":{"line":30,"column":72}},"type":"if","locations":[{"start":{"line":30,"column":4},"end":{"line":30,"column":72}}]},"9":{"loc":{"start":{"line":31,"column":4},"end":{"line":31,"column":82}},"type":"if","locations":[{"start":{"line":31,"column":4},"end":{"line":31,"column":82}}]},"10":{"loc":{"start":{"line":31,"column":8},"end":{"line":31,"column":46}},"type":"binary-expr","locations":[{"start":{"line":31,"column":8},"end":{"line":31,"column":36}},{"start":{"line":31,"column":40},"end":{"line":31,"column":46}}]},"11":{"loc":{"start":{"line":32,"column":4},"end":{"line":32,"column":88}},"type":"if","locations":[{"start":{"line":32,"column":4},"end":{"line":32,"column":88}}]},"12":{"loc":{"start":{"line":32,"column":8},"end":{"line":32,"column":52}},"type":"binary-expr","locations":[{"start":{"line":32,"column":8},"end":{"line":32,"column":42}},{"start":{"line":32,"column":46},"end":{"line":32,"column":52}}]},"13":{"loc":{"start":{"line":34,"column":4},"end":{"line":38,"column":5}},"type":"if","locations":[{"start":{"line":34,"column":4},"end":{"line":38,"column":5}}]},"14":{"loc":{"start":{"line":39,"column":4},"end":{"line":39,"column":97}},"type":"if","locations":[{"start":{"line":39,"column":4},"end":{"line":39,"column":97}}]},"15":{"loc":{"start":{"line":39,"column":8},"end":{"line":39,"column":86}},"type":"binary-expr","locations":[{"start":{"line":39,"column":9},"end":{"line":39,"column":36}},{"start":{"line":39,"column":40},"end":{"line":39,"column":67}},{"start":{"line":39,"column":72},"end":{"line":39,"column":86}}]},"16":{"loc":{"start":{"line":40,"column":4},"end":{"line":44,"column":5}},"type":"if","locations":[{"start":{"line":40,"column":4},"end":{"line":44,"column":5}}]},"17":{"loc":{"start":{"line":46,"column":4},"end":{"line":52,"column":5}},"type":"if","locations":[{"start":{"line":46,"column":4},"end":{"line":52,"column":5}}]},"18":{"loc":{"start":{"line":48,"column":6},"end":{"line":51,"column":7}},"type":"if","locations":[{"start":{"line":48,"column":6},"end":{"line":51,"column":7}}]},"19":{"loc":{"start":{"line":48,"column":10},"end":{"line":48,"column":56}},"type":"binary-expr","locations":[{"start":{"line":48,"column":10},"end":{"line":48,"column":32}},{"start":{"line":48,"column":36},"end":{"line":48,"column":56}}]},"20":{"loc":{"start":{"line":53,"column":4},"end":{"line":53,"column":101}},"type":"if","locations":[{"start":{"line":53,"column":4},"end":{"line":53,"column":101}}]},"21":{"loc":{"start":{"line":53,"column":8},"end":{"line":53,"column":54}},"type":"binary-expr","locations":[{"start":{"line":53,"column":8},"end":{"line":53,"column":28}},{"start":{"line":53,"column":32},"end":{"line":53,"column":54}}]},"22":{"loc":{"start":{"line":57,"column":6},"end":{"line":70,"column":7}},"type":"if","locations":[{"start":{"line":57,"column":6},"end":{"line":70,"column":7}},{"start":{"line":60,"column":13},"end":{"line":70,"column":7}}]},"23":{"loc":{"start":{"line":60,"column":13},"end":{"line":70,"column":7}},"type":"if","locations":[{"start":{"line":60,"column":13},"end":{"line":70,"column":7}},{"start":{"line":63,"column":13},"end":{"line":70,"column":7}}]},"24":{"loc":{"start":{"line":60,"column":17},"end":{"line":60,"column":61}},"type":"binary-expr","locations":[{"start":{"line":60,"column":17},"end":{"line":60,"column":44}},{"start":{"line":60,"column":48},"end":{"line":60,"column":61}}]},"25":{"loc":{"start":{"line":63,"column":13},"end":{"line":70,"column":7}},"type":"if","locations":[{"start":{"line":63,"column":13},"end":{"line":70,"column":7}},{"start":{"line":66,"column":13},"end":{"line":70,"column":7}}]},"26":{"loc":{"start":{"line":63,"column":17},"end":{"line":63,"column":61}},"type":"binary-expr","locations":[{"start":{"line":63,"column":17},"end":{"line":63,"column":44}},{"start":{"line":63,"column":48},"end":{"line":63,"column":61}}]},"27":{"loc":{"start":{"line":66,"column":13},"end":{"line":70,"column":7}},"type":"if","locations":[{"start":{"line":66,"column":13},"end":{"line":70,"column":7}}]},"28":{"loc":{"start":{"line":75,"column":20},"end":{"line":75,"column":92}},"type":"cond-expr","locations":[{"start":{"line":75,"column":37},"end":{"line":75,"column":47}},{"start":{"line":75,"column":50},"end":{"line":75,"column":92}}]},"29":{"loc":{"start":{"line":75,"column":50},"end":{"line":75,"column":92}},"type":"cond-expr","locations":[{"start":{"line":75,"column":72},"end":{"line":75,"column":81}},{"start":{"line":75,"column":84},"end":{"line":75,"column":92}}]},"30":{"loc":{"start":{"line":76,"column":27},"end":{"line":76,"column":108}},"type":"cond-expr","locations":[{"start":{"line":76,"column":78},"end":{"line":76,"column":96}},{"start":{"line":76,"column":99},"end":{"line":76,"column":108}}]},"31":{"loc":{"start":{"line":76,"column":27},"end":{"line":76,"column":75}},"type":"binary-expr","locations":[{"start":{"line":76,"column":27},"end":{"line":76,"column":41}},{"start":{"line":76,"column":45},"end":{"line":76,"column":75}}]},"32":{"loc":{"start":{"line":77,"column":27},"end":{"line":77,"column":173}},"type":"cond-expr","locations":[{"start":{"line":77,"column":79},"end":{"line":77,"column":166}},{"start":{"line":77,"column":169},"end":{"line":77,"column":173}}]},"33":{"loc":{"start":{"line":77,"column":27},"end":{"line":77,"column":76}},"type":"binary-expr","locations":[{"start":{"line":77,"column":27},"end":{"line":77,"column":46}},{"start":{"line":77,"column":50},"end":{"line":77,"column":76}}]},"34":{"loc":{"start":{"line":78,"column":71},"end":{"line":78,"column":126}},"type":"cond-expr","locations":[{"start":{"line":78,"column":96},"end":{"line":78,"column":109}},{"start":{"line":78,"column":112},"end":{"line":78,"column":126}}]},"35":{"loc":{"start":{"line":79,"column":6},"end":{"line":80,"column":31}},"type":"if","locations":[{"start":{"line":79,"column":6},"end":{"line":80,"column":31}},{"start":{"line":80,"column":11},"end":{"line":80,"column":31}}]},"36":{"loc":{"start":{"line":81,"column":6},"end":{"line":81,"column":32}},"type":"if","locations":[{"start":{"line":81,"column":6},"end":{"line":81,"column":32}}]},"37":{"loc":{"start":{"line":90,"column":2},"end":{"line":90,"column":145}},"type":"if","locations":[{"start":{"line":90,"column":2},"end":{"line":90,"column":145}}]},"38":{"loc":{"start":{"line":90,"column":6},"end":{"line":90,"column":84}},"type":"binary-expr","locations":[{"start":{"line":90,"column":6},"end":{"line":90,"column":16}},{"start":{"line":90,"column":21},"end":{"line":90,"column":51}},{"start":{"line":90,"column":55},"end":{"line":90,"column":83}}]},"39":{"loc":{"start":{"line":92,"column":2},"end":{"line":92,"column":103}},"type":"if","locations":[{"start":{"line":92,"column":2},"end":{"line":92,"column":103}}]},"40":{"loc":{"start":{"line":97,"column":4},"end":{"line":97,"column":67}},"type":"if","locations":[{"start":{"line":97,"column":4},"end":{"line":97,"column":67}}]},"41":{"loc":{"start":{"line":97,"column":8},"end":{"line":97,"column":53}},"type":"binary-expr","locations":[{"start":{"line":97,"column":8},"end":{"line":97,"column":26}},{"start":{"line":97,"column":30},"end":{"line":97,"column":53}}]},"42":{"loc":{"start":{"line":101,"column":2},"end":{"line":104,"column":3}},"type":"if","locations":[{"start":{"line":101,"column":2},"end":{"line":104,"column":3}}]},"43":{"loc":{"start":{"line":105,"column":2},"end":{"line":105,"column":149}},"type":"if","locations":[{"start":{"line":105,"column":2},"end":{"line":105,"column":149}}]},"44":{"loc":{"start":{"line":105,"column":6},"end":{"line":105,"column":67}},"type":"binary-expr","locations":[{"start":{"line":105,"column":6},"end":{"line":105,"column":36}},{"start":{"line":105,"column":40},"end":{"line":105,"column":67}}]},"45":{"loc":{"start":{"line":112,"column":63},"end":{"line":112,"column":91}},"type":"default-arg","locations":[{"start":{"line":112,"column":89},"end":{"line":112,"column":91}}]},"46":{"loc":{"start":{"line":113,"column":4},"end":{"line":113,"column":76}},"type":"if","locations":[{"start":{"line":113,"column":4},"end":{"line":113,"column":76}}]},"47":{"loc":{"start":{"line":113,"column":8},"end":{"line":113,"column":35}},"type":"binary-expr","locations":[{"start":{"line":113,"column":8},"end":{"line":113,"column":14}},{"start":{"line":113,"column":18},"end":{"line":113,"column":35}}]},"48":{"loc":{"start":{"line":114,"column":4},"end":{"line":117,"column":5}},"type":"if","locations":[{"start":{"line":114,"column":4},"end":{"line":117,"column":5}}]},"49":{"loc":{"start":{"line":115,"column":6},"end":{"line":115,"column":103}},"type":"if","locations":[{"start":{"line":115,"column":6},"end":{"line":115,"column":103}}]},"50":{"loc":{"start":{"line":115,"column":10},"end":{"line":115,"column":62}},"type":"binary-expr","locations":[{"start":{"line":115,"column":10},"end":{"line":115,"column":36}},{"start":{"line":115,"column":40},"end":{"line":115,"column":62}}]},"51":{"loc":{"start":{"line":123,"column":4},"end":{"line":123,"column":108}},"type":"if","locations":[{"start":{"line":123,"column":4},"end":{"line":123,"column":108}}]},"52":{"loc":{"start":{"line":124,"column":4},"end":{"line":124,"column":117}},"type":"if","locations":[{"start":{"line":124,"column":4},"end":{"line":124,"column":117}}]}},"s":{"0":1,"1":1,"2":1,"3":1,"4":1,"5":1,"6":1,"7":4,"8":2,"9":2,"10":1,"11":1,"12":0,"13":0,"14":1,"15":0,"16":1,"17":0,"18":1,"19":0,"20":1,"21":0,"22":0,"23":0,"24":0,"25":0,"26":0,"27":0,"28":0,"29":0,"30":0,"31":0,"32":0,"33":0,"34":0,"35":0,"36":0,"37":0,"38":0,"39":0,"40":0,"41":0,"42":0,"43":0,"44":0,"45":0,"46":0,"47":0,"48":0,"49":0,"50":0,"51":0,"52":0,"53":0,"54":0,"55":0,"56":0,"57":0,"58":0,"59":0,"60":0,"61":0,"62":0,"63":0,"64":0,"65":0,"66":0,"67":0,"68":0,"69":0,"70":0,"71":0,"72":0,"73":0,"74":0,"75":0,"76":0,"77":0,"78":0,"79":0,"80":0,"81":0,"82":0,"83":0,"84":0,"85":0,"86":0,"87":1,"88":0,"89":0,"90":0,"91":0,"92":0,"93":0,"94":0,"95":0,"96":0,"97":0,"98":0,"99":0,"100":0,"101":0,"102":0,"103":0,"104":0,"105":0,"106":0,"107":0,"108":1,"109":1,"110":1,"111":0,"112":0,"113":0,"114":0,"115":0,"116":0,"117":0,"118":0,"119":0,"120":0,"121":0,"122":0,"123":0},"f":{"0":1,"1":4,"2":0,"3":0,"4":0,"5":0,"6":0,"7":0,"8":0,"9":0,"10":1,"11":0,"12":0},"b":{"0":[2],"1":[4,2],"2":[0,0],"3":[0,0,0],"4":[0,0],"5":[0],"6":[0],"7":[0],"8":[0],"9":[0],"10":[0,0],"11":[0],"12":[0,0],"13":[0],"14":[0],"15":[0,0,0],"16":[0],"17":[0],"18":[0],"19":[0,0],"20":[0],"21":[0,0],"22":[0,0],"23":[0,0],"24":[0,0],"25":[0,0],"26":[0,0],"27":[0],"28":[0,0],"29":[0,0],"30":[0,0],"31":[0,0],"32":[0,0],"33":[0,0],"34":[0,0],"35":[0,0],"36":[0],"37":[0],"38":[0,0,0],"39":[0],"40":[0],"41":[0,0],"42":[0],"43":[0],"44":[0,0],"45":[1],"46":[1],"47":[1,0],"48":[0],"49":[0],"50":[0,0],"51":[0],"52":[0]}}
,"/home/wuanpack/Descargas/IPSS/II AÑO/III TRIMESTRE/DESARROLLO DE APLICACIONES MÓVILES/Unidad III/to-do-list-upgrade/to-do-list-ipss/mobile/src/services/task-composer.ts": {"path":"/home/wuanpack/Descargas/IPSS/II AÑO/III TRIMESTRE/DESARROLLO DE APLICACIONES MÓVILES/Unidad III/to-do-list-upgrade/to-do-list-ipss/mobile/src/services/task-composer.ts","statementMap":{"0":{"start":{"line":45,"column":0},"end":{"line":45,"column":16}},"1":{"start":{"line":1,"column":0},"end":{"line":1,"column":101}},"2":{"start":{"line":2,"column":0},"end":{"line":2,"column":62}},"3":{"start":{"line":31,"column":29},"end":{"line":36,"column":2}},"4":{"start":{"line":31,"column":83},"end":{"line":36,"column":2}},"5":{"start":{"line":31,"column":13},"end":{"line":31,"column":29}},"6":{"start":{"line":38,"column":22},"end":{"line":43,"column":2}},"7":{"start":{"line":38,"column":54},"end":{"line":43,"column":2}},"8":{"start":{"line":46,"column":48},"end":{"line":46,"column":63}},"9":{"start":{"line":47,"column":42},"end":{"line":47,"column":57}},"10":{"start":{"line":48,"column":23},"end":{"line":48,"column":36}},"11":{"start":{"line":49,"column":20},"end":{"line":49,"column":33}},"12":{"start":{"line":50,"column":20},"end":{"line":50,"column":34}},"13":{"start":{"line":51,"column":18},"end":{"line":51,"column":30}},"14":{"start":{"line":52,"column":2},"end":{"line":52,"column":29}},"15":{"start":{"line":54,"column":2},"end":{"line":54,"column":58}},"16":{"start":{"line":54,"column":18},"end":{"line":54,"column":52}},"17":{"start":{"line":54,"column":26},"end":{"line":54,"column":50}},"18":{"start":{"line":56,"column":25},"end":{"line":73,"column":87}},"19":{"start":{"line":57,"column":4},"end":{"line":57,"column":58}},"20":{"start":{"line":57,"column":51},"end":{"line":57,"column":58}},"21":{"start":{"line":58,"column":4},"end":{"line":58,"column":32}},"22":{"start":{"line":59,"column":4},"end":{"line":59,"column":50}},"23":{"start":{"line":59,"column":25},"end":{"line":59,"column":50}},"24":{"start":{"line":60,"column":4},"end":{"line":72,"column":5}},"25":{"start":{"line":61,"column":27},"end":{"line":61,"column":53}},"26":{"start":{"line":62,"column":6},"end":{"line":65,"column":7}},"27":{"start":{"line":63,"column":23},"end":{"line":63,"column":108}},"28":{"start":{"line":64,"column":8},"end":{"line":64,"column":149}},"29":{"start":{"line":64,"column":44},"end":{"line":64,"column":149}},"30":{"start":{"line":64,"column":66},"end":{"line":64,"column":147}},"31":{"start":{"line":64,"column":88},"end":{"line":64,"column":146}},"32":{"start":{"line":66,"column":6},"end":{"line":66,"column":53}},"33":{"start":{"line":66,"column":27},"end":{"line":66,"column":53}},"34":{"start":{"line":68,"column":6},"end":{"line":68,"column":139}},"35":{"start":{"line":68,"column":27},"end":{"line":68,"column":139}},"36":{"start":{"line":70,"column":6},"end":{"line":70,"column":35}},"37":{"start":{"line":71,"column":6},"end":{"line":71,"column":53}},"38":{"start":{"line":71,"column":27},"end":{"line":71,"column":53}},"39":{"start":{"line":75,"column":25},"end":{"line":96,"column":87}},"40":{"start":{"line":76,"column":4},"end":{"line":76,"column":58}},"41":{"start":{"line":76,"column":51},"end":{"line":76,"column":58}},"42":{"start":{"line":77,"column":4},"end":{"line":80,"column":5}},"43":{"start":{"line":78,"column":6},"end":{"line":78,"column":50}},"44":{"start":{"line":78,"column":27},"end":{"line":78,"column":50}},"45":{"start":{"line":79,"column":6},"end":{"line":79,"column":13}},"46":{"start":{"line":81,"column":4},"end":{"line":81,"column":32}},"47":{"start":{"line":82,"column":4},"end":{"line":82,"column":50}},"48":{"start":{"line":82,"column":25},"end":{"line":82,"column":50}},"49":{"start":{"line":83,"column":4},"end":{"line":95,"column":5}},"50":{"start":{"line":84,"column":6},"end":{"line":84,"column":80}},"51":{"start":{"line":85,"column":6},"end":{"line":89,"column":7}},"52":{"start":{"line":86,"column":8},"end":{"line":86,"column":187}},"53":{"start":{"line":86,"column":30},"end":{"line":86,"column":185}},"54":{"start":{"line":86,"column":52},"end":{"line":86,"column":184}},"55":{"start":{"line":87,"column":8},"end":{"line":87,"column":31}},"56":{"start":{"line":88,"column":8},"end":{"line":88,"column":74}},"57":{"start":{"line":91,"column":6},"end":{"line":91,"column":124}},"58":{"start":{"line":91,"column":27},"end":{"line":91,"column":124}},"59":{"start":{"line":93,"column":6},"end":{"line":93,"column":35}},"60":{"start":{"line":94,"column":6},"end":{"line":94,"column":53}},"61":{"start":{"line":94,"column":27},"end":{"line":94,"column":53}},"62":{"start":{"line":98,"column":22},"end":{"line":114,"column":49}},"63":{"start":{"line":99,"column":4},"end":{"line":99,"column":55}},"64":{"start":{"line":99,"column":48},"end":{"line":99,"column":55}},"65":{"start":{"line":100,"column":4},"end":{"line":100,"column":29}},"66":{"start":{"line":101,"column":4},"end":{"line":101,"column":47}},"67":{"start":{"line":101,"column":25},"end":{"line":101,"column":47}},"68":{"start":{"line":102,"column":4},"end":{"line":113,"column":5}},"69":{"start":{"line":103,"column":20},"end":{"line":103,"column":37}},"70":{"start":{"line":104,"column":6},"end":{"line":107,"column":7}},"71":{"start":{"line":105,"column":8},"end":{"line":105,"column":31}},"72":{"start":{"line":106,"column":8},"end":{"line":106,"column":30}},"73":{"start":{"line":109,"column":6},"end":{"line":109,"column":119}},"74":{"start":{"line":109,"column":27},"end":{"line":109,"column":119}},"75":{"start":{"line":111,"column":6},"end":{"line":111,"column":32}},"76":{"start":{"line":112,"column":6},"end":{"line":112,"column":50}},"77":{"start":{"line":112,"column":27},"end":{"line":112,"column":50}},"78":{"start":{"line":116,"column":2},"end":{"line":116,"column":88}}},"fnMap":{"0":{"name":"(anonymous_0)","decl":{"start":{"line":31,"column":29},"end":{"line":31,"column":30}},"loc":{"start":{"line":31,"column":83},"end":{"line":36,"column":2}}},"1":{"name":"(anonymous_1)","decl":{"start":{"line":38,"column":22},"end":{"line":38,"column":50}},"loc":{"start":{"line":38,"column":54},"end":{"line":43,"column":2}}},"2":{"name":"useTaskComposer","decl":{"start":{"line":45,"column":16},"end":{"line":45,"column":31}},"loc":{"start":{"line":45,"column":174},"end":{"line":117,"column":1}}},"3":{"name":"(anonymous_3)","decl":{"start":{"line":54,"column":12},"end":{"line":54,"column":15}},"loc":{"start":{"line":54,"column":18},"end":{"line":54,"column":52}}},"4":{"name":"(anonymous_4)","decl":{"start":{"line":54,"column":18},"end":{"line":54,"column":21}},"loc":{"start":{"line":54,"column":23},"end":{"line":54,"column":52}}},"5":{"name":"(anonymous_5)","decl":{"start":{"line":56,"column":37},"end":{"line":56,"column":42}},"loc":{"start":{"line":56,"column":48},"end":{"line":73,"column":3}}},"6":{"name":"(anonymous_6)","decl":{"start":{"line":64,"column":53},"end":{"line":64,"column":54}},"loc":{"start":{"line":64,"column":66},"end":{"line":64,"column":147}}},"7":{"name":"(anonymous_7)","decl":{"start":{"line":64,"column":78},"end":{"line":64,"column":79}},"loc":{"start":{"line":64,"column":88},"end":{"line":64,"column":146}}},"8":{"name":"(anonymous_8)","decl":{"start":{"line":75,"column":37},"end":{"line":75,"column":42}},"loc":{"start":{"line":75,"column":48},"end":{"line":96,"column":3}}},"9":{"name":"(anonymous_9)","decl":{"start":{"line":86,"column":17},"end":{"line":86,"column":18}},"loc":{"start":{"line":86,"column":30},"end":{"line":86,"column":185}}},"10":{"name":"(anonymous_10)","decl":{"start":{"line":86,"column":42},"end":{"line":86,"column":43}},"loc":{"start":{"line":86,"column":52},"end":{"line":86,"column":184}}},"11":{"name":"(anonymous_11)","decl":{"start":{"line":98,"column":34},"end":{"line":98,"column":39}},"loc":{"start":{"line":98,"column":45},"end":{"line":114,"column":3}}}},"branchMap":{"0":{"loc":{"start":{"line":57,"column":4},"end":{"line":57,"column":58}},"type":"if","locations":[{"start":{"line":57,"column":4},"end":{"line":57,"column":58}}]},"1":{"loc":{"start":{"line":57,"column":8},"end":{"line":57,"column":49}},"type":"binary-expr","locations":[{"start":{"line":57,"column":8},"end":{"line":57,"column":28}},{"start":{"line":57,"column":32},"end":{"line":57,"column":49}}]},"2":{"loc":{"start":{"line":59,"column":4},"end":{"line":59,"column":50}},"type":"if","locations":[{"start":{"line":59,"column":4},"end":{"line":59,"column":50}}]},"3":{"loc":{"start":{"line":62,"column":6},"end":{"line":65,"column":7}},"type":"if","locations":[{"start":{"line":62,"column":6},"end":{"line":65,"column":7}}]},"4":{"loc":{"start":{"line":62,"column":10},"end":{"line":62,"column":38}},"type":"binary-expr","locations":[{"start":{"line":62,"column":10},"end":{"line":62,"column":14}},{"start":{"line":62,"column":18},"end":{"line":62,"column":27}},{"start":{"line":62,"column":31},"end":{"line":62,"column":38}}]},"5":{"loc":{"start":{"line":64,"column":8},"end":{"line":64,"column":149}},"type":"if","locations":[{"start":{"line":64,"column":8},"end":{"line":64,"column":149}}]},"6":{"loc":{"start":{"line":64,"column":12},"end":{"line":64,"column":42}},"type":"binary-expr","locations":[{"start":{"line":64,"column":12},"end":{"line":64,"column":27}},{"start":{"line":64,"column":31},"end":{"line":64,"column":42}}]},"7":{"loc":{"start":{"line":64,"column":88},"end":{"line":64,"column":146}},"type":"cond-expr","locations":[{"start":{"line":64,"column":128},"end":{"line":64,"column":139}},{"start":{"line":64,"column":142},"end":{"line":64,"column":146}}]},"8":{"loc":{"start":{"line":66,"column":6},"end":{"line":66,"column":53}},"type":"if","locations":[{"start":{"line":66,"column":6},"end":{"line":66,"column":53}}]},"9":{"loc":{"start":{"line":68,"column":6},"end":{"line":68,"column":139}},"type":"if","locations":[{"start":{"line":68,"column":6},"end":{"line":68,"column":139}}]},"10":{"loc":{"start":{"line":71,"column":6},"end":{"line":71,"column":53}},"type":"if","locations":[{"start":{"line":71,"column":6},"end":{"line":71,"column":53}}]},"11":{"loc":{"start":{"line":76,"column":4},"end":{"line":76,"column":58}},"type":"if","locations":[{"start":{"line":76,"column":4},"end":{"line":76,"column":58}}]},"12":{"loc":{"start":{"line":76,"column":8},"end":{"line":76,"column":49}},"type":"binary-expr","locations":[{"start":{"line":76,"column":8},"end":{"line":76,"column":28}},{"start":{"line":76,"column":32},"end":{"line":76,"column":49}}]},"13":{"loc":{"start":{"line":77,"column":4},"end":{"line":80,"column":5}},"type":"if","locations":[{"start":{"line":77,"column":4},"end":{"line":80,"column":5}}]},"14":{"loc":{"start":{"line":77,"column":8},"end":{"line":77,"column":39}},"type":"binary-expr","locations":[{"start":{"line":77,"column":8},"end":{"line":77,"column":13}},{"start":{"line":77,"column":17},"end":{"line":77,"column":27}},{"start":{"line":77,"column":31},"end":{"line":77,"column":39}}]},"15":{"loc":{"start":{"line":78,"column":6},"end":{"line":78,"column":50}},"type":"if","locations":[{"start":{"line":78,"column":6},"end":{"line":78,"column":50}}]},"16":{"loc":{"start":{"line":82,"column":4},"end":{"line":82,"column":50}},"type":"if","locations":[{"start":{"line":82,"column":4},"end":{"line":82,"column":50}}]},"17":{"loc":{"start":{"line":85,"column":6},"end":{"line":89,"column":7}},"type":"if","locations":[{"start":{"line":85,"column":6},"end":{"line":89,"column":7}}]},"18":{"loc":{"start":{"line":86,"column":52},"end":{"line":86,"column":184}},"type":"cond-expr","locations":[{"start":{"line":86,"column":84},"end":{"line":86,"column":177}},{"start":{"line":86,"column":180},"end":{"line":86,"column":184}}]},"19":{"loc":{"start":{"line":91,"column":6},"end":{"line":91,"column":124}},"type":"if","locations":[{"start":{"line":91,"column":6},"end":{"line":91,"column":124}}]},"20":{"loc":{"start":{"line":94,"column":6},"end":{"line":94,"column":53}},"type":"if","locations":[{"start":{"line":94,"column":6},"end":{"line":94,"column":53}}]},"21":{"loc":{"st
[...]
340,"column":45}},"loc":{"start":{"line":340,"column":51},"end":{"line":356,"column":5}}},"43":{"name":"(anonymous_43)","decl":{"start":{"line":358,"column":2},"end":{"line":358,"column":7}},"loc":{"start":{"line":358,"column":66},"end":{"line":366,"column":3}}},"44":{"name":"(anonymous_44)","decl":{"start":{"line":368,"column":2},"end":{"line":368,"column":17}},"loc":{"start":{"line":368,"column":146},"end":{"line":370,"column":3}}}},"branchMap":{"0":{"loc":{"start":{"line":91,"column":211},"end":{"line":91,"column":242}},"type":"default-arg","locations":[{"start":{"line":91,"column":238},"end":{"line":91,"column":242}}]},"1":{"loc":{"start":{"line":92,"column":60},"end":{"line":92,"column":82}},"type":"cond-expr","locations":[{"start":{"line":92,"column":77},"end":{"line":92,"column":78}},{"start":{"line":92,"column":81},"end":{"line":92,"column":82}}]},"2":{"loc":{"start":{"line":122,"column":11},"end":{"line":122,"column":38}},"type":"cond-expr","locations":[{"start":{"line":122,"column":17},"end":{"line":122,"column":31}},{"start":{"line":122,"column":34},"end":{"line":122,"column":38}}]},"3":{"loc":{"start":{"line":125,"column":61},"end":{"line":125,"column":98}},"type":"default-arg","locations":[{"start":{"line":125,"column":92},"end":{"line":125,"column":98}}]},"4":{"loc":{"start":{"line":133,"column":4},"end":{"line":133,"column":70}},"type":"if","locations":[{"start":{"line":133,"column":4},"end":{"line":133,"column":70}}]},"5":{"loc":{"start":{"line":141,"column":8},"end":{"line":141,"column":123}},"type":"if","locations":[{"start":{"line":141,"column":8},"end":{"line":141,"column":123}}]},"6":{"loc":{"start":{"line":141,"column":12},"end":{"line":141,"column":64}},"type":"binary-expr","locations":[{"start":{"line":141,"column":12},"end":{"line":141,"column":35}},{"start":{"line":141,"column":39},"end":{"line":141,"column":64}}]},"7":{"loc":{"start":{"line":143,"column":8},"end":{"line":143,"column":49}},"type":"if","locations":[{"start":{"line":143,"column":8},"end":{"line":143,"column":49}}]},"8":{"loc":{"start":{"line":149,"column":63},"end":{"line":149,"column":87}},"type":"cond-expr","locations":[{"start":{"line":149,"column":82},"end":{"line":149,"column":83}},{"start":{"line":149,"column":86},"end":{"line":149,"column":87}}]},"9":{"loc":{"start":{"line":162,"column":88},"end":{"line":162,"column":125}},"type":"default-arg","locations":[{"start":{"line":162,"column":119},"end":{"line":162,"column":125}}]},"10":{"loc":{"start":{"line":165,"column":6},"end":{"line":165,"column":105}},"type":"if","locations":[{"start":{"line":165,"column":6},"end":{"line":165,"column":105}}]},"11":{"loc":{"start":{"line":165,"column":10},"end":{"line":165,"column":62}},"type":"binary-expr","locations":[{"start":{"line":165,"column":10},"end":{"line":165,"column":19}},{"start":{"line":165,"column":23},"end":{"line":165,"column":62}}]},"12":{"loc":{"start":{"line":177,"column":31},"end":{"line":177,"column":108}},"type":"cond-expr","locations":[{"start":{"line":177,"column":73},"end":{"line":177,"column":89}},{"start":{"line":177,"column":92},"end":{"line":177,"column":108}}]},"13":{"loc":{"start":{"line":178,"column":37},"end":{"line":178,"column":101}},"type":"cond-expr","locations":[{"start":{"line":178,"column":67},"end":{"line":178,"column":76}},{"start":{"line":178,"column":79},"end":{"line":178,"column":101}}]},"14":{"loc":{"start":{"line":181,"column":45},"end":{"line":181,"column":70}},"type":"cond-expr","locations":[{"start":{"line":181,"column":65},"end":{"line":181,"column":66}},{"start":{"line":181,"column":69},"end":{"line":181,"column":70}}]},"15":{"loc":{"start":{"line":184,"column":6},"end":{"line":184,"column":76}},"type":"if","locations":[{"start":{"line":184,"column":6},"end":{"line":184,"column":76}}]},"16":{"loc":{"start":{"line":189,"column":53},"end":{"line":189,"column":90}},"type":"default-arg","locations":[{"start":{"line":189,"column":84},"end":{"line":189,"column":90}}]},"17":{"loc":{"start":{"line":192,"column":6},"end":{"line":192,"column":33}},"type":"if","locations":[{"start":{"line":192,"column":6},"end":{"line":192,"column":33}}]},"18":{"loc":{"start":{"line":193,"column":6},"end":{"line":196,"column":7}},"type":"if","locations":[{"start":{"line":193,"column":6},"end":{"line":196,"column":7}}]},"19":{"loc":{"start":{"line":198,"column":37},"end":{"line":198,"column":101}},"type":"cond-expr","locations":[{"start":{"line":198,"column":67},"end":{"line":198,"column":76}},{"start":{"line":198,"column":79},"end":{"line":198,"column":101}}]},"20":{"loc":{"start":{"line":214,"column":4},"end":{"line":214,"column":99}},"type":"if","locations":[{"start":{"line":214,"column":4},"end":{"line":214,"column":99}}]},"21":{"loc":{"start":{"line":214,"column":8},"end":{"line":214,"column":70}},"type":"binary-expr","locations":[{"start":{"line":214,"column":8},"end":{"line":214,"column":16}},{"start":{"line":214,"column":20},"end":{"line":214,"column":51}},{"start":{"line":214,"column":55},"end":{"line":214,"column":70}}]},"22":{"loc":{"start":{"line":216,"column":4},"end":{"line":224,"column":5}},"type":"if","locations":[{"start":{"line":216,"column":4},"end":{"line":224,"column":5}}]},"23":{"loc":{"start":{"line":219,"column":41},"end":{"line":219,"column":64}},"type":"cond-expr","locations":[{"start":{"line":219,"column":59},"end":{"line":219,"column":60}},{"start":{"line":219,"column":63},"end":{"line":219,"column":64}}]},"24":{"loc":{"start":{"line":222,"column":6},"end":{"line":222,"column":81}},"type":"if","locations":[{"start":{"line":222,"column":6},"end":{"line":222,"column":81}}]},"25":{"loc":{"start":{"line":231,"column":4},"end":{"line":231,"column":78}},"type":"if","locations":[{"start":{"line":231,"column":4},"end":{"line":231,"column":78}}]},"26":{"loc":{"start":{"line":242,"column":6},"end":{"line":242,"column":57}},"type":"if","locations":[{"start":{"line":242,"column":6},"end":{"line":242,"column":57}}]},"27":{"loc":{"start":{"line":244,"column":6},"end":{"line":249,"column":7}},"type":"if","locations":[{"start":{"line":244,"column":6},"end":{"line":249,"column":7}}]},"28":{"loc":{"start":{"line":247,"column":8},"end":{"line":247,"column":65}},"type":"if","locations":[{"start":{"line":247,"column":8},"end":{"line":247,"column":65}}]},"29":{"loc":{"start":{"line":264,"column":6},"end":{"line":264,"column":58}},"type":"if","locations":[{"start":{"line":264,"column":6},"end":{"line":264,"column":58}}]},"30":{"loc":{"start":{"line":271,"column":6},"end":{"line":271,"column":68}},"type":"if","locations":[{"start":{"line":271,"column":6},"end":{"line":271,"column":68}}]},"31":{"loc":{"start":{"line":288,"column":105},"end":{"line":288,"column":142}},"type":"default-arg","locations":[{"start":{"line":288,"column":138},"end":{"line":288,"column":142}}]},"32":{"loc":{"start":{"line":296,"column":4},"end":{"line":296,"column":75}},"type":"if","locations":[{"start":{"line":296,"column":4},"end":{"line":296,"column":75}}]},"33":{"loc":{"start":{"line":304,"column":6},"end":{"line":304,"column":79}},"type":"if","locations":[{"start":{"line":304,"column":6},"end":{"line":304,"column":79}}]},"34":{"loc":{"start":{"line":306,"column":6},"end":{"line":306,"column":74}},"type":"if","locations":[{"start":{"line":306,"column":6},"end":{"line":306,"column":74}}]},"35":{"loc":{"start":{"line":308,"column":6},"end":{"line":312,"column":7}},"type":"if","locations":[{"start":{"line":308,"column":6},"end":{"line":312,"column":7}},{"start":{"line":310,"column":13},"end":{"line":312,"column":7}}]},"36":{"loc":{"start":{"line":308,"column":11},"end":{"line":308,"column":28}},"type":"binary-expr","locations":[{"start":{"line":308,"column":11},"end":{"line":308,"column":23}},{"start":{"line":308,"column":27},"end":{"line":308,"column":28}}]},"37":{"loc":{"start":{"line":315,"column":6},"end":{"line":315,"column":76}},"type":"if","locations":[{"start":{"line":315,"column":6},"end":{"line":315,"column":76}}]},"38":{"loc":{"start":{"line":323,"column":6},"end":{"line":323,"column":79}},"type":"if","locations":[{"start":{"line":323,"column":6},"end":{"line":323,"column":79}}]},"39":{"loc":{"start":{"line":326,"column":6},"end":{"line":329,"column":7}},"type":"if","locations":[{"start":{"line":326,"column":6},"end":{"line":329,"column":7}}]},"40":{"loc":{"start":{"line":326,"column":11},"end":{"line":326,"column":28}},"type":"binary-expr","locations":[{"start":{"line":326,"column":11},"end":{"line":326,"column":23}},{"start":{"line":326,"column":27},"end":{"line":326,"column":28}}]},"41":{"loc":{"start":{"line":342,"column":6},"end":{"line":342,"column":113}},"type":"if","locations":[{"start":{"line":342,"column":6},"end":{"line":342,"column":113}}]},"42":{"loc":{"start":{"line":342,"column":10},"end":{"line":342,"column":54}},"type":"binary-expr","locations":[{"start":{"line":342,"column":10},"end":{"line":342,"column":20}},{"start":{"line":342,"column":24},"end":{"line":342,"column":54}}]},"43":{"loc":{"start":{"line":344,"column":6},"end":{"line":344,"column":71}},"type":"if","locations":[{"start":{"line":344,"column":6},"end":{"line":344,"column":71}}]},"44":{"loc":{"start":{"line":354,"column":6},"end":{"line":354,"column":91}},"type":"if","locations":[{"start":{"line":354,"column":6},"end":{"line":354,"column":91}}]},"45":{"loc":{"start":{"line":361,"column":46},"end":{"line":361,"column":68}},"type":"cond-expr","locations":[{"start":{"line":361,"column":63},"end":{"line":361,"column":64}},{"start":{"line":361,"column":67},"end":{"line":361,"column":68}}]},"46":{"loc":{"start":{"line":364,"column":4},"end":{"line":364,"column":77}},"type":"if","locations":[{"start":{"line":364,"column":4},"end":{"line":364,"column":77}}]},"47":{"loc":{"start":{"line":368,"column":83},"end":{"line":368,"column":110}},"type":"default-arg","locations":[{"start":{"line":368,"column":106},"end":{"line":368,"column":110}}]},"48":{"loc":{"start":{"line":368,"column":112},"end":{"line":368,"column":146}},"type":"default-arg","locations":[{"start":{"line":368,"column":142},"end":{"line":368,"column":146}}]}},"s":{"0":1,"1":1,"2":10,"3":1,"4":35,"5":1,"6":23,"7":1,"8":45,"9":1,"10":2,"11":1,"12":17,"13":14,"14":15,"15":7,"16":7,"17":2,"18":2,"19":38,"20":38,"21":5,"22":5,"23":5,"24":5,"25":5,"26":0,"27":5,"28":3,"29":3,"30":3,"31":3,"32":5,"33":0,"34":5,"35":5,"36":2,"37":2,"38":3,"39":3,"40":3,"41":3,"42":3,"43":3,"44":3,"45":3,"46":3,"47":3,"48":8,"49":8,"50":8,"51":1,"52":7,"53":7,"54":7,"55":7,"56":7,"57":7,"58":7,"59":0,"60":7,"61":2,"62":2,"63":2,"64":1,"65":1,"66":0,"67":0,"68":1,"69":1,"70":1,"71":1,"72":0,"73":9,"74":9,"75":9,"76":2,"77":7,"78":7,"79":1,"80":1,"81":1,"82":0,"83":1,"84":6,"85":6,"86":5,"87":5,"88":0,"89":5,"90":5,"91":5,"92":1,"93":1,"94":1,"95":0,"96":1,"97":1,"98":1,"99":1,"100":1,"101":0,"102":1,"103":0,"104":3,"105":3,"106":4,"107":2,"108":2,"109":2,"110":2,"111":1,"112":1,"113":1,"114":1,"115":1,"116":0,"117":1,"118":2,"119":2,"120":0,"121":0,"122":0,"123":0,"124":0,"125":4,"126":4,"127":4,"128":4,"129":4,"130":0,"131":4,"132":1,"133":1,"134":1,"135":0,"136":1,"137":1,"138":0,"139":1,"140":1,"141":1,"142":0,"143":1,"144":1,"145":1,"146":0,"147":1,"148":0,"149":0,"150":0,"151":0,"152":0,"153":0,"154":0,"155":0,"156":0,"157":0,"158":0,"159":0,"160":4,"161":4,"162":1,"163":1,"164":1,"165":0,"166":1,"167":1,"168":0,"169":1,"170":1,"171":1,"172":1,"173":1,"174":1,"175":1,"176":0,"177":1,"178":0,"179":0,"180":0,"181":0,"182":0,"183":3,"184":1},"f":{"0":10,"1":35,"2":23,"3":45,"4":2,"5":17,"6":14,"7":15,"8":7,"9":2,"10":38,"11":5,"12":3,"13":3,"14":3,"15":3,"16":8,"17":8,"18":2,"19":2,"20":0,"21":9,"22":5,"23":5,"24":1,"25":1,"26":3,"27":3,"28":2,"29":2,"30":2,"31":0,"32":0,"33":0,"34":4,"35":1,"36":1,"37":0,"38":0,"39":4,"40":4,"41":1,"42":1,"43":0,"44":3},"b":{"0":[17],"1":[0,17],"2":[35,3],"3":[5],"4":[0],"5":[0],"6":[5,5],"7":[2],"8":[0,3],"9":[8],"10":[1],"11":[8,7],"12":[1,6],"13":[0,7],"14":[2,5],"15":[0],"16":[2],"17":[1],"18":[0],"19":[0,1],"20":[2],"21":[9,3,2],"22":[1],"23":[0,1],"24":[0],"25":[0],"26":[0],"27":[1],"28":[0],"29":[1],"30":[0],"31":[1],"32":[0],"33":[0],"34":[0],"35":[1,0],"36":[1,0],"37":[0],"38":[0],"39":[0],"40":[0,0],"41":[0],"42":[1,1],"43":[0],"44":[0],"45":[0,0],"46":[0],"47":[0],"48":[2]}}
,"/home/wuanpack/Descargas/IPSS/II AÑO/III TRIMESTRE/DESARROLLO DE APLICACIONES MÓVILES/Unidad III/to-do-list-upgrade/to-do-list-ipss/mobile/src/services/tasks.ts": {"path":"/home/wuanpack/Descargas/IPSS/II AÑO/III TRIMESTRE/DESARROLLO DE APLICACIONES MÓVILES/Unidad III/to-do-list-upgrade/to-do-list-ipss/mobile/src/services/tasks.ts","statementMap":{"0":{"start":{"line":1,"column":0},"end":{"line":1,"column":24}},"1":{"start":{"line":4,"column":15},"end":{"line":4,"column":77}},"2":{"start":{"line":43,"column":4},"end":{"line":43,"column":19}},"3":{"start":{"line":42,"column":23},"end":{"line":42,"column":41}},"4":{"start":{"line":42,"column":69},"end":{"line":42,"column":90}},"5":{"start":{"line":44,"column":4},"end":{"line":44,"column":32}},"6":{"start":{"line":41,"column":0},"end":{"line":41,"column":13}},"7":{"start":{"line":48,"column":33},"end":{"line":54,"column":1}},"8":{"start":{"line":49,"column":2},"end":{"line":49,"column":31}},"9":{"start":{"line":49,"column":14},"end":{"line":49,"column":31}},"10":{"start":{"line":50,"column":18},"end":{"line":50,"column":31}},"11":{"start":{"line":51,"column":2},"end":{"line":51,"column":67}},"12":{"start":{"line":51,"column":32},"end":{"line":51,"column":67}},"13":{"start":{"line":52,"column":20},"end":{"line":52,"column":37}},"14":{"start":{"line":53,"column":2},"end":{"line":53,"column":76}},"15":{"start":{"line":48,"column":13},"end":{"line":48,"column":33}},"16":{"start":{"line":56,"column":24},"end":{"line":56,"column":98}},"17":{"start":{"line":58,"column":16},"end":{"line":71,"column":1}},"18":{"start":{"line":59,"column":14},"end":{"line":59,"column":32}},"19":{"start":{"line":60,"column":19},"end":{"line":63,"column":4}},"20":{"start":{"line":65,"column":2},"end":{"line":67,"column":3}},"21":{"start":{"line":66,"column":4},"end":{"line":66,"column":69}},"22":{"start":{"line":66,"column":10},"end":{"line":66,"column":39}},"23":{"start":{"line":66,"column":50},"end":{"line":66,"column":67}},"24":{"start":{"line":68,"column":22},"end":{"line":68,"column":53}},"25":{"start":{"line":69,"column":2},"end":{"line":69,"column":213}},"26":{"start":{"line":69,"column":20},"end":{"line":69,"column":213}},"27":{"start":{"line":70,"column":2},"end":{"line":70,"column":14}},"28":{"start":{"line":72,"column":13},"end":{"line":78,"column":2}},"29":{"start":{"line":73,"column":27},"end":{"line":73,"column":74}},"30":{"start":{"line":74,"column":38},"end":{"line":74,"column":89}},"31":{"start":{"line":75,"column":69},"end":{"line":75,"column":234}},"32":{"start":{"line":76,"column":116},"end":{"line":76,"column":372}},"33":{"start":{"line":77,"column":89},"end":{"line":77,"column":317}}},"fnMap":{"0":{"name":"(anonymous_0)","decl":{"start":{"line":42,"column":2},"end":{"line":42,"column":23}},"loc":{"start":{"line":42,"column":90},"end":{"line":45,"column":3}}},"1":{"name":"(anonymous_1)","decl":{"start":{"line":48,"column":33},"end":{"line":48,"column":34}},"loc":{"start":{"line":48,"column":96},"end":{"line":54,"column":1}}},"2":{"name":"(anonymous_2)","decl":{"start":{"line":58,"column":16},"end":{"line":58,"column":21}},"loc":{"start":{"line":58,"column":77},"end":{"line":71,"column":1}}},"3":{"name":"(anonymous_3)","decl":{"start":{"line":73,"column":8},"end":{"line":73,"column":9}},"loc":{"start":{"line":73,"column":27},"end":{"line":73,"column":74}}},"4":{"name":"(anonymous_4)","decl":{"start":{"line":74,"column":7},"end":{"line":74,"column":8}},"loc":{"start":{"line":74,"column":38},"end":{"line":74,"column":89}}},"5":{"name":"(anonymous_5)","decl":{"start":{"line":75,"column":10},"end":{"line":75,"column":11}},"loc":{"start":{"line":75,"column":69},"end":{"line":75,"column":234}}},"6":{"name":"(anonymous_6)","decl":{"start":{"line":76,"column":10},"end":{"line":76,"column":11}},"loc":{"start":{"line":76,"column":116},"end":{"line":76,"column":372}}},"7":{"name":"(anonymous_7)","decl":{"start":{"line":77,"column":10},"end":{"line":77,"column":11}},"loc":{"start":{"line":77,"column":89},"end":{"line":77,"column":317}}}},"branchMap":{"0":{"loc":{"start":{"line":4,"column":15},"end":{"line":4,"column":77}},"type":"binary-expr","locations":[{"start":{"line":4,"column":15},"end":{"line":4,"column":46}},{"start":{"line":4,"column":50},"end":{"line":4,"column":77}}]},"1":{"loc":{"start":{"line":48,"column":56},"end":{"line":48,"column":72}},"type":"default-arg","locations":[{"start":{"line":48,"column":62},"end":{"line":48,"column":72}}]},"2":{"loc":{"start":{"line":49,"column":2},"end":{"line":49,"column":31}},"type":"if","locations":[{"start":{"line":49,"column":2},"end":{"line":49,"column":31}}]},"3":{"loc":{"start":{"line":51,"column":2},"end":{"line":51,"column":67}},"type":"if","locations":[{"start":{"line":51,"column":2},"end":{"line":51,"column":67}}]},"4":{"loc":{"start":{"line":53,"column":9},"end":{"line":53,"column":75}},"type":"cond-expr","locations":[{"start":{"line":53,"column":35},"end":{"line":53,"column":44}},{"start":{"line":53,"column":47},"end":{"line":53,"column":75}}]},"5":{"loc":{"start":{"line":61,"column":89},"end":{"line":61,"column":111}},"type":"binary-expr","locations":[{"start":{"line":61,"column":89},"end":{"line":61,"column":105}},{"start":{"line":61,"column":109},"end":{"line":61,"column":111}}]},"6":{"loc":{"start":{"line":65,"column":2},"end":{"line":67,"column":3}},"type":"if","locations":[{"start":{"line":65,"column":2},"end":{"line":67,"column":3}}]},"7":{"loc":{"start":{"line":69,"column":2},"end":{"line":69,"column":213}},"type":"if","locations":[{"start":{"line":69,"column":2},"end":{"line":69,"column":213}}]},"8":{"loc":{"start":{"line":69,"column":61},"end":{"line":69,"column":155}},"type":"cond-expr","locations":[{"start":{"line":69,"column":83},"end":{"line":69,"column":135}},{"start":{"line":69,"column":138},"end":{"line":69,"column":155}}]},"9":{"loc":{"start":{"line":69,"column":83},"end":{"line":69,"column":135}},"type":"binary-expr","locations":[{"start":{"line":69,"column":83},"end":{"line":69,"column":114}},{"start":{"line":69,"column":118},"end":{"line":69,"column":135}}]},"10":{"loc":{"start":{"line":75,"column":125},"end":{"line":75,"column":185}},"type":"cond-expr","locations":[{"start":{"line":75,"column":139},"end":{"line":75,"column":173}},{"start":{"line":75,"column":176},"end":{"line":75,"column":185}}]},"11":{"loc":{"start":{"line":76,"column":185},"end":{"line":76,"column":238}},"type":"cond-expr","locations":[{"start":{"line":76,"column":199},"end":{"line":76,"column":233}},{"start":{"line":76,"column":236},"end":{"line":76,"column":238}}]},"12":{"loc":{"start":{"line":76,"column":245},"end":{"line":76,"column":320}},"type":"cond-expr","locations":[{"start":{"line":76,"column":277},"end":{"line":76,"column":279}},{"start":{"line":76,"column":282},"end":{"line":76,"column":320}}]},"13":{"loc":{"start":{"line":77,"column":159},"end":{"line":77,"column":212}},"type":"cond-expr","locations":[{"start":{"line":77,"column":173},"end":{"line":77,"column":207}},{"start":{"line":77,"column":210},"end":{"line":77,"column":212}}]},"14":{"loc":{"start":{"line":77,"column":219},"end":{"line":77,"column":294}},"type":"cond-expr","locations":[{"start":{"line":77,"column":251},"end":{"line":77,"column":253}},{"start":{"line":77,"column":256},"end":{"line":77,"column":294}}]}},"s":{"0":2,"1":2,"2":0,"3":0,"4":0,"5":0,"6":2,"7":2,"8":4,"9":0,"10":4,"11":4,"12":1,"13":3,"14":3,"15":2,"16":2,"17":2,"18":0,"19":0,"20":0,"21":0,"22":0,"23":0,"24":0,"25":0,"26":0,"27":0,"28":2,"29":0,"30":0,"31":0,"32":0,"33":0},"f":{"0":0,"1":4,"2":0,"3":0,"4":0,"5":0,"6":0,"7":0},"b":{"0":[2,2],"1":[0],"2":[0],"3":[1],"4":[1,2],"5":[0,0],"6":[0],"7":[0],"8":[0,0],"9":[0,0],"10":[0,0],"11":[0,0],"12":[0,0],"13":[0,0],"14":[0,0]}}
}
