TN:
SF:src/auth/AuthProvider.tsx
FN:20,AuthProvider
FN:29,(anonymous_1)
FN:30,(anonymous_2)
FN:81,(anonymous_3)
FN:84,(anonymous_4)
FN:87,(anonymous_5)
FN:98,(anonymous_6)
FN:109,(anonymous_7)
FN:114,(anonymous_8)
FN:118,(anonymous_9)
FN:125,(anonymous_10)
FNF:11
FNH:9
FNDA:22,AuthProvider
FNDA:35,(anonymous_1)
FNDA:12,(anonymous_2)
FNDA:11,(anonymous_3)
FNDA:11,(anonymous_4)
FNDA:0,(anonymous_5)
FNDA:0,(anonymous_6)
FNDA:1,(anonymous_7)
FNDA:2,(anonymous_8)
FNDA:22,(anonymous_9)
FNDA:22,(anonymous_10)
DA:1,1
DA:2,1
DA:18,1
DA:20,1
DA:21,22
DA:22,22
DA:23,22
DA:24,22
DA:25,22
DA:26,22
DA:27,22
DA:29,35
DA:30,22
DA:31,12
DA:32,12
DA:33,12
DA:34,12
DA:35,12
DA:36,12
DA:37,12
DA:39,12
DA:40,12
DA:42,1
DA:43,1
DA:46,11
DA:47,10
DA:48,10
DA:49,4
DA:50,2
DA:51,2
DA:52,2
DA:53,2
DA:54,2
DA:56,6
DA:57,6
DA:58,2
DA:59,1
DA:60,1
DA:65,5
DA:66,5
DA:67,5
DA:68,0
DA:69,0
DA:70,5
DA:71,4
DA:74,0
DA:77,12
DA:81,22
DA:82,11
DA:83,11
DA:84,11
DA:87,22
DA:88,0
DA:89,0
DA:90,0
DA:91,0
DA:92,0
DA:93,0
DA:94,0
DA:95,0
DA:98,22
DA:99,0
DA:100,0
DA:101,0
DA:102,0
DA:103,0
DA:104,0
DA:105,0
DA:106,0
DA:109,22
DA:110,1
DA:111,1
DA:112,1
DA:113,1
DA:114,2
DA:115,1
DA:118,22
DA:122,22
DA:125,1
DA:126,22
DA:127,22
DA:128,22
LF:82
LH:63
BRDA:29,0,0,35
BRDA:29,0,1,33
BRDA:42,1,0,1
BRDA:46,2,0,10
BRDA:49,3,0,2
BRDA:56,4,0,0
BRDA:57,5,0,2
BRDA:57,6,0,6
BRDA:57,6,1,3
BRDA:59,7,0,1
BRDA:67,8,0,0
BRDA:67,8,1,5
BRDA:67,9,0,5
BRDA:67,9,1,5
BRDA:70,10,0,4
BRDA:70,11,0,5
BRDA:70,11,1,5
BRDA:74,12,0,0
BRDA:77,13,0,10
BRDA:95,14,0,0
BRDA:106,15,0,0
BRDA:114,16,0,0
BRDA:115,17,0,1
BRDA:127,18,0,0
BRF:24
BRH:17
end_of_record
TN:
SF:src/services/auth.schemas.ts
FN:7,(anonymous_0)
FN:29,(anonymous_1)
FN:31,(anonymous_2)
FNF:3
FNH:1
FNDA:48,(anonymous_0)
FNDA:0,(anonymous_1)
FNDA:0,(anonymous_2)
DA:1,1
DA:3,1
DA:7,48
DA:10,1
DA:14,1
DA:16,1
DA:22,1
DA:24,1
DA:29,1
DA:31,1
DA:32,0
DA:33,0
DA:34,0
DA:35,0
DA:37,0
LF:15
LH:10
BRDA:29,0,0,0
BRDA:29,0,1,0
BRDA:35,1,0,0
BRDA:35,2,0,0
BRDA:35,2,1,0
BRF:5
BRH:0
end_of_record
TN:
SF:src/services/auth.ts
FN:16,(anonymous_9)
FN:23,(anonymous_10)
FN:29,(anonymous_11)
FN:50,(anonymous_12)
FN:51,(anonymous_13)
FN:52,(anonymous_14)
FN:53,(anonymous_15)
FN:54,(anonymous_16)
FN:55,(anonymous_17)
FN:56,(anonymous_18)
FN:57,(anonymous_19)
FN:67,(anonymous_20)
FNF:12
FNH:3
FNDA:1,(anonymous_9)
FNDA:0,(anonymous_10)
FNDA:4,(anonymous_11)
FNDA:0,(anonymous_12)
FNDA:0,(anonymous_13)
FNDA:4,(anonymous_14)
FNDA:0,(anonymous_15)
FNDA:0,(anonymous_16)
FNDA:0,(anonymous_17)
FNDA:0,(anonymous_18)
FNDA:0,(anonymous_19)
FNDA:0,(anonymous_20)
DA:1,1
DA:2,1
DA:4,1
DA:5,1
DA:6,1
DA:10,1
DA:11,1
DA:12,1
DA:13,1
DA:15,1
DA:16,1
DA:17,1
DA:18,1
DA:22,1
DA:24,0
DA:25,0
DA:29,1
DA:30,4
DA:35,3
DA:36,3
DA:38,0
DA:39,0
DA:42,3
DA:43,1
DA:44,1
DA:46,2
DA:49,1
DA:50,0
DA:51,0
DA:52,4
DA:53,0
DA:54,0
DA:55,0
DA:56,0
DA:58,0
DA:59,0
DA:60,0
DA:61,0
DA:62,0
DA:64,0
DA:67,0
LF:41
LH:24
BRDA:6,0,0,1
BRDA:6,0,1,1
BRDA:31,1,0,4
BRDA:31,1,1,0
BRDA:35,2,0,3
BRDA:38,3,0,0
BRDA:42,4,0,1
BRDA:44,5,0,1
BRDA:44,5,1,0
BRDA:44,6,0,1
BRDA:44,6,1,0
BRDA:59,7,0,0
BRDA:62,8,0,0
BRDA:62,8,1,0
BRF:14
BRH:7
end_of_record
TN:
SF:src/services/jsonplaceholder-adapter.ts
FN:47,(anonymous_0)
FN:56,(anonymous_1)
FN:65,(anonymous_2)
FN:73,(anonymous_3)
FN:80,(anonymous_4)
FN:86,(anonymous_5)
FN:88,(anonymous_6)
FN:97,fetchJsonPlaceholderTodos
FN:109,(anonymous_8)
FN:118,(anonymous_9)
FNF:10
FNH:10
FNDA:3,(anonymous_0)
FNDA:1,(anonymous_1)
FNDA:1,(anonymous_2)
FNDA:1,(anonymous_3)
FNDA:1,(anonymous_4)
FNDA:6,(anonymous_5)
FNDA:4,(anonymous_6)
FNDA:14,fetchJsonPlaceholderTodos
FNDA:1,(anonymous_8)
FNDA:1,(anonymous_9)
DA:1,1
DA:3,1
DA:4,1
DA:5,1
DA:6,1
DA:7,1
DA:8,1
DA:10,1
DA:16,1
DA:43,1
DA:48,3
DA:49,3
DA:50,3
DA:51,3
DA:55,1
DA:57,1
DA:58,1
DA:62,1
DA:66,1
DA:67,1
DA:68,1
DA:72,1
DA:74,1
DA:75,1
DA:79,1
DA:81,1
DA:82,1
DA:86,6
DA:88,4
DA:97,1
DA:98,14
DA:99,14
DA:100,14
DA:101,14
DA:102,13
DA:103,13
DA:105,12
DA:106,12
DA:107,12
DA:109,12
DA:110,1
DA:111,1
DA:113,12
DA:114,1
DA:115,1
DA:117,12
DA:118,12
DA:119,1
DA:120,1
DA:124,12
DA:125,12
DA:126,12
DA:130,9
DA:131,9
DA:132,6
DA:133,6
DA:134,0
DA:136,6
DA:137,6
DA:139,5
DA:140,5
DA:141,5
DA:143,4
DA:144,4
DA:145,4
DA:146,4
DA:147,4
DA:148,7
DA:149,7
DA:150,6
DA:151,6
DA:152,5
DA:153,5
DA:155,4
DA:157,8
DA:158,3
DA:159,2
DA:160,1
DA:162,12
DA:163,12
LF:80
LH:79
BRDA:47,0,0,3
BRDA:56,1,0,0
BRDA:73,2,0,1
BRDA:80,3,0,1
BRDA:97,4,0,0
BRDA:98,5,0,14
BRDA:98,5,1,12
BRDA:99,6,0,14
BRDA:99,6,1,13
BRDA:100,7,0,14
BRDA:100,7,1,12
BRDA:101,8,0,1
BRDA:101,9,0,14
BRDA:101,9,1,14
BRDA:102,10,0,0
BRDA:102,11,0,13
BRDA:102,11,1,13
BRDA:103,12,0,1
BRDA:103,13,0,13
BRDA:103,13,1,13
BRDA:113,14,0,1
BRDA:114,15,0,0
BRDA:114,15,1,1
BRDA:117,16,0,12
BRDA:125,17,0,12
BRDA:125,17,1,0
BRDA:130,18,0,0
BRDA:131,19,0,3
BRDA:133,20,0,0
BRDA:133,21,0,6
BRDA:133,21,1,0
BRDA:133,21,2,0
BRDA:136,22,0,6
BRDA:136,22,1,0
BRDA:137,23,0,1
BRDA:141,24,0,1
BRDA:149,25,0,1
BRDA:151,26,0,1
BRDA:153,27,0,4
BRDA:157,28,0,5
BRDA:157,29,0,8
BRDA:157,29,1,5
BRDA:157,29,2,4
BRDA:158,30,0,1
BRDA:159,31,0,1
BRDA:159,32,0,2
BRDA:159,32,1,1
BRDA:162,33,0,12
BRF:48
BRH:38
end_of_record
TN:
SF:src/services/sqlite.ts
FN:76,migrateDatabase
FN:77,(anonymous_1)
FNF:2
FNH:2
FNDA:15,migrateDatabase
FNDA:15,(anonymous_1)
DA:12,1
DA:14,1
DA:47,1
DA:76,1
DA:77,15
DA:78,15
DA:79,15
DA:80,15
DA:81,40
DA:82,40
DA:83,40
LF:11
LH:11
BRDA:79,0,0,15
BRDA:79,0,1,0
BRF:2
BRH:1
end_of_record
TN:
SF:src/services/sync-service.ts
FN:12,(anonymous_0)
FN:14,(anonymous_1)
FN:19,(anonymous_2)
FN:19,(anonymous_3)
FN:20,(anonymous_4)
FN:21,(anonymous_5)
FN:22,(anonymous_6)
FN:23,(anonymous_7)
FN:87,(anonymous_8)
FN:89,(anonymous_9)
FN:112,(anonymous_10)
FN:118,(anonymous_11)
FN:122,(anonymous_12)
FNF:13
FNH:3
FNDA:1,(anonymous_0)
FNDA:4,(anonymous_1)
FNDA:0,(anonymous_2)
FNDA:0,(anonymous_3)
FNDA:0,(anonymous_4)
FNDA:0,(anonymous_5)
FNDA:0,(anonymous_6)
FNDA:0,(anonymous_7)
FNDA:0,(anonymous_8)
FNDA:0,(anonymous_9)
FNDA:1,(anonymous_10)
FNDA:0,(anonymous_11)
FNDA:0,(anonymous_12)
DA:1,1
DA:2,1
DA:10,1
DA:11,1
DA:12,1
DA:14,1
DA:15,4
DA:16,2
DA:19,1
DA:20,1
DA:21,1
DA:22,1
DA:23,1
DA:24,0
DA:25,0
DA:26,0
DA:27,0
DA:28,0
DA:29,0
DA:30,0
DA:31,0
DA:32,0
DA:33,0
DA:34,0
DA:35,0
DA:36,0
DA:37,0
DA:39,0
DA:40,0
DA:41,0
DA:42,0
DA:43,0
DA:45,0
DA:46,0
DA:47,0
DA:48,0
DA:49,0
DA:50,0
DA:53,0
DA:54,0
DA:55,0
DA:56,0
DA:57,0
DA:58,0
DA:59,0
DA:60,0
DA:61,0
DA:62,0
DA:63,0
DA:64,0
DA:65,0
DA:66,0
DA:67,0
DA:68,0
DA:69,0
DA:71,0
DA:72,0
DA:74,0
DA:75,0
DA:76,0
DA:77,0
DA:78,0
DA:79,0
DA:80,0
DA:81,0
DA:84,0
DA:87,1
DA:88,0
DA:89,0
DA:90,0
DA:91,0
DA:92,0
DA:94,0
DA:95,0
DA:97,0
DA:98,0
DA:99,0
DA:101,0
DA:102,0
DA:103,0
DA:105,0
DA:106,0
DA:111,1
DA:113,1
DA:114,0
DA:115,0
DA:116,0
DA:118,0
DA:119,0
DA:120,0
DA:123,0
DA:124,0
DA:125,0
LF:93
LH:16
BRDA:15,0,0,2
BRDA:15,1,0,4
BRDA:15,1,1,2
BRDA:20,2,0,0
BRDA:20,2,1,0
BRDA:21,3,0,0
BRDA:21,3,1,0
BRDA:21,3,2,0
BRDA:22,4,0,0
BRDA:22,4,1,0
BRDA:23,5,0,0
BRDA:24,6,0,0
BRDA:29,7,0,0
BRDA:30,8,0,0
BRDA:31,9,0,0
BRDA:31,10,0,0
BRDA:31,10,1,0
BRDA:32,11,0,0
BRDA:32,12,0,0
BRDA:32,12,1,0
BRDA:34,13,0,0
BRDA:39,14,0,0
BRDA:39,15,0,0
BRDA:39,15,1,0
BRDA:39,15,2,0
BRDA:40,16,0,0
BRDA:46,17,0,0
BRDA:48,18,0,0
BRDA:48,19,0,0
BRDA:48,19,1,0
BRDA:53,20,0,0
BRDA:53,21,0,0
BRDA:53,21,1,0
BRDA:57,22,0,0
BRDA:57,22,1,0
BRDA:60,23,0,0
BRDA:60,23,1,0
BRDA:60,24,0,0
BRDA:60,24,1,0
BRDA:63,25,0,0
BRDA:63,25,1,0
BRDA:63,26,0,0
BRDA:63,26,1,0
BRDA:66,27,0,0
BRDA:75,28,0,0
BRDA:75,28,1,0
BRDA:75,29,0,0
BRDA:75,29,1,0
BRDA:76,30,0,0
BRDA:76,30,1,0
BRDA:76,31,0,0
BRDA:76,31,1,0
BRDA:77,32,0,0
BRDA:77,32,1,0
BRDA:77,33,0,0
BRDA:77,33,1,0
BRDA:78,34,0,0
BRDA:78,34,1,0
BRDA:79,35,0,0
BRDA:79,35,1,0
BRDA:81,36,0,0
BRDA:90,37,0,0
BRDA:90,38,0,0
BRDA:90,38,1,0
BRDA:90,38,2,0
BRDA:92,39,0,0
BRDA:97,40,0,0
BRDA:97,41,0,0
BRDA:97,41,1,0
BRDA:101,42,0,0
BRDA:105,43,0,0
BRDA:105,44,0,0
BRDA:105,44,1,0
BRDA:112,45,0,1
BRDA:113,46,0,1
BRDA:113,47,0,1
BRDA:113,47,1,0
BRDA:114,48,0,0
BRDA:115,49,0,0
BRDA:115,50,0,0
BRDA:115,50,1,0
BRDA:123,51,0,0
BRDA:124,52,0,0
BRF:83
BRH:6
end_of_record
TN:
SF:src/services/task-composer.ts
FN:31,(anonymous_0)
FN:38,(anonymous_1)
FN:45,useTaskComposer
FN:54,(anonymous_3)
FN:54,(anonymous_4)
FN:56,(anonymous_5)
FN:64,(anonymous_6)
FN:64,(anonymous_7)
FN:75,(anonymous_8)
FN:86,(anonymous_9)
FN:86,(anonymous_10)
FN:98,(anonymous_11)
FNF:12
FNH:9
FNDA:0,(anonymous_0)
FNDA:4,(anonymous_1)
FNDA:24,useTaskComposer
FNDA:10,(anonymous_3)
FNDA:10,(anonymous_4)
FNDA:1,(anonymous_5)
FNDA:0,(anonymous_6)
FNDA:0,(anonymous_7)
FNDA:6,(anonymous_8)
FNDA:3,(anonymous_9)
FNDA:3,(anonymous_10)
FNDA:7,(anonymous_11)
DA:1,1
DA:2,1
DA:31,1
DA:38,4
DA:45,1
DA:46,24
DA:47,24
DA:48,24
DA:49,24
DA:50,24
DA:51,24
DA:52,24
DA:54,24
DA:56,24
DA:57,1
DA:58,1
DA:59,1
DA:60,1
DA:61,1
DA:62,0
DA:63,0
DA:64,0
DA:66,0
DA:68,1
DA:70,1
DA:71,1
DA:75,24
DA:76,6
DA:77,5
DA:78,1
DA:79,1
DA:81,4
DA:82,4
DA:83,4
DA:84,4
DA:85,3
DA:86,3
DA:87,3
DA:88,3
DA:91,1
DA:93,4
DA:94,4
DA:98,24
DA:99,7
DA:100,6
DA:101,6
DA:102,6
DA:103,6
DA:104,5
DA:105,3
DA:106,3
DA:109,1
DA:111,6
DA:112,6
DA:116,24
LF:55
LH:51
BRDA:57,0,0,0
BRDA:57,1,0,1
BRDA:57,1,1,1
BRDA:59,2,0,1
BRDA:62,3,0,0
BRDA:62,4,0,0
BRDA:62,4,1,0
BRDA:62,4,2,0
BRDA:64,5,0,0
BRDA:64,6,0,0
BRDA:64,6,1,0
BRDA:64,7,0,0
BRDA:64,7,1,0
BRDA:66,8,0,0
BRDA:68,9,0,1
BRDA:71,10,0,1
BRDA:76,11,0,1
BRDA:76,12,0,6
BRDA:76,12,1,5
BRDA:77,13,0,1
BRDA:77,14,0,5
BRDA:77,14,1,4
BRDA:77,14,2,4
BRDA:78,15,0,1
BRDA:82,16,0,4
BRDA:85,17,0,3
BRDA:86,18,0,3
BRDA:86,18,1,0
BRDA:91,19,0,1
BRDA:94,20,0,4
BRDA:99,21,0,1
BRDA:99,22,0,7
BRDA:99,22,1,6
BRDA:101,23,0,6
BRDA:104,24,0,3
BRDA:104,25,0,5
BRDA:104,25,1,4
BRDA:109,26,0,1
BRDA:112,27,0,5
BRF:39
BRH:27
end_of_record
TN:
SF:src/services/task-repository.ts
FN:52,(anonymous_0)
FN:54,(anonymous_1)
FN:56,(anonymous_2)
FN:58,(anonymous_3)
FN:82,(anonymous_4)
FN:91,(anonymous_5)
FN:98,(anonymous_6)
FN:100,(anonymous_7)
FN:104,(anonymous_8)
FN:112,(anonymous_9)
FN:120,(anonymous_10)
FN:125,(anonymous_11)
FN:136,(anonymous_12)
FN:139,(anonymous_13)
FN:158,(anonymous_14)
FN:158,(anonymous_15)
FN:162,(anonymous_16)
FN:163,(anonymous_17)
FN:189,(anonymous_18)
FN:190,(anonymous_19)
FN:207,(anonymous_20)
FN:211,(anonymous_21)
FN:235,(anonymous_22)
FN:236,(anonymous_23)
FN:239,(anonymous_24)
FN:240,(anonymous_25)
FN:254,(anonymous_26)
FN:255,(anonymous_27)
FN:261,(anonymous_28)
FN:262,(anonymous_29)
FN:276,(anonymous_30)
FN:280,(anonymous_31)
FN:281,(anonymous_32)
FN:284,(anonymous_33)
FN:288,(anonymous_34)
FN:301,(anonymous_35)
FN:302,(anonymous_36)
FN:320,(anonymous_37)
FN:321,(anonymous_38)
FN:335,(anonymous_39)
FN:336,(anonymous_40)
FN:339,(anonymous_41)
FN:340,(anonymous_42)
FN:358,(anonymous_43)
FN:368,(anonymous_44)
FNF:45
FNH:38
FNDA:10,(anonymous_0)
FNDA:35,(anonymous_1)
FNDA:23,(anonymous_2)
FNDA:45,(anonymous_3)
FNDA:2,(anonymous_4)
FNDA:17,(anonymous_5)
FNDA:14,(anonymous_6)
FNDA:15,(anonymous_7)
FNDA:7,(anonymous_8)
FNDA:2,(anonymous_9)
FNDA:38,(anonymous_10)
FNDA:5,(anonymous_11)
FNDA:3,(anonymous_12)
FNDA:3,(anonymous_13)
FNDA:3,(anonymous_14)
FNDA:3,(anonymous_15)
FNDA:8,(anonymous_16)
FNDA:8,(anonymous_17)
FNDA:2,(anonymous_18)
FNDA:2,(anonymous_19)
FNDA:0,(anonymous_20)
FNDA:9,(anonymous_21)
FNDA:5,(anonymous_22)
FNDA:5,(anonymous_23)
FNDA:1,(anonymous_24)
FNDA:1,(anonymous_25)
FNDA:3,(anonymous_26)
FNDA:3,(anonymous_27)
FNDA:2,(anonymous_28)
FNDA:2,(anonymous_29)
FNDA:2,(anonymous_30)
FNDA:0,(anonymous_31)
FNDA:0,(anonymous_32)
FNDA:0,(anonymous_33)
FNDA:4,(anonymous_34)
FNDA:1,(anonymous_35)
FNDA:1,(anonymous_36)
FNDA:0,(anonymous_37)
FNDA:0,(anonymous_38)
FNDA:4,(anonymous_39)
FNDA:4,(anonymous_40)
FNDA:1,(anonymous_41)
FNDA:1,(anonymous_42)
FNDA:0,(anonymous_43)
FNDA:3,(anonymous_44)
DA:2,1
DA:52,10
DA:54,35
DA:56,23
DA:58,45
DA:82,2
DA:91,17
DA:97,1
DA:98,14
DA:101,15
DA:105,7
DA:109,7
DA:113,2
DA:117,2
DA:121,38
DA:122,38
DA:126,5
DA:127,5
DA:128,5
DA:132,5
DA:133,5
DA:134,5
DA:137,3
DA:138,3
DA:139,3
DA:140,3
DA:141,5
DA:142,5
DA:143,5
DA:144,3
DA:145,3
DA:146,3
DA:147,3
DA:151,3
DA:155,3
DA:158,3
DA:159,3
DA:163,8
DA:164,8
DA:165,8
DA:166,7
DA:176,7
DA:177,7
DA:178,7
DA:179,7
DA:183,7
DA:184,7
DA:185,7
DA:190,2
DA:191,2
DA:192,2
DA:193,1
DA:194,0
DA:195,0
DA:197,1
DA:198,1
DA:199,1
DA:203,1
DA:208,0
DA:212,9
DA:213,9
DA:214,9
DA:215,7
DA:216,7
DA:217,1
DA:221,1
DA:222,1
DA:223,1
DA:225,6
DA:226,6
DA:230,5
DA:231,5
DA:232,5
DA:236,5
DA:240,1
DA:241,1
DA:242,1
DA:243,1
DA:244,1
DA:245,1
DA:246,1
DA:247,1
DA:248,1
DA:250,0
DA:255,3
DA:256,4
DA:257,2
DA:262,2
DA:263,2
DA:264,2
DA:265,1
DA:266,1
DA:270,1
DA:271,1
DA:272,1
DA:277,2
DA:278,2
DA:281,0
DA:282,0
DA:283,0
DA:284,0
DA:289,4
DA:290,4
DA:291,4
DA:295,4
DA:296,4
DA:297,4
DA:302,1
DA:303,1
DA:304,1
DA:305,1
DA:306,1
DA:307,1
DA:308,1
DA:309,1
DA:311,0
DA:313,1
DA:314,1
DA:315,1
DA:316,1
DA:321,0
DA:322,0
DA:323,0
DA:324,0
DA:325,0
DA:326,0
DA:327,0
DA:328,0
DA:330,0
DA:331,0
DA:332,0
DA:336,4
DA:340,1
DA:341,1
DA:342,1
DA:343,1
DA:344,1
DA:345,1
DA:346,1
DA:347,1
DA:348,1
DA:349,1
DA:353,1
DA:354,1
DA:355,1
DA:359,0
DA:363,0
DA:364,0
DA:365,0
DA:369,3
LF:150
LH:126
BRDA:91,0,0,17
BRDA:92,1,0,0
BRDA:92,1,1,17
BRDA:122,2,0,35
BRDA:122,2,1,3
BRDA:125,3,0,5
BRDA:133,4,0,0
BRDA:141,5,0,0
BRDA:141,6,0,5
BRDA:141,6,1,5
BRDA:143,7,0,2
BRDA:149,8,0,0
BRDA:149,8,1,3
BRDA:162,9,0,8
BRDA:165,10,0,1
BRDA:165,11,0,8
BRDA:165,11,1,7
BRDA:177,12,0,1
BRDA:177,12,1,6
BRDA:178,13,0,0
BRDA:178,13,1,7
BRDA:181,14,0,2
BRDA:181,14,1,5
BRDA:184,15,0,0
BRDA:189,16,0,2
BRDA:192,17,0,1
BRDA:193,18,0,0
BRDA:198,19,0,0
BRDA:198,19,1,1
BRDA:214,20,0,2
BRDA:214,21,0,9
BRDA:214,21,1,3
BRDA:214,21,2,2
BRDA:216,22,0,1
BRDA:219,23,0,0
BRDA:219,23,1,1
BRDA:222,24,0,0
BRDA:231,25,0,0
BRDA:242,26,0,0
BRDA:244,27,0,1
BRDA:247,28,0,0
BRDA:264,29,0,1
BRDA:271,30,0,0
BRDA:288,31,0,1
BRDA:296,32,0,0
BRDA:304,33,0,0
BRDA:306,34,0,0
BRDA:308,35,0,1
BRDA:308,35,1,0
BRDA:308,36,0,1
BRDA:308,36,1,0
BRDA:315,37,0,0
BRDA:323,38,0,0
BRDA:326,39,0,0
BRDA:326,40,0,0
BRDA:326,40,1,0
BRDA:342,41,0,0
BRDA:342,42,0,1
BRDA:342,42,1,1
BRDA:344,43,0,0
BRDA:354,44,0,0
BRDA:361,45,0,0
BRDA:361,45,1,0
BRDA:364,46,0,0
BRDA:368,47,0,0
BRDA:368,48,0,2
BRF:66
BRH:35
end_of_record
TN:
SF:src/services/tasks.ts
FN:42,(anonymous_0)
FN:48,(anonymous_1)
FN:58,(anonymous_2)
FN:73,(anonymous_3)
FN:74,(anonymous_4)
FN:75,(anonymous_5)
FN:76,(anonymous_6)
FN:77,(anonymous_7)
FNF:8
FNH:1
FNDA:0,(anonymous_0)
FNDA:4,(anonymous_1)
FNDA:0,(anonymous_2)
FNDA:0,(anonymous_3)
FNDA:0,(anonymous_4)
FNDA:0,(anonymous_5)
FNDA:0,(anonymous_6)
FNDA:0,(anonymous_7)
DA:1,2
DA:4,2
DA:41,2
DA:42,0
DA:43,0
DA:44,0
DA:48,2
DA:49,4
DA:50,4
DA:51,4
DA:52,3
DA:53,3
DA:56,2
DA:58,2
DA:59,0
DA:60,0
DA:65,0
DA:66,0
DA:68,0
DA:69,0
DA:70,0
DA:72,2
DA:73,0
DA:74,0
DA:75,0
DA:76,0
DA:77,0
LF:27
LH:12
BRDA:4,0,0,2
BRDA:4,0,1,2
BRDA:48,1,0,0
BRDA:49,2,0,0
BRDA:51,3,0,1
BRDA:53,4,0,1
BRDA:53,4,1,2
BRDA:61,5,0,0
BRDA:61,5,1,0
BRDA:65,6,0,0
BRDA:69,7,0,0
BRDA:69,8,0,0
BRDA:69,8,1,0
BRDA:69,9,0,0
BRDA:69,9,1,0
BRDA:75,10,0,0
BRDA:75,10,1,0
BRDA:76,11,0,0
BRDA:76,11,1,0
BRDA:76,12,0,0
BRDA:76,12,1,0
BRDA:77,13,0,0
BRDA:77,13,1,0
BRDA:77,14,0,0
BRDA:77,14,1,0
BRF:25
BRH:5
end_of_record
